<?xml version="1.0" encoding="UTF-8"?>
<TestRun id="e42a66da-fb9f-4a1c-a8de-704cfdef056e" name="Davis@DAVIS-PC 2018-02-28 01:44:44" runUser="Davis-PC\Davis" xmlns="http://microsoft.com/schemas/VisualStudio/TeamTest/2010">
  <TestSettings name="Local" id="1720a554-5444-43b8-ac4c-8de435d5b1c9">
    <Description>Esta es la configuración de pruebas predeterminada para una ejecución de pruebas local.</Description>
    <Deployment enabled="false" runDeploymentRoot="Davis_DAVIS-PC 2018-02-28 01_44_44">
      <DeploymentItem filename="C:\Program Files\ComponentArt\UI Framework 2012 for .NET\assembly\wpf\core\ComponentArt.Win.UI.Navigation.dll" />
      <DeploymentItem filename="C:\Users\Davis\documents\visual studio 2010\Projects\PicoYPlaca\PicoYPlaca\bin\Debug\PicoYPlaca.exe" />
      <DeploymentItem filename="C:\Program Files\ComponentArt\UI Framework 2012 for .NET\assembly\wpf\core\ComponentArt.Win.UI.Common.dll" />
    </Deployment>
    <Execution>
      <TestTypeSpecific />
      <AgentRule name="Execution Agents">
      </AgentRule>
    </Execution>
  </TestSettings>
  <Times creation="2018-02-28T01:44:44.2212454-05:00" queuing="2018-02-28T01:44:44.4192567-05:00" start="2018-02-28T01:44:44.5272629-05:00" finish="2018-02-28T01:44:46.6893866-05:00" />
  <ResultSummary outcome="Failed">
    <Counters total="24" executed="24" passed="21" error="0" failed="3" timeout="0" aborted="0" inconclusive="0" passedButRunAborted="0" notRunnable="0" notExecuted="0" disconnected="0" warning="0" completed="0" inProgress="0" pending="0" />
  </ResultSummary>
  <TestDefinitions>
    <UnitTest name="TimeConstructorTest" storage="c:\users\davis\documents\visual studio 2010\projects\picoyplaca\picoplacatest\bin\debug\picoplacatest.dll" id="c689a220-8c8b-01b5-be0a-6f4025ccb33b">
      <Execution id="19eeddbe-4ef4-4597-9ef7-a4b2314abec8" />
      <TestMethod codeBase="C:/Users/Davis/Documents/Visual Studio 2010/Projects/PicoYPlaca/PicoPlacaTest/bin/Debug/PicoPlacaTest.DLL" adapterTypeName="Microsoft.VisualStudio.TestTools.TestTypes.Unit.UnitTestAdapter, Microsoft.VisualStudio.QualityTools.Tips.UnitTest.Adapter, Version=10.0.0.0, Culture=neutral, PublicKeyToken=b03f5f7f11d50a3a" className="PicoPlacaTest.TimeTest, PicoPlacaTest, Version=1.0.0.0, Culture=neutral, PublicKeyToken=null" name="TimeConstructorTest" />
    </UnitTest>
    <UnitTest name="getPicoPlacaDayOfPlateWhenDayisWednesday1Test" storage="c:\users\davis\documents\visual studio 2010\projects\picoyplaca\picoplacatest\bin\debug\picoplacatest.dll" id="f2e4a6dc-a64e-bf95-7a43-1311308f6220">
      <Execution id="1e565c1d-85ae-43a6-85c4-5543f929d5fa" />
      <TestMethod codeBase="C:/Users/Davis/Documents/Visual Studio 2010/Projects/PicoYPlaca/PicoPlacaTest/bin/Debug/PicoPlacaTest.DLL" adapterTypeName="Microsoft.VisualStudio.TestTools.TestTypes.Unit.UnitTestAdapter, Microsoft.VisualStudio.QualityTools.Tips.UnitTest.Adapter, Version=10.0.0.0, Culture=neutral, PublicKeyToken=b03f5f7f11d50a3a" className="PicoPlacaTest.VehicleTest, PicoPlacaTest, Version=1.0.0.0, Culture=neutral, PublicKeyToken=null" name="getPicoPlacaDayOfPlateWhenDayisWednesday1Test" />
    </UnitTest>
    <UnitTest name="getPlateTest" storage="c:\users\davis\documents\visual studio 2010\projects\picoyplaca\picoplacatest\bin\debug\picoplacatest.dll" id="9bc7919b-9f5b-8183-2912-3f4b59690929">
      <Execution id="ee05740a-3783-47ed-94d8-d15354ecfe23" />
      <TestMethod codeBase="C:/Users/Davis/Documents/Visual Studio 2010/Projects/PicoYPlaca/PicoPlacaTest/bin/Debug/PicoPlacaTest.DLL" adapterTypeName="Microsoft.VisualStudio.TestTools.TestTypes.Unit.UnitTestAdapter, Microsoft.VisualStudio.QualityTools.Tips.UnitTest.Adapter, Version=10.0.0.0, Culture=neutral, PublicKeyToken=b03f5f7f11d50a3a" className="PicoPlacaTest.VehicleTest, PicoPlacaTest, Version=1.0.0.0, Culture=neutral, PublicKeyToken=null" name="getPlateTest" />
    </UnitTest>
    <UnitTest name="getPicoPlacaDayOfPlateWhenDayisThursday2Test" storage="c:\users\davis\documents\visual studio 2010\projects\picoyplaca\picoplacatest\bin\debug\picoplacatest.dll" id="c172d27d-1725-8d45-ad4b-8b860c8ab8d1">
      <Execution id="713fa760-310b-43cf-8ef0-80c19a0ecd78" />
      <TestMethod codeBase="C:/Users/Davis/Documents/Visual Studio 2010/Projects/PicoYPlaca/PicoPlacaTest/bin/Debug/PicoPlacaTest.DLL" adapterTypeName="Microsoft.VisualStudio.TestTools.TestTypes.Unit.UnitTestAdapter, Microsoft.VisualStudio.QualityTools.Tips.UnitTest.Adapter, Version=10.0.0.0, Culture=neutral, PublicKeyToken=b03f5f7f11d50a3a" className="PicoPlacaTest.VehicleTest, PicoPlacaTest, Version=1.0.0.0, Culture=neutral, PublicKeyToken=null" name="getPicoPlacaDayOfPlateWhenDayisThursday2Test" />
    </UnitTest>
    <UnitTest name="getPicoPlacaDayOfPlateWhenDayisThursday1Test" storage="c:\users\davis\documents\visual studio 2010\projects\picoyplaca\picoplacatest\bin\debug\picoplacatest.dll" id="6b2daf42-7f54-6801-4994-17334ce69f02">
      <Execution id="0e95d036-e921-4fcd-b3f2-b9b6a53614c3" />
      <TestMethod codeBase="C:/Users/Davis/Documents/Visual Studio 2010/Projects/PicoYPlaca/PicoPlacaTest/bin/Debug/PicoPlacaTest.DLL" adapterTypeName="Microsoft.VisualStudio.TestTools.TestTypes.Unit.UnitTestAdapter, Microsoft.VisualStudio.QualityTools.Tips.UnitTest.Adapter, Version=10.0.0.0, Culture=neutral, PublicKeyToken=b03f5f7f11d50a3a" className="PicoPlacaTest.VehicleTest, PicoPlacaTest, Version=1.0.0.0, Culture=neutral, PublicKeyToken=null" name="getPicoPlacaDayOfPlateWhenDayisThursday1Test" />
    </UnitTest>
    <UnitTest name="getPicoPlacaDayOfPlateWhenDayisMondayTest" storage="c:\users\davis\documents\visual studio 2010\projects\picoyplaca\picoplacatest\bin\debug\picoplacatest.dll" id="2d1ff8ad-904e-0073-c064-21eb1807380c">
      <Execution id="3353ab4e-a66a-44c6-8228-7f08b489ae3c" />
      <TestMethod codeBase="C:/Users/Davis/Documents/Visual Studio 2010/Projects/PicoYPlaca/PicoPlacaTest/bin/Debug/PicoPlacaTest.DLL" adapterTypeName="Microsoft.VisualStudio.TestTools.TestTypes.Unit.UnitTestAdapter, Microsoft.VisualStudio.QualityTools.Tips.UnitTest.Adapter, Version=10.0.0.0, Culture=neutral, PublicKeyToken=b03f5f7f11d50a3a" className="PicoPlacaTest.VehicleTest, PicoPlacaTest, Version=1.0.0.0, Culture=neutral, PublicKeyToken=null" name="getPicoPlacaDayOfPlateWhenDayisMondayTest" />
    </UnitTest>
    <UnitTest name="getPicoPlacaDayOfPlateWhenDayisFriday2Test" storage="c:\users\davis\documents\visual studio 2010\projects\picoyplaca\picoplacatest\bin\debug\picoplacatest.dll" id="3d03e10e-d7c2-47cc-5052-8d45169888f5">
      <Execution id="757e4070-f571-4f46-98af-d42f9e2a977e" />
      <TestMethod codeBase="C:/Users/Davis/Documents/Visual Studio 2010/Projects/PicoYPlaca/PicoPlacaTest/bin/Debug/PicoPlacaTest.DLL" adapterTypeName="Microsoft.VisualStudio.TestTools.TestTypes.Unit.UnitTestAdapter, Microsoft.VisualStudio.QualityTools.Tips.UnitTest.Adapter, Version=10.0.0.0, Culture=neutral, PublicKeyToken=b03f5f7f11d50a3a" className="PicoPlacaTest.VehicleTest, PicoPlacaTest, Version=1.0.0.0, Culture=neutral, PublicKeyToken=null" name="getPicoPlacaDayOfPlateWhenDayisFriday2Test" />
    </UnitTest>
    <UnitTest name="hasCorrectFormatWhenIsCorrectTest" storage="c:\users\davis\documents\visual studio 2010\projects\picoyplaca\picoplacatest\bin\debug\picoplacatest.dll" id="ff122efc-5fef-0112-e34a-7da52c9b85d9">
      <Execution id="eab189d7-9d20-4920-b756-ba03db345e10" />
      <TestMethod codeBase="C:/Users/Davis/Documents/Visual Studio 2010/Projects/PicoYPlaca/PicoPlacaTest/bin/Debug/PicoPlacaTest.DLL" adapterTypeName="Microsoft.VisualStudio.TestTools.TestTypes.Unit.UnitTestAdapter, Microsoft.VisualStudio.QualityTools.Tips.UnitTest.Adapter, Version=10.0.0.0, Culture=neutral, PublicKeyToken=b03f5f7f11d50a3a" className="PicoPlacaTest.TimeTest, PicoPlacaTest, Version=1.0.0.0, Culture=neutral, PublicKeyToken=null" name="hasCorrectFormatWhenIsCorrectTest" />
    </UnitTest>
    <UnitTest name="verifyPlateTestWithRightFormat" storage="c:\users\davis\documents\visual studio 2010\projects\picoyplaca\picoplacatest\bin\debug\picoplacatest.dll" id="c891b938-1156-5e72-5902-b4e2ca087abf">
      <Execution id="e8b2f189-3f73-4abe-a374-7d2c446589f9" />
      <TestMethod codeBase="C:/Users/Davis/Documents/Visual Studio 2010/Projects/PicoYPlaca/PicoPlacaTest/bin/Debug/PicoPlacaTest.DLL" adapterTypeName="Microsoft.VisualStudio.TestTools.TestTypes.Unit.UnitTestAdapter, Microsoft.VisualStudio.QualityTools.Tips.UnitTest.Adapter, Version=10.0.0.0, Culture=neutral, PublicKeyToken=b03f5f7f11d50a3a" className="PicoPlacaTest.VehicleTest, PicoPlacaTest, Version=1.0.0.0, Culture=neutral, PublicKeyToken=null" name="verifyPlateTestWithRightFormat" />
    </UnitTest>
    <UnitTest name="checkTimeInIntervalsWhenTimeIsNotInAnyIntervalTest" storage="c:\users\davis\documents\visual studio 2010\projects\picoyplaca\picoplacatest\bin\debug\picoplacatest.dll" id="6c8df1ec-06c0-af4a-79e3-dc6ecb61ad1f">
      <Execution id="6e7fa45e-0d72-4944-bb84-84714be1547c" />
      <TestMethod codeBase="C:/Users/Davis/Documents/Visual Studio 2010/Projects/PicoYPlaca/PicoPlacaTest/bin/Debug/PicoPlacaTest.DLL" adapterTypeName="Microsoft.VisualStudio.TestTools.TestTypes.Unit.UnitTestAdapter, Microsoft.VisualStudio.QualityTools.Tips.UnitTest.Adapter, Version=10.0.0.0, Culture=neutral, PublicKeyToken=b03f5f7f11d50a3a" className="PicoPlacaTest.TimeTest, PicoPlacaTest, Version=1.0.0.0, Culture=neutral, PublicKeyToken=null" name="checkTimeInIntervalsWhenTimeIsNotInAnyIntervalTest" />
    </UnitTest>
    <UnitTest name="getPicoPlacaDayOfPlateWhenDayisMonday2Test" storage="c:\users\davis\documents\visual studio 2010\projects\picoyplaca\picoplacatest\bin\debug\picoplacatest.dll" id="a636e3ce-8cdf-eec8-1199-ad7cd4869e03">
      <Execution id="308b6a9f-6857-4831-a99c-3662ab7878a4" />
      <TestMethod codeBase="C:/Users/Davis/Documents/Visual Studio 2010/Projects/PicoYPlaca/PicoPlacaTest/bin/Debug/PicoPlacaTest.DLL" adapterTypeName="Microsoft.VisualStudio.TestTools.TestTypes.Unit.UnitTestAdapter, Microsoft.VisualStudio.QualityTools.Tips.UnitTest.Adapter, Version=10.0.0.0, Culture=neutral, PublicKeyToken=b03f5f7f11d50a3a" className="PicoPlacaTest.VehicleTest, PicoPlacaTest, Version=1.0.0.0, Culture=neutral, PublicKeyToken=null" name="getPicoPlacaDayOfPlateWhenDayisMonday2Test" />
    </UnitTest>
    <UnitTest name="getPicoPlacaDayOfPlateWhenDayisFriday1Test" storage="c:\users\davis\documents\visual studio 2010\projects\picoyplaca\picoplacatest\bin\debug\picoplacatest.dll" id="066ec1dd-c403-5641-211e-14f03715197e">
      <Execution id="14d45ee7-5bb0-4765-8fac-9242b825f43c" />
      <TestMethod codeBase="C:/Users/Davis/Documents/Visual Studio 2010/Projects/PicoYPlaca/PicoPlacaTest/bin/Debug/PicoPlacaTest.DLL" adapterTypeName="Microsoft.VisualStudio.TestTools.TestTypes.Unit.UnitTestAdapter, Microsoft.VisualStudio.QualityTools.Tips.UnitTest.Adapter, Version=10.0.0.0, Culture=neutral, PublicKeyToken=b03f5f7f11d50a3a" className="PicoPlacaTest.VehicleTest, PicoPlacaTest, Version=1.0.0.0, Culture=neutral, PublicKeyToken=null" name="getPicoPlacaDayOfPlateWhenDayisFriday1Test" />
    </UnitTest>
    <UnitTest name="getPicoPlacaDayOfPlateWhenDayisWednesday2Test" storage="c:\users\davis\documents\visual studio 2010\projects\picoyplaca\picoplacatest\bin\debug\picoplacatest.dll" id="5a91918a-c51f-2b31-07d7-443ffbf4b2e6">
      <Execution id="88a8d0cc-7a41-42a2-8e82-4928ab2b7d51" />
      <TestMethod codeBase="C:/Users/Davis/Documents/Visual Studio 2010/Projects/PicoYPlaca/PicoPlacaTest/bin/Debug/PicoPlacaTest.DLL" adapterTypeName="Microsoft.VisualStudio.TestTools.TestTypes.Unit.UnitTestAdapter, Microsoft.VisualStudio.QualityTools.Tips.UnitTest.Adapter, Version=10.0.0.0, Culture=neutral, PublicKeyToken=b03f5f7f11d50a3a" className="PicoPlacaTest.VehicleTest, PicoPlacaTest, Version=1.0.0.0, Culture=neutral, PublicKeyToken=null" name="getPicoPlacaDayOfPlateWhenDayisWednesday2Test" />
    </UnitTest>
    <UnitTest name="DateConstructorTest" storage="c:\users\davis\documents\visual studio 2010\projects\picoyplaca\picoplacatest\bin\debug\picoplacatest.dll" id="7c45eddb-b146-c3c1-aae9-d49646e3bdab">
      <Execution id="083d68cc-875f-4f16-b044-9de8d7086cca" />
      <TestMethod codeBase="C:/Users/Davis/Documents/Visual Studio 2010/Projects/PicoYPlaca/PicoPlacaTest/bin/Debug/PicoPlacaTest.DLL" adapterTypeName="Microsoft.VisualStudio.TestTools.TestTypes.Unit.UnitTestAdapter, Microsoft.VisualStudio.QualityTools.Tips.UnitTest.Adapter, Version=10.0.0.0, Culture=neutral, PublicKeyToken=b03f5f7f11d50a3a" className="PicoPlacaTest.DateTest, PicoPlacaTest, Version=1.0.0.0, Culture=neutral, PublicKeyToken=null" name="DateConstructorTest" />
    </UnitTest>
    <UnitTest name="hasCorrectFormatWhenIsNotCorrectTest" storage="c:\users\davis\documents\visual studio 2010\projects\picoyplaca\picoplacatest\bin\debug\picoplacatest.dll" id="a211ba70-35ec-e259-365b-14fe87d9a523">
      <Execution id="296c97c9-68ce-42d3-a204-de2cbad42402" />
      <TestMethod codeBase="C:/Users/Davis/Documents/Visual Studio 2010/Projects/PicoYPlaca/PicoPlacaTest/bin/Debug/PicoPlacaTest.DLL" adapterTypeName="Microsoft.VisualStudio.TestTools.TestTypes.Unit.UnitTestAdapter, Microsoft.VisualStudio.QualityTools.Tips.UnitTest.Adapter, Version=10.0.0.0, Culture=neutral, PublicKeyToken=b03f5f7f11d50a3a" className="PicoPlacaTest.TimeTest, PicoPlacaTest, Version=1.0.0.0, Culture=neutral, PublicKeyToken=null" name="hasCorrectFormatWhenIsNotCorrectTest" />
    </UnitTest>
    <UnitTest name="VehicleConstructorTest" storage="c:\users\davis\documents\visual studio 2010\projects\picoyplaca\picoplacatest\bin\debug\picoplacatest.dll" id="667db6a8-9899-5d57-117e-758449c0fd1e">
      <Execution id="27b55b02-022d-4b83-a044-173bf9dae6c5" />
      <TestMethod codeBase="C:/Users/Davis/Documents/Visual Studio 2010/Projects/PicoYPlaca/PicoPlacaTest/bin/Debug/PicoPlacaTest.DLL" adapterTypeName="Microsoft.VisualStudio.TestTools.TestTypes.Unit.UnitTestAdapter, Microsoft.VisualStudio.QualityTools.Tips.UnitTest.Adapter, Version=10.0.0.0, Culture=neutral, PublicKeyToken=b03f5f7f11d50a3a" className="PicoPlacaTest.VehicleTest, PicoPlacaTest, Version=1.0.0.0, Culture=neutral, PublicKeyToken=null" name="VehicleConstructorTest" />
    </UnitTest>
    <UnitTest name="checkTimeInIntervalsWhenTimeIsInInterval2Test" storage="c:\users\davis\documents\visual studio 2010\projects\picoyplaca\picoplacatest\bin\debug\picoplacatest.dll" id="7477e6a1-93af-227d-19e5-f30e34b27230">
      <Execution id="c8070d95-d965-4960-becf-5a707430ae7f" />
      <TestMethod codeBase="C:/Users/Davis/Documents/Visual Studio 2010/Projects/PicoYPlaca/PicoPlacaTest/bin/Debug/PicoPlacaTest.DLL" adapterTypeName="Microsoft.VisualStudio.TestTools.TestTypes.Unit.UnitTestAdapter, Microsoft.VisualStudio.QualityTools.Tips.UnitTest.Adapter, Version=10.0.0.0, Culture=neutral, PublicKeyToken=b03f5f7f11d50a3a" className="PicoPlacaTest.TimeTest, PicoPlacaTest, Version=1.0.0.0, Culture=neutral, PublicKeyToken=null" name="checkTimeInIntervalsWhenTimeIsInInterval2Test" />
    </UnitTest>
    <UnitTest name="verifyPlateTestWithWrongFormat" storage="c:\users\davis\documents\visual studio 2010\projects\picoyplaca\picoplacatest\bin\debug\picoplacatest.dll" id="0f98023c-16cc-edd9-effa-48857a91e141">
      <Execution id="417af74d-056e-40f6-befd-7f6567b0c7cf" />
      <TestMethod codeBase="C:/Users/Davis/Documents/Visual Studio 2010/Projects/PicoYPlaca/PicoPlacaTest/bin/Debug/PicoPlacaTest.DLL" adapterTypeName="Microsoft.VisualStudio.TestTools.TestTypes.Unit.UnitTestAdapter, Microsoft.VisualStudio.QualityTools.Tips.UnitTest.Adapter, Version=10.0.0.0, Culture=neutral, PublicKeyToken=b03f5f7f11d50a3a" className="PicoPlacaTest.VehicleTest, PicoPlacaTest, Version=1.0.0.0, Culture=neutral, PublicKeyToken=null" name="verifyPlateTestWithWrongFormat" />
    </UnitTest>
    <UnitTest name="getPicoPlacaDayOfPlateWhenDayisTuesdayTest" storage="c:\users\davis\documents\visual studio 2010\projects\picoyplaca\picoplacatest\bin\debug\picoplacatest.dll" id="b1195f37-acad-2bd4-6150-51b267e10b8e">
      <Execution id="1d348c81-7eae-4c90-9a7f-5ecfabcd68bb" />
      <TestMethod codeBase="C:/Users/Davis/Documents/Visual Studio 2010/Projects/PicoYPlaca/PicoPlacaTest/bin/Debug/PicoPlacaTest.DLL" adapterTypeName="Microsoft.VisualStudio.TestTools.TestTypes.Unit.UnitTestAdapter, Microsoft.VisualStudio.QualityTools.Tips.UnitTest.Adapter, Version=10.0.0.0, Culture=neutral, PublicKeyToken=b03f5f7f11d50a3a" className="PicoPlacaTest.VehicleTest, PicoPlacaTest, Version=1.0.0.0, Culture=neutral, PublicKeyToken=null" name="getPicoPlacaDayOfPlateWhenDayisTuesdayTest" />
    </UnitTest>
    <UnitTest name="checkTimeInIntervalsWhenTimeIsInInterval1Test" storage="c:\users\davis\documents\visual studio 2010\projects\picoyplaca\picoplacatest\bin\debug\picoplacatest.dll" id="b14be646-4889-bafb-827e-dab299e5f65f">
      <Execution id="69844ed4-ee70-4865-9e40-5e362c039477" />
      <TestMethod codeBase="C:/Users/Davis/Documents/Visual Studio 2010/Projects/PicoYPlaca/PicoPlacaTest/bin/Debug/PicoPlacaTest.DLL" adapterTypeName="Microsoft.VisualStudio.TestTools.TestTypes.Unit.UnitTestAdapter, Microsoft.VisualStudio.QualityTools.Tips.UnitTest.Adapter, Version=10.0.0.0, Culture=neutral, PublicKeyToken=b03f5f7f11d50a3a" className="PicoPlacaTest.TimeTest, PicoPlacaTest, Version=1.0.0.0, Culture=neutral, PublicKeyToken=null" name="checkTimeInIntervalsWhenTimeIsInInterval1Test" />
    </UnitTest>
    <UnitTest name="getDayOfTheWeekFromDateTest" storage="c:\users\davis\documents\visual studio 2010\projects\picoyplaca\picoplacatest\bin\debug\picoplacatest.dll" id="f481ecc7-e114-aea7-0081-11eb4f98100f">
      <Execution id="0305b6c1-cc33-4ac9-a35d-f660698ddc6b" />
      <TestMethod codeBase="C:/Users/Davis/Documents/Visual Studio 2010/Projects/PicoYPlaca/PicoPlacaTest/bin/Debug/PicoPlacaTest.DLL" adapterTypeName="Microsoft.VisualStudio.TestTools.TestTypes.Unit.UnitTestAdapter, Microsoft.VisualStudio.QualityTools.Tips.UnitTest.Adapter, Version=10.0.0.0, Culture=neutral, PublicKeyToken=b03f5f7f11d50a3a" className="PicoPlacaTest.DateTest, PicoPlacaTest, Version=1.0.0.0, Culture=neutral, PublicKeyToken=null" name="getDayOfTheWeekFromDateTest" />
    </UnitTest>
    <UnitTest name="PlateTest" storage="c:\users\davis\documents\visual studio 2010\projects\picoyplaca\picoplacatest\bin\debug\picoplacatest.dll" id="ba8bc033-c76e-637c-d4cf-49df988eb7fd">
      <Execution id="ba4b0621-fb4f-4188-939d-fa2621219f07" />
      <TestMethod codeBase="C:/Users/Davis/Documents/Visual Studio 2010/Projects/PicoYPlaca/PicoPlacaTest/bin/Debug/PicoPlacaTest.DLL" adapterTypeName="Microsoft.VisualStudio.TestTools.TestTypes.Unit.UnitTestAdapter, Microsoft.VisualStudio.QualityTools.Tips.UnitTest.Adapter, Version=10.0.0.0, Culture=neutral, PublicKeyToken=b03f5f7f11d50a3a" className="PicoPlacaTest.VehicleTest, PicoPlacaTest, Version=1.0.0.0, Culture=neutral, PublicKeyToken=null" name="PlateTest" />
    </UnitTest>
    <UnitTest name="getPicoPlacaDayOfPlateWhenDayisTuesday2Test" storage="c:\users\davis\documents\visual studio 2010\projects\picoyplaca\picoplacatest\bin\debug\picoplacatest.dll" id="d18c4972-fa94-6825-d72f-3596e80cebe2">
      <Execution id="2746499a-fe2e-4cd7-bd0d-36ec395ef520" />
      <TestMethod codeBase="C:/Users/Davis/Documents/Visual Studio 2010/Projects/PicoYPlaca/PicoPlacaTest/bin/Debug/PicoPlacaTest.DLL" adapterTypeName="Microsoft.VisualStudio.TestTools.TestTypes.Unit.UnitTestAdapter, Microsoft.VisualStudio.QualityTools.Tips.UnitTest.Adapter, Version=10.0.0.0, Culture=neutral, PublicKeyToken=b03f5f7f11d50a3a" className="PicoPlacaTest.VehicleTest, PicoPlacaTest, Version=1.0.0.0, Culture=neutral, PublicKeyToken=null" name="getPicoPlacaDayOfPlateWhenDayisTuesday2Test" />
    </UnitTest>
    <UnitTest name="getPicoPlacaDayOfPlateWhenPlateisIncorrectTest" storage="c:\users\davis\documents\visual studio 2010\projects\picoyplaca\picoplacatest\bin\debug\picoplacatest.dll" id="d0fd6fc2-5467-6a6e-dfa7-6b59a8e3cfa9">
      <Execution id="3c94776d-166e-4d86-b524-6d4828437770" />
      <TestMethod codeBase="C:/Users/Davis/Documents/Visual Studio 2010/Projects/PicoYPlaca/PicoPlacaTest/bin/Debug/PicoPlacaTest.DLL" adapterTypeName="Microsoft.VisualStudio.TestTools.TestTypes.Unit.UnitTestAdapter, Microsoft.VisualStudio.QualityTools.Tips.UnitTest.Adapter, Version=10.0.0.0, Culture=neutral, PublicKeyToken=b03f5f7f11d50a3a" className="PicoPlacaTest.VehicleTest, PicoPlacaTest, Version=1.0.0.0, Culture=neutral, PublicKeyToken=null" name="getPicoPlacaDayOfPlateWhenPlateisIncorrectTest" />
    </UnitTest>
  </TestDefinitions>
  <TestLists>
    <TestList name="Resultados que no están en la lista" id="8c84fa94-04c1-424b-9868-57a2d4851a1d" />
    <TestList name="Todos los resultados cargados" id="19431567-8539-422a-85d7-44ee4e166bda" />
  </TestLists>
  <TestEntries>
    <TestEntry testId="066ec1dd-c403-5641-211e-14f03715197e" executionId="14d45ee7-5bb0-4765-8fac-9242b825f43c" testListId="8c84fa94-04c1-424b-9868-57a2d4851a1d" />
    <TestEntry testId="0f98023c-16cc-edd9-effa-48857a91e141" executionId="417af74d-056e-40f6-befd-7f6567b0c7cf" testListId="8c84fa94-04c1-424b-9868-57a2d4851a1d" />
    <TestEntry testId="2d1ff8ad-904e-0073-c064-21eb1807380c" executionId="3353ab4e-a66a-44c6-8228-7f08b489ae3c" testListId="8c84fa94-04c1-424b-9868-57a2d4851a1d" />
    <TestEntry testId="3d03e10e-d7c2-47cc-5052-8d45169888f5" executionId="757e4070-f571-4f46-98af-d42f9e2a977e" testListId="8c84fa94-04c1-424b-9868-57a2d4851a1d" />
    <TestEntry testId="5a91918a-c51f-2b31-07d7-443ffbf4b2e6" executionId="88a8d0cc-7a41-42a2-8e82-4928ab2b7d51" testListId="8c84fa94-04c1-424b-9868-57a2d4851a1d" />
    <TestEntry testId="667db6a8-9899-5d57-117e-758449c0fd1e" executionId="27b55b02-022d-4b83-a044-173bf9dae6c5" testListId="8c84fa94-04c1-424b-9868-57a2d4851a1d" />
    <TestEntry testId="6b2daf42-7f54-6801-4994-17334ce69f02" executionId="0e95d036-e921-4fcd-b3f2-b9b6a53614c3" testListId="8c84fa94-04c1-424b-9868-57a2d4851a1d" />
    <TestEntry testId="6c8df1ec-06c0-af4a-79e3-dc6ecb61ad1f" executionId="6e7fa45e-0d72-4944-bb84-84714be1547c" testListId="8c84fa94-04c1-424b-9868-57a2d4851a1d" />
    <TestEntry testId="7477e6a1-93af-227d-19e5-f30e34b27230" executionId="c8070d95-d965-4960-becf-5a707430ae7f" testListId="8c84fa94-04c1-424b-9868-57a2d4851a1d" />
    <TestEntry testId="7c45eddb-b146-c3c1-aae9-d49646e3bdab" executionId="083d68cc-875f-4f16-b044-9de8d7086cca" testListId="8c84fa94-04c1-424b-9868-57a2d4851a1d" />
    <TestEntry testId="9bc7919b-9f5b-8183-2912-3f4b59690929" executionId="ee05740a-3783-47ed-94d8-d15354ecfe23" testListId="8c84fa94-04c1-424b-9868-57a2d4851a1d" />
    <TestEntry testId="a211ba70-35ec-e259-365b-14fe87d9a523" executionId="296c97c9-68ce-42d3-a204-de2cbad42402" testListId="8c84fa94-04c1-424b-9868-57a2d4851a1d" />
    <TestEntry testId="a636e3ce-8cdf-eec8-1199-ad7cd4869e03" executionId="308b6a9f-6857-4831-a99c-3662ab7878a4" testListId="8c84fa94-04c1-424b-9868-57a2d4851a1d" />
    <TestEntry testId="b1195f37-acad-2bd4-6150-51b267e10b8e" executionId="1d348c81-7eae-4c90-9a7f-5ecfabcd68bb" testListId="8c84fa94-04c1-424b-9868-57a2d4851a1d" />
    <TestEntry testId="b14be646-4889-bafb-827e-dab299e5f65f" executionId="69844ed4-ee70-4865-9e40-5e362c039477" testListId="8c84fa94-04c1-424b-9868-57a2d4851a1d" />
    <TestEntry testId="ba8bc033-c76e-637c-d4cf-49df988eb7fd" executionId="ba4b0621-fb4f-4188-939d-fa2621219f07" testListId="8c84fa94-04c1-424b-9868-57a2d4851a1d" />
    <TestEntry testId="c172d27d-1725-8d45-ad4b-8b860c8ab8d1" executionId="713fa760-310b-43cf-8ef0-80c19a0ecd78" testListId="8c84fa94-04c1-424b-9868-57a2d4851a1d" />
    <TestEntry testId="c689a220-8c8b-01b5-be0a-6f4025ccb33b" executionId="19eeddbe-4ef4-4597-9ef7-a4b2314abec8" testListId="8c84fa94-04c1-424b-9868-57a2d4851a1d" />
    <TestEntry testId="c891b938-1156-5e72-5902-b4e2ca087abf" executionId="e8b2f189-3f73-4abe-a374-7d2c446589f9" testListId="8c84fa94-04c1-424b-9868-57a2d4851a1d" />
    <TestEntry testId="d0fd6fc2-5467-6a6e-dfa7-6b59a8e3cfa9" executionId="3c94776d-166e-4d86-b524-6d4828437770" testListId="8c84fa94-04c1-424b-9868-57a2d4851a1d" />
    <TestEntry testId="d18c4972-fa94-6825-d72f-3596e80cebe2" executionId="2746499a-fe2e-4cd7-bd0d-36ec395ef520" testListId="8c84fa94-04c1-424b-9868-57a2d4851a1d" />
    <TestEntry testId="f2e4a6dc-a64e-bf95-7a43-1311308f6220" executionId="1e565c1d-85ae-43a6-85c4-5543f929d5fa" testListId="8c84fa94-04c1-424b-9868-57a2d4851a1d" />
    <TestEntry testId="f481ecc7-e114-aea7-0081-11eb4f98100f" executionId="0305b6c1-cc33-4ac9-a35d-f660698ddc6b" testListId="8c84fa94-04c1-424b-9868-57a2d4851a1d" />
    <TestEntry testId="ff122efc-5fef-0112-e34a-7da52c9b85d9" executionId="eab189d7-9d20-4920-b756-ba03db345e10" testListId="8c84fa94-04c1-424b-9868-57a2d4851a1d" />
  </TestEntries>
  <Results>
    <UnitTestResult executionId="14d45ee7-5bb0-4765-8fac-9242b825f43c" testId="066ec1dd-c403-5641-211e-14f03715197e" testName="getPicoPlacaDayOfPlateWhenDayisFriday1Test" computerName="DAVIS-PC" duration="00:00:00.0302939" startTime="2018-02-28T01:44:44.7642764-05:00" endTime="2018-02-28T01:44:45.6693282-05:00" testType="13cdc9d9-ddb5-4fa4-a97d-d965ccfc6d4b" outcome="Passed" testListId="8c84fa94-04c1-424b-9868-57a2d4851a1d" relativeResultsDirectory="14d45ee7-5bb0-4765-8fac-9242b825f43c">
    </UnitTestResult>
    <UnitTestResult executionId="417af74d-056e-40f6-befd-7f6567b0c7cf" testId="0f98023c-16cc-edd9-effa-48857a91e141" testName="verifyPlateTestWithWrongFormat" computerName="DAVIS-PC" duration="00:00:00.0278468" startTime="2018-02-28T01:44:45.7073304-05:00" endTime="2018-02-28T01:44:45.7453326-05:00" testType="13cdc9d9-ddb5-4fa4-a97d-d965ccfc6d4b" outcome="Passed" testListId="8c84fa94-04c1-424b-9868-57a2d4851a1d" relativeResultsDirectory="417af74d-056e-40f6-befd-7f6567b0c7cf">
    </UnitTestResult>
    <UnitTestResult executionId="3353ab4e-a66a-44c6-8228-7f08b489ae3c" testId="2d1ff8ad-904e-0073-c064-21eb1807380c" testName="getPicoPlacaDayOfPlateWhenDayisMondayTest" computerName="DAVIS-PC" duration="00:00:00.0297884" startTime="2018-02-28T01:44:45.7813346-05:00" endTime="2018-02-28T01:44:45.8153366-05:00" testType="13cdc9d9-ddb5-4fa4-a97d-d965ccfc6d4b" outcome="Passed" testListId="8c84fa94-04c1-424b-9868-57a2d4851a1d" relativeResultsDirectory="3353ab4e-a66a-44c6-8228-7f08b489ae3c">
    </UnitTestResult>
    <UnitTestResult executionId="757e4070-f571-4f46-98af-d42f9e2a977e" testId="3d03e10e-d7c2-47cc-5052-8d45169888f5" testName="getPicoPlacaDayOfPlateWhenDayisFriday2Test" computerName="DAVIS-PC" duration="00:00:00.0171811" startTime="2018-02-28T01:44:45.8503386-05:00" endTime="2018-02-28T01:44:45.8713398-05:00" testType="13cdc9d9-ddb5-4fa4-a97d-d965ccfc6d4b" outcome="Passed" testListId="8c84fa94-04c1-424b-9868-57a2d4851a1d" relativeResultsDirectory="757e4070-f571-4f46-98af-d42f9e2a977e">
    </UnitTestResult>
    <UnitTestResult executionId="88a8d0cc-7a41-42a2-8e82-4928ab2b7d51" testId="5a91918a-c51f-2b31-07d7-443ffbf4b2e6" testName="getPicoPlacaDayOfPlateWhenDayisWednesday2Test" computerName="DAVIS-PC" duration="00:00:00.0050603" startTime="2018-02-28T01:44:45.8773401-05:00" endTime="2018-02-28T01:44:45.8873407-05:00" testType="13cdc9d9-ddb5-4fa4-a97d-d965ccfc6d4b" outcome="Passed" testListId="8c84fa94-04c1-424b-9868-57a2d4851a1d" relativeResultsDirectory="88a8d0cc-7a41-42a2-8e82-4928ab2b7d51">
    </UnitTestResult>
    <UnitTestResult executionId="27b55b02-022d-4b83-a044-173bf9dae6c5" testId="667db6a8-9899-5d57-117e-758449c0fd1e" testName="VehicleConstructorTest" computerName="DAVIS-PC" duration="00:00:00.0047577" startTime="2018-02-28T01:44:45.8933410-05:00" endTime="2018-02-28T01:44:45.9113421-05:00" testType="13cdc9d9-ddb5-4fa4-a97d-d965ccfc6d4b" outcome="Passed" testListId="8c84fa94-04c1-424b-9868-57a2d4851a1d" relativeResultsDirectory="27b55b02-022d-4b83-a044-173bf9dae6c5">
    </UnitTestResult>
    <UnitTestResult executionId="0e95d036-e921-4fcd-b3f2-b9b6a53614c3" testId="6b2daf42-7f54-6801-4994-17334ce69f02" testName="getPicoPlacaDayOfPlateWhenDayisThursday1Test" computerName="DAVIS-PC" duration="00:00:00.0044390" startTime="2018-02-28T01:44:45.9233427-05:00" endTime="2018-02-28T01:44:45.9343434-05:00" testType="13cdc9d9-ddb5-4fa4-a97d-d965ccfc6d4b" outcome="Passed" testListId="8c84fa94-04c1-424b-9868-57a2d4851a1d" relativeResultsDirectory="0e95d036-e921-4fcd-b3f2-b9b6a53614c3">
    </UnitTestResult>
    <UnitTestResult executionId="6e7fa45e-0d72-4944-bb84-84714be1547c" testId="6c8df1ec-06c0-af4a-79e3-dc6ecb61ad1f" testName="checkTimeInIntervalsWhenTimeIsNotInAnyIntervalTest" computerName="DAVIS-PC" duration="00:00:00.1263248" startTime="2018-02-28T01:44:45.9473441-05:00" endTime="2018-02-28T01:44:46.1053532-05:00" testType="13cdc9d9-ddb5-4fa4-a97d-d965ccfc6d4b" outcome="Failed" testListId="8c84fa94-04c1-424b-9868-57a2d4851a1d" relativeResultsDirectory="6e7fa45e-0d72-4944-bb84-84714be1547c">
      <Output>
        <ErrorInfo>
          <Message>Error de Assert.AreEqual. Se esperaba &lt;True&gt;, pero es &lt;False&gt;. </Message>
          <StackTrace>   en PicoPlacaTest.TimeTest.checkTimeInIntervalsWhenTimeIsNotInAnyIntervalTest() en C:\Users\Davis\Documents\Visual Studio 2010\Projects\PicoYPlaca\PicoPlacaTest\TimeTest.cs:línea 102
</StackTrace>
        </ErrorInfo>
      </Output>
    </UnitTestResult>
    <UnitTestResult executionId="c8070d95-d965-4960-becf-5a707430ae7f" testId="7477e6a1-93af-227d-19e5-f30e34b27230" testName="checkTimeInIntervalsWhenTimeIsInInterval2Test" computerName="DAVIS-PC" duration="00:00:00.0131404" startTime="2018-02-28T01:44:46.1073533-05:00" endTime="2018-02-28T01:44:46.1303546-05:00" testType="13cdc9d9-ddb5-4fa4-a97d-d965ccfc6d4b" outcome="Failed" testListId="8c84fa94-04c1-424b-9868-57a2d4851a1d" relativeResultsDirectory="c8070d95-d965-4960-becf-5a707430ae7f">
      <Output>
        <ErrorInfo>
          <Message>Error de Assert.AreEqual. Se esperaba &lt;True&gt;, pero es &lt;False&gt;. </Message>
          <StackTrace>   en PicoPlacaTest.TimeTest.checkTimeInIntervalsWhenTimeIsInInterval2Test() en C:\Users\Davis\Documents\Visual Studio 2010\Projects\PicoYPlaca\PicoPlacaTest\TimeTest.cs:línea 117
</StackTrace>
        </ErrorInfo>
      </Output>
    </UnitTestResult>
    <UnitTestResult executionId="083d68cc-875f-4f16-b044-9de8d7086cca" testId="7c45eddb-b146-c3c1-aae9-d49646e3bdab" testName="DateConstructorTest" computerName="DAVIS-PC" duration="00:00:00.0063743" startTime="2018-02-28T01:44:46.1313546-05:00" endTime="2018-02-28T01:44:46.1433553-05:00" testType="13cdc9d9-ddb5-4fa4-a97d-d965ccfc6d4b" outcome="Passed" testListId="8c84fa94-04c1-424b-9868-57a2d4851a1d" relativeResultsDirectory="083d68cc-875f-4f16-b044-9de8d7086cca">
    </UnitTestResult>
    <UnitTestResult executionId="ee05740a-3783-47ed-94d8-d15354ecfe23" testId="9bc7919b-9f5b-8183-2912-3f4b59690929" testName="getPlateTest" computerName="DAVIS-PC" duration="00:00:00.0016169" startTime="2018-02-28T01:44:46.1483556-05:00" endTime="2018-02-28T01:44:46.1623564-05:00" testType="13cdc9d9-ddb5-4fa4-a97d-d965ccfc6d4b" outcome="Passed" testListId="8c84fa94-04c1-424b-9868-57a2d4851a1d" relativeResultsDirectory="ee05740a-3783-47ed-94d8-d15354ecfe23">
    </UnitTestResult>
    <UnitTestResult executionId="296c97c9-68ce-42d3-a204-de2cbad42402" testId="a211ba70-35ec-e259-365b-14fe87d9a523" testName="hasCorrectFormatWhenIsNotCorrectTest" computerName="DAVIS-PC" duration="00:00:00.0080273" startTime="2018-02-28T01:44:46.1663566-05:00" endTime="2018-02-28T01:44:46.2143594-05:00" testType="13cdc9d9-ddb5-4fa4-a97d-d965ccfc6d4b" outcome="Passed" testListId="8c84fa94-04c1-424b-9868-57a2d4851a1d" relativeResultsDirectory="296c97c9-68ce-42d3-a204-de2cbad42402">
    </UnitTestResult>
    <UnitTestResult executionId="308b6a9f-6857-4831-a99c-3662ab7878a4" testId="a636e3ce-8cdf-eec8-1199-ad7cd4869e03" testName="getPicoPlacaDayOfPlateWhenDayisMonday2Test" computerName="DAVIS-PC" duration="00:00:00.0067677" startTime="2018-02-28T01:44:46.2213598-05:00" endTime="2018-02-28T01:44:46.2433610-05:00" testType="13cdc9d9-ddb5-4fa4-a97d-d965ccfc6d4b" outcome="Passed" testListId="8c84fa94-04c1-424b-9868-57a2d4851a1d" relativeResultsDirectory="308b6a9f-6857-4831-a99c-3662ab7878a4">
    </UnitTestResult>
    <UnitTestResult executionId="1d348c81-7eae-4c90-9a7f-5ecfabcd68bb" testId="b1195f37-acad-2bd4-6150-51b267e10b8e" testName="getPicoPlacaDayOfPlateWhenDayisTuesdayTest" computerName="DAVIS-PC" duration="00:00:00.0052171" startTime="2018-02-28T01:44:46.2503614-05:00" endTime="2018-02-28T01:44:46.2603620-05:00" testType="13cdc9d9-ddb5-4fa4-a97d-d965ccfc6d4b" outcome="Passed" testListId="8c84fa94-04c1-424b-9868-57a2d4851a1d" relativeResultsDirectory="1d348c81-7eae-4c90-9a7f-5ecfabcd68bb">
    </UnitTestResult>
    <UnitTestResult executionId="69844ed4-ee70-4865-9e40-5e362c039477" testId="b14be646-4889-bafb-827e-dab299e5f65f" testName="checkTimeInIntervalsWhenTimeIsInInterval1Test" computerName="DAVIS-PC" duration="00:00:00.0066204" startTime="2018-02-28T01:44:46.2663624-05:00" endTime="2018-02-28T01:44:46.2863635-05:00" testType="13cdc9d9-ddb5-4fa4-a97d-d965ccfc6d4b" outcome="Failed" testListId="8c84fa94-04c1-424b-9868-57a2d4851a1d" relativeResultsDirectory="69844ed4-ee70-4865-9e40-5e362c039477">
      <Output>
        <ErrorInfo>
          <Message>Error de Assert.AreEqual. Se esperaba &lt;True&gt;, pero es &lt;False&gt;. </Message>
          <StackTrace>   en PicoPlacaTest.TimeTest.checkTimeInIntervalsWhenTimeIsInInterval1Test() en C:\Users\Davis\Documents\Visual Studio 2010\Projects\PicoYPlaca\PicoPlacaTest\TimeTest.cs:línea 87
</StackTrace>
        </ErrorInfo>
      </Output>
    </UnitTestResult>
    <UnitTestResult executionId="ba4b0621-fb4f-4188-939d-fa2621219f07" testId="ba8bc033-c76e-637c-d4cf-49df988eb7fd" testName="PlateTest" computerName="DAVIS-PC" duration="00:00:00.0075106" startTime="2018-02-28T01:44:46.2983642-05:00" endTime="2018-02-28T01:44:46.3213655-05:00" testType="13cdc9d9-ddb5-4fa4-a97d-d965ccfc6d4b" outcome="Passed" testListId="8c84fa94-04c1-424b-9868-57a2d4851a1d" relativeResultsDirectory="ba4b0621-fb4f-4188-939d-fa2621219f07">
    </UnitTestResult>
    <UnitTestResult executionId="713fa760-310b-43cf-8ef0-80c19a0ecd78" testId="c172d27d-1725-8d45-ad4b-8b860c8ab8d1" testName="getPicoPlacaDayOfPlateWhenDayisThursday2Test" computerName="DAVIS-PC" duration="00:00:00.0058276" startTime="2018-02-28T01:44:46.3373664-05:00" endTime="2018-02-28T01:44:46.3583676-05:00" testType="13cdc9d9-ddb5-4fa4-a97d-d965ccfc6d4b" outcome="Passed" testListId="8c84fa94-04c1-424b-9868-57a2d4851a1d" relativeResultsDirectory="713fa760-310b-43cf-8ef0-80c19a0ecd78">
    </UnitTestResult>
    <UnitTestResult executionId="19eeddbe-4ef4-4597-9ef7-a4b2314abec8" testId="c689a220-8c8b-01b5-be0a-6f4025ccb33b" testName="TimeConstructorTest" computerName="DAVIS-PC" duration="00:00:00.0070365" startTime="2018-02-28T01:44:46.3633679-05:00" endTime="2018-02-28T01:44:46.3743685-05:00" testType="13cdc9d9-ddb5-4fa4-a97d-d965ccfc6d4b" outcome="Passed" testListId="8c84fa94-04c1-424b-9868-57a2d4851a1d" relativeResultsDirectory="19eeddbe-4ef4-4597-9ef7-a4b2314abec8">
    </UnitTestResult>
    <UnitTestResult executionId="e8b2f189-3f73-4abe-a374-7d2c446589f9" testId="c891b938-1156-5e72-5902-b4e2ca087abf" testName="verifyPlateTestWithRightFormat" computerName="DAVIS-PC" duration="00:00:00.0049263" startTime="2018-02-28T01:44:46.3783688-05:00" endTime="2018-02-28T01:44:46.3873693-05:00" testType="13cdc9d9-ddb5-4fa4-a97d-d965ccfc6d4b" outcome="Passed" testListId="8c84fa94-04c1-424b-9868-57a2d4851a1d" relativeResultsDirectory="e8b2f189-3f73-4abe-a374-7d2c446589f9">
    </UnitTestResult>
    <UnitTestResult executionId="3c94776d-166e-4d86-b524-6d4828437770" testId="d0fd6fc2-5467-6a6e-dfa7-6b59a8e3cfa9" testName="getPicoPlacaDayOfPlateWhenPlateisIncorrectTest" computerName="DAVIS-PC" duration="00:00:00.0014515" startTime="2018-02-28T01:44:46.4013701-05:00" endTime="2018-02-28T01:44:46.4153709-05:00" testType="13cdc9d9-ddb5-4fa4-a97d-d965ccfc6d4b" outcome="Passed" testListId="8c84fa94-04c1-424b-9868-57a2d4851a1d" relativeResultsDirectory="3c94776d-166e-4d86-b524-6d4828437770">
    </UnitTestResult>
    <UnitTestResult executionId="2746499a-fe2e-4cd7-bd0d-36ec395ef520" testId="d18c4972-fa94-6825-d72f-3596e80cebe2" testName="getPicoPlacaDayOfPlateWhenDayisTuesday2Test" computerName="DAVIS-PC" duration="00:00:00.0071608" startTime="2018-02-28T01:44:46.4163709-05:00" endTime="2018-02-28T01:44:46.4353720-05:00" testType="13cdc9d9-ddb5-4fa4-a97d-d965ccfc6d4b" outcome="Passed" testListId="8c84fa94-04c1-424b-9868-57a2d4851a1d" relativeResultsDirectory="2746499a-fe2e-4cd7-bd0d-36ec395ef520">
    </UnitTestResult>
    <UnitTestResult executionId="1e565c1d-85ae-43a6-85c4-5543f929d5fa" testId="f2e4a6dc-a64e-bf95-7a43-1311308f6220" testName="getPicoPlacaDayOfPlateWhenDayisWednesday1Test" computerName="DAVIS-PC" duration="00:00:00.0054695" startTime="2018-02-28T01:44:46.4393723-05:00" endTime="2018-02-28T01:44:46.4503729-05:00" testType="13cdc9d9-ddb5-4fa4-a97d-d965ccfc6d4b" outcome="Passed" testListId="8c84fa94-04c1-424b-9868-57a2d4851a1d" relativeResultsDirectory="1e565c1d-85ae-43a6-85c4-5543f929d5fa">
    </UnitTestResult>
    <UnitTestResult executionId="0305b6c1-cc33-4ac9-a35d-f660698ddc6b" testId="f481ecc7-e114-aea7-0081-11eb4f98100f" testName="getDayOfTheWeekFromDateTest" computerName="DAVIS-PC" duration="00:00:00.0054604" startTime="2018-02-28T01:44:46.4813747-05:00" endTime="2018-02-28T01:44:46.5093763-05:00" testType="13cdc9d9-ddb5-4fa4-a97d-d965ccfc6d4b" outcome="Passed" testListId="8c84fa94-04c1-424b-9868-57a2d4851a1d" relativeResultsDirectory="0305b6c1-cc33-4ac9-a35d-f660698ddc6b">
    </UnitTestResult>
    <UnitTestResult executionId="eab189d7-9d20-4920-b756-ba03db345e10" testId="ff122efc-5fef-0112-e34a-7da52c9b85d9" testName="hasCorrectFormatWhenIsCorrectTest" computerName="DAVIS-PC" duration="00:00:00.0072799" startTime="2018-02-28T01:44:46.5153766-05:00" endTime="2018-02-28T01:44:46.5353777-05:00" testType="13cdc9d9-ddb5-4fa4-a97d-d965ccfc6d4b" outcome="Passed" testListId="8c84fa94-04c1-424b-9868-57a2d4851a1d" relativeResultsDirectory="eab189d7-9d20-4920-b756-ba03db345e10">
    </UnitTestResult>
  </Results>
</TestRun>