<?xml version="1.0" encoding="UTF-8"?>
<TestRun id="56cd87de-5b99-4da3-8309-acd8cac36ba7" name="Davis@DAVIS-PC 2018-02-28 02:34:27" runUser="Davis-PC\Davis" xmlns="http://microsoft.com/schemas/VisualStudio/TeamTest/2010">
  <TestSettings name="Local" id="1720a554-5444-43b8-ac4c-8de435d5b1c9">
    <Description>Esta es la configuración de pruebas predeterminada para una ejecución de pruebas local.</Description>
    <Deployment enabled="false" runDeploymentRoot="Davis_DAVIS-PC 2018-02-28 02_34_27">
      <DeploymentItem filename="C:\Program Files\ComponentArt\UI Framework 2012 for .NET\assembly\wpf\core\ComponentArt.Win.UI.Navigation.dll" />
      <DeploymentItem filename="C:\Users\Davis\documents\visual studio 2010\Projects\PicoYPlaca\PicoYPlaca\bin\Debug\PicoYPlaca.exe" />
      <DeploymentItem filename="C:\Program Files\ComponentArt\UI Framework 2012 for .NET\assembly\wpf\core\ComponentArt.Win.UI.Common.dll" />
    </Deployment>
    <Execution>
      <TestTypeSpecific />
      <AgentRule name="Execution Agents">
      </AgentRule>
    </Execution>
  </TestSettings>
  <Times creation="2018-02-28T02:34:27.9949075-05:00" queuing="2018-02-28T02:34:28.1539166-05:00" start="2018-02-28T02:34:28.2119199-05:00" finish="2018-02-28T02:34:30.4170460-05:00" />
  <ResultSummary outcome="Completed">
    <Counters total="27" executed="27" passed="27" error="0" failed="0" timeout="0" aborted="0" inconclusive="0" passedButRunAborted="0" notRunnable="0" notExecuted="0" disconnected="0" warning="0" completed="0" inProgress="0" pending="0" />
  </ResultSummary>
  <TestDefinitions>
    <UnitTest name="checkTimeInIntervalsWhenTimeIsInInterval2Test" storage="c:\users\davis\documents\visual studio 2010\projects\picoyplaca\picoplacatest\bin\debug\picoplacatest.dll" id="7477e6a1-93af-227d-19e5-f30e34b27230">
      <Execution id="444286a9-2fcb-48ce-b019-3923848a219a" />
      <TestMethod codeBase="C:/Users/Davis/Documents/Visual Studio 2010/Projects/PicoYPlaca/PicoPlacaTest/bin/Debug/PicoPlacaTest.DLL" adapterTypeName="Microsoft.VisualStudio.TestTools.TestTypes.Unit.UnitTestAdapter, Microsoft.VisualStudio.QualityTools.Tips.UnitTest.Adapter, Version=10.0.0.0, Culture=neutral, PublicKeyToken=b03f5f7f11d50a3a" className="PicoPlacaTest.TimeTest, PicoPlacaTest, Version=1.0.0.0, Culture=neutral, PublicKeyToken=null" name="checkTimeInIntervalsWhenTimeIsInInterval2Test" />
    </UnitTest>
    <UnitTest name="VehicleConstructorTest" storage="c:\users\davis\documents\visual studio 2010\projects\picoyplaca\picoplacatest\bin\debug\picoplacatest.dll" id="667db6a8-9899-5d57-117e-758449c0fd1e">
      <Execution id="9d88d69e-b48c-4d2d-ad90-3cbc3279eb2b" />
      <TestMethod codeBase="C:/Users/Davis/Documents/Visual Studio 2010/Projects/PicoYPlaca/PicoPlacaTest/bin/Debug/PicoPlacaTest.DLL" adapterTypeName="Microsoft.VisualStudio.TestTools.TestTypes.Unit.UnitTestAdapter, Microsoft.VisualStudio.QualityTools.Tips.UnitTest.Adapter, Version=10.0.0.0, Culture=neutral, PublicKeyToken=b03f5f7f11d50a3a" className="PicoPlacaTest.VehicleTest, PicoPlacaTest, Version=1.0.0.0, Culture=neutral, PublicKeyToken=null" name="VehicleConstructorTest" />
    </UnitTest>
    <UnitTest name="getPicoPlacaDayOfPlateWhenDayisTuesday2Test" storage="c:\users\davis\documents\visual studio 2010\projects\picoyplaca\picoplacatest\bin\debug\picoplacatest.dll" id="d18c4972-fa94-6825-d72f-3596e80cebe2">
      <Execution id="958a0445-1ae1-412b-ab27-d1fd0b24941d" />
      <TestMethod codeBase="C:/Users/Davis/Documents/Visual Studio 2010/Projects/PicoYPlaca/PicoPlacaTest/bin/Debug/PicoPlacaTest.DLL" adapterTypeName="Microsoft.VisualStudio.TestTools.TestTypes.Unit.UnitTestAdapter, Microsoft.VisualStudio.QualityTools.Tips.UnitTest.Adapter, Version=10.0.0.0, Culture=neutral, PublicKeyToken=b03f5f7f11d50a3a" className="PicoPlacaTest.VehicleTest, PicoPlacaTest, Version=1.0.0.0, Culture=neutral, PublicKeyToken=null" name="getPicoPlacaDayOfPlateWhenDayisTuesday2Test" />
    </UnitTest>
    <UnitTest name="canBeOnRoadTestWhenIsNotTheDay" storage="c:\users\davis\documents\visual studio 2010\projects\picoyplaca\picoplacatest\bin\debug\picoplacatest.dll" id="9d0e6040-f3ee-5e27-e05e-3474f92399c9">
      <Execution id="15bd7bc5-c8a2-4b53-bb85-0cc1d1f5a6c6" />
      <TestMethod codeBase="C:/Users/Davis/Documents/Visual Studio 2010/Projects/PicoYPlaca/PicoPlacaTest/bin/Debug/PicoPlacaTest.DLL" adapterTypeName="Microsoft.VisualStudio.TestTools.TestTypes.Unit.UnitTestAdapter, Microsoft.VisualStudio.QualityTools.Tips.UnitTest.Adapter, Version=10.0.0.0, Culture=neutral, PublicKeyToken=b03f5f7f11d50a3a" className="PicoPlacaTest.ValidationTest, PicoPlacaTest, Version=1.0.0.0, Culture=neutral, PublicKeyToken=null" name="canBeOnRoadTestWhenIsNotTheDay" />
    </UnitTest>
    <UnitTest name="getDayOfTheWeekFromDateTest" storage="c:\users\davis\documents\visual studio 2010\projects\picoyplaca\picoplacatest\bin\debug\picoplacatest.dll" id="f481ecc7-e114-aea7-0081-11eb4f98100f">
      <Execution id="90fd2919-2ac8-4062-864b-07d47681cb6c" />
      <TestMethod codeBase="C:/Users/Davis/Documents/Visual Studio 2010/Projects/PicoYPlaca/PicoPlacaTest/bin/Debug/PicoPlacaTest.DLL" adapterTypeName="Microsoft.VisualStudio.TestTools.TestTypes.Unit.UnitTestAdapter, Microsoft.VisualStudio.QualityTools.Tips.UnitTest.Adapter, Version=10.0.0.0, Culture=neutral, PublicKeyToken=b03f5f7f11d50a3a" className="PicoPlacaTest.DateTest, PicoPlacaTest, Version=1.0.0.0, Culture=neutral, PublicKeyToken=null" name="getDayOfTheWeekFromDateTest" />
    </UnitTest>
    <UnitTest name="getPicoPlacaDayOfPlateWhenPlateisIncorrectTest" storage="c:\users\davis\documents\visual studio 2010\projects\picoyplaca\picoplacatest\bin\debug\picoplacatest.dll" id="d0fd6fc2-5467-6a6e-dfa7-6b59a8e3cfa9">
      <Execution id="b1076d6f-381a-42f5-a396-3da31027cfc9" />
      <TestMethod codeBase="C:/Users/Davis/Documents/Visual Studio 2010/Projects/PicoYPlaca/PicoPlacaTest/bin/Debug/PicoPlacaTest.DLL" adapterTypeName="Microsoft.VisualStudio.TestTools.TestTypes.Unit.UnitTestAdapter, Microsoft.VisualStudio.QualityTools.Tips.UnitTest.Adapter, Version=10.0.0.0, Culture=neutral, PublicKeyToken=b03f5f7f11d50a3a" className="PicoPlacaTest.VehicleTest, PicoPlacaTest, Version=1.0.0.0, Culture=neutral, PublicKeyToken=null" name="getPicoPlacaDayOfPlateWhenPlateisIncorrectTest" />
    </UnitTest>
    <UnitTest name="getPicoPlacaDayOfPlateWhenDayisThursday1Test" storage="c:\users\davis\documents\visual studio 2010\projects\picoyplaca\picoplacatest\bin\debug\picoplacatest.dll" id="6b2daf42-7f54-6801-4994-17334ce69f02">
      <Execution id="15bafa3e-8b93-4808-af66-d39cc9e870d9" />
      <TestMethod codeBase="C:/Users/Davis/Documents/Visual Studio 2010/Projects/PicoYPlaca/PicoPlacaTest/bin/Debug/PicoPlacaTest.DLL" adapterTypeName="Microsoft.VisualStudio.TestTools.TestTypes.Unit.UnitTestAdapter, Microsoft.VisualStudio.QualityTools.Tips.UnitTest.Adapter, Version=10.0.0.0, Culture=neutral, PublicKeyToken=b03f5f7f11d50a3a" className="PicoPlacaTest.VehicleTest, PicoPlacaTest, Version=1.0.0.0, Culture=neutral, PublicKeyToken=null" name="getPicoPlacaDayOfPlateWhenDayisThursday1Test" />
    </UnitTest>
    <UnitTest name="verifyPlateTestWithRightFormat" storage="c:\users\davis\documents\visual studio 2010\projects\picoyplaca\picoplacatest\bin\debug\picoplacatest.dll" id="c891b938-1156-5e72-5902-b4e2ca087abf">
      <Execution id="50f531ec-0ff5-440f-81e1-d541e38b44a6" />
      <TestMethod codeBase="C:/Users/Davis/Documents/Visual Studio 2010/Projects/PicoYPlaca/PicoPlacaTest/bin/Debug/PicoPlacaTest.DLL" adapterTypeName="Microsoft.VisualStudio.TestTools.TestTypes.Unit.UnitTestAdapter, Microsoft.VisualStudio.QualityTools.Tips.UnitTest.Adapter, Version=10.0.0.0, Culture=neutral, PublicKeyToken=b03f5f7f11d50a3a" className="PicoPlacaTest.VehicleTest, PicoPlacaTest, Version=1.0.0.0, Culture=neutral, PublicKeyToken=null" name="verifyPlateTestWithRightFormat" />
    </UnitTest>
    <UnitTest name="checkTimeInIntervalsWhenTimeIsNotInAnyIntervalTest" storage="c:\users\davis\documents\visual studio 2010\projects\picoyplaca\picoplacatest\bin\debug\picoplacatest.dll" id="6c8df1ec-06c0-af4a-79e3-dc6ecb61ad1f">
      <Execution id="4bf381b2-3709-4e03-87b3-273884ecead2" />
      <TestMethod codeBase="C:/Users/Davis/Documents/Visual Studio 2010/Projects/PicoYPlaca/PicoPlacaTest/bin/Debug/PicoPlacaTest.DLL" adapterTypeName="Microsoft.VisualStudio.TestTools.TestTypes.Unit.UnitTestAdapter, Microsoft.VisualStudio.QualityTools.Tips.UnitTest.Adapter, Version=10.0.0.0, Culture=neutral, PublicKeyToken=b03f5f7f11d50a3a" className="PicoPlacaTest.TimeTest, PicoPlacaTest, Version=1.0.0.0, Culture=neutral, PublicKeyToken=null" name="checkTimeInIntervalsWhenTimeIsNotInAnyIntervalTest" />
    </UnitTest>
    <UnitTest name="getPicoPlacaDayOfPlateWhenDayisMonday2Test" storage="c:\users\davis\documents\visual studio 2010\projects\picoyplaca\picoplacatest\bin\debug\picoplacatest.dll" id="a636e3ce-8cdf-eec8-1199-ad7cd4869e03">
      <Execution id="918354fd-b12e-4bd6-9cc9-d1bbdd34579a" />
      <TestMethod codeBase="C:/Users/Davis/Documents/Visual Studio 2010/Projects/PicoYPlaca/PicoPlacaTest/bin/Debug/PicoPlacaTest.DLL" adapterTypeName="Microsoft.VisualStudio.TestTools.TestTypes.Unit.UnitTestAdapter, Microsoft.VisualStudio.QualityTools.Tips.UnitTest.Adapter, Version=10.0.0.0, Culture=neutral, PublicKeyToken=b03f5f7f11d50a3a" className="PicoPlacaTest.VehicleTest, PicoPlacaTest, Version=1.0.0.0, Culture=neutral, PublicKeyToken=null" name="getPicoPlacaDayOfPlateWhenDayisMonday2Test" />
    </UnitTest>
    <UnitTest name="PlateTest" storage="c:\users\davis\documents\visual studio 2010\projects\picoyplaca\picoplacatest\bin\debug\picoplacatest.dll" id="ba8bc033-c76e-637c-d4cf-49df988eb7fd">
      <Execution id="cc6e3906-5ba3-448b-b3ff-368972619050" />
      <TestMethod codeBase="C:/Users/Davis/Documents/Visual Studio 2010/Projects/PicoYPlaca/PicoPlacaTest/bin/Debug/PicoPlacaTest.DLL" adapterTypeName="Microsoft.VisualStudio.TestTools.TestTypes.Unit.UnitTestAdapter, Microsoft.VisualStudio.QualityTools.Tips.UnitTest.Adapter, Version=10.0.0.0, Culture=neutral, PublicKeyToken=b03f5f7f11d50a3a" className="PicoPlacaTest.VehicleTest, PicoPlacaTest, Version=1.0.0.0, Culture=neutral, PublicKeyToken=null" name="PlateTest" />
    </UnitTest>
    <UnitTest name="DateConstructorTest" storage="c:\users\davis\documents\visual studio 2010\projects\picoyplaca\picoplacatest\bin\debug\picoplacatest.dll" id="7c45eddb-b146-c3c1-aae9-d49646e3bdab">
      <Execution id="f4a8b73c-2f06-40c8-b843-c64ce435e55b" />
      <TestMethod codeBase="C:/Users/Davis/Documents/Visual Studio 2010/Projects/PicoYPlaca/PicoPlacaTest/bin/Debug/PicoPlacaTest.DLL" adapterTypeName="Microsoft.VisualStudio.TestTools.TestTypes.Unit.UnitTestAdapter, Microsoft.VisualStudio.QualityTools.Tips.UnitTest.Adapter, Version=10.0.0.0, Culture=neutral, PublicKeyToken=b03f5f7f11d50a3a" className="PicoPlacaTest.DateTest, PicoPlacaTest, Version=1.0.0.0, Culture=neutral, PublicKeyToken=null" name="DateConstructorTest" />
    </UnitTest>
    <UnitTest name="checkTimeInIntervalsWhenTimeIsInInterval1Test" storage="c:\users\davis\documents\visual studio 2010\projects\picoyplaca\picoplacatest\bin\debug\picoplacatest.dll" id="b14be646-4889-bafb-827e-dab299e5f65f">
      <Execution id="3bb651ce-bf27-4237-a29d-da7527f89aae" />
      <TestMethod codeBase="C:/Users/Davis/Documents/Visual Studio 2010/Projects/PicoYPlaca/PicoPlacaTest/bin/Debug/PicoPlacaTest.DLL" adapterTypeName="Microsoft.VisualStudio.TestTools.TestTypes.Unit.UnitTestAdapter, Microsoft.VisualStudio.QualityTools.Tips.UnitTest.Adapter, Version=10.0.0.0, Culture=neutral, PublicKeyToken=b03f5f7f11d50a3a" className="PicoPlacaTest.TimeTest, PicoPlacaTest, Version=1.0.0.0, Culture=neutral, PublicKeyToken=null" name="checkTimeInIntervalsWhenTimeIsInInterval1Test" />
    </UnitTest>
    <UnitTest name="canBeOnRoadWhenIsOnDayAndInWronHourTest" storage="c:\users\davis\documents\visual studio 2010\projects\picoyplaca\picoplacatest\bin\debug\picoplacatest.dll" id="8c4e059b-0b11-de7a-2b10-823edaa03685">
      <Execution id="455a33d7-d7c2-45b4-8170-74c844540202" />
      <TestMethod codeBase="C:/Users/Davis/Documents/Visual Studio 2010/Projects/PicoYPlaca/PicoPlacaTest/bin/Debug/PicoPlacaTest.DLL" adapterTypeName="Microsoft.VisualStudio.TestTools.TestTypes.Unit.UnitTestAdapter, Microsoft.VisualStudio.QualityTools.Tips.UnitTest.Adapter, Version=10.0.0.0, Culture=neutral, PublicKeyToken=b03f5f7f11d50a3a" className="PicoPlacaTest.ValidationTest, PicoPlacaTest, Version=1.0.0.0, Culture=neutral, PublicKeyToken=null" name="canBeOnRoadWhenIsOnDayAndInWronHourTest" />
    </UnitTest>
    <UnitTest name="getPicoPlacaDayOfPlateWhenDayisWednesday1Test" storage="c:\users\davis\documents\visual studio 2010\projects\picoyplaca\picoplacatest\bin\debug\picoplacatest.dll" id="f2e4a6dc-a64e-bf95-7a43-1311308f6220">
      <Execution id="1577dd02-6da2-429a-b0ee-ed166e4e89f9" />
      <TestMethod codeBase="C:/Users/Davis/Documents/Visual Studio 2010/Projects/PicoYPlaca/PicoPlacaTest/bin/Debug/PicoPlacaTest.DLL" adapterTypeName="Microsoft.VisualStudio.TestTools.TestTypes.Unit.UnitTestAdapter, Microsoft.VisualStudio.QualityTools.Tips.UnitTest.Adapter, Version=10.0.0.0, Culture=neutral, PublicKeyToken=b03f5f7f11d50a3a" className="PicoPlacaTest.VehicleTest, PicoPlacaTest, Version=1.0.0.0, Culture=neutral, PublicKeyToken=null" name="getPicoPlacaDayOfPlateWhenDayisWednesday1Test" />
    </UnitTest>
    <UnitTest name="getPicoPlacaDayOfPlateWhenDayisFriday1Test" storage="c:\users\davis\documents\visual studio 2010\projects\picoyplaca\picoplacatest\bin\debug\picoplacatest.dll" id="066ec1dd-c403-5641-211e-14f03715197e">
      <Execution id="c443ce78-ea9b-4113-9e43-f12e6aefe2f4" />
      <TestMethod codeBase="C:/Users/Davis/Documents/Visual Studio 2010/Projects/PicoYPlaca/PicoPlacaTest/bin/Debug/PicoPlacaTest.DLL" adapterTypeName="Microsoft.VisualStudio.TestTools.TestTypes.Unit.UnitTestAdapter, Microsoft.VisualStudio.QualityTools.Tips.UnitTest.Adapter, Version=10.0.0.0, Culture=neutral, PublicKeyToken=b03f5f7f11d50a3a" className="PicoPlacaTest.VehicleTest, PicoPlacaTest, Version=1.0.0.0, Culture=neutral, PublicKeyToken=null" name="getPicoPlacaDayOfPlateWhenDayisFriday1Test" />
    </UnitTest>
    <UnitTest name="hasCorrectFormatWhenIsNotCorrectTest" storage="c:\users\davis\documents\visual studio 2010\projects\picoyplaca\picoplacatest\bin\debug\picoplacatest.dll" id="a211ba70-35ec-e259-365b-14fe87d9a523">
      <Execution id="6d6b8b7d-5ebe-4617-b915-b0fe79b155ad" />
      <TestMethod codeBase="C:/Users/Davis/Documents/Visual Studio 2010/Projects/PicoYPlaca/PicoPlacaTest/bin/Debug/PicoPlacaTest.DLL" adapterTypeName="Microsoft.VisualStudio.TestTools.TestTypes.Unit.UnitTestAdapter, Microsoft.VisualStudio.QualityTools.Tips.UnitTest.Adapter, Version=10.0.0.0, Culture=neutral, PublicKeyToken=b03f5f7f11d50a3a" className="PicoPlacaTest.TimeTest, PicoPlacaTest, Version=1.0.0.0, Culture=neutral, PublicKeyToken=null" name="hasCorrectFormatWhenIsNotCorrectTest" />
    </UnitTest>
    <UnitTest name="getPlateTest" storage="c:\users\davis\documents\visual studio 2010\projects\picoyplaca\picoplacatest\bin\debug\picoplacatest.dll" id="9bc7919b-9f5b-8183-2912-3f4b59690929">
      <Execution id="a5e23f95-ab60-43b1-8d22-4a898739da60" />
      <TestMethod codeBase="C:/Users/Davis/Documents/Visual Studio 2010/Projects/PicoYPlaca/PicoPlacaTest/bin/Debug/PicoPlacaTest.DLL" adapterTypeName="Microsoft.VisualStudio.TestTools.TestTypes.Unit.UnitTestAdapter, Microsoft.VisualStudio.QualityTools.Tips.UnitTest.Adapter, Version=10.0.0.0, Culture=neutral, PublicKeyToken=b03f5f7f11d50a3a" className="PicoPlacaTest.VehicleTest, PicoPlacaTest, Version=1.0.0.0, Culture=neutral, PublicKeyToken=null" name="getPlateTest" />
    </UnitTest>
    <UnitTest name="getPicoPlacaDayOfPlateWhenDayisThursday2Test" storage="c:\users\davis\documents\visual studio 2010\projects\picoyplaca\picoplacatest\bin\debug\picoplacatest.dll" id="c172d27d-1725-8d45-ad4b-8b860c8ab8d1">
      <Execution id="cf1bd261-5741-4481-8b47-210dc8324f6f" />
      <TestMethod codeBase="C:/Users/Davis/Documents/Visual Studio 2010/Projects/PicoYPlaca/PicoPlacaTest/bin/Debug/PicoPlacaTest.DLL" adapterTypeName="Microsoft.VisualStudio.TestTools.TestTypes.Unit.UnitTestAdapter, Microsoft.VisualStudio.QualityTools.Tips.UnitTest.Adapter, Version=10.0.0.0, Culture=neutral, PublicKeyToken=b03f5f7f11d50a3a" className="PicoPlacaTest.VehicleTest, PicoPlacaTest, Version=1.0.0.0, Culture=neutral, PublicKeyToken=null" name="getPicoPlacaDayOfPlateWhenDayisThursday2Test" />
    </UnitTest>
    <UnitTest name="getPicoPlacaDayOfPlateWhenDayisWednesday2Test" storage="c:\users\davis\documents\visual studio 2010\projects\picoyplaca\picoplacatest\bin\debug\picoplacatest.dll" id="5a91918a-c51f-2b31-07d7-443ffbf4b2e6">
      <Execution id="b17d2acd-232e-498c-8b61-1e9f77678f40" />
      <TestMethod codeBase="C:/Users/Davis/Documents/Visual Studio 2010/Projects/PicoYPlaca/PicoPlacaTest/bin/Debug/PicoPlacaTest.DLL" adapterTypeName="Microsoft.VisualStudio.TestTools.TestTypes.Unit.UnitTestAdapter, Microsoft.VisualStudio.QualityTools.Tips.UnitTest.Adapter, Version=10.0.0.0, Culture=neutral, PublicKeyToken=b03f5f7f11d50a3a" className="PicoPlacaTest.VehicleTest, PicoPlacaTest, Version=1.0.0.0, Culture=neutral, PublicKeyToken=null" name="getPicoPlacaDayOfPlateWhenDayisWednesday2Test" />
    </UnitTest>
    <UnitTest name="TimeConstructorTest" storage="c:\users\davis\documents\visual studio 2010\projects\picoyplaca\picoplacatest\bin\debug\picoplacatest.dll" id="c689a220-8c8b-01b5-be0a-6f4025ccb33b">
      <Execution id="b314b55c-5608-47f4-acea-40bff23217b6" />
      <TestMethod codeBase="C:/Users/Davis/Documents/Visual Studio 2010/Projects/PicoYPlaca/PicoPlacaTest/bin/Debug/PicoPlacaTest.DLL" adapterTypeName="Microsoft.VisualStudio.TestTools.TestTypes.Unit.UnitTestAdapter, Microsoft.VisualStudio.QualityTools.Tips.UnitTest.Adapter, Version=10.0.0.0, Culture=neutral, PublicKeyToken=b03f5f7f11d50a3a" className="PicoPlacaTest.TimeTest, PicoPlacaTest, Version=1.0.0.0, Culture=neutral, PublicKeyToken=null" name="TimeConstructorTest" />
    </UnitTest>
    <UnitTest name="hasCorrectFormatWhenIsCorrectTest" storage="c:\users\davis\documents\visual studio 2010\projects\picoyplaca\picoplacatest\bin\debug\picoplacatest.dll" id="ff122efc-5fef-0112-e34a-7da52c9b85d9">
      <Execution id="e55da9da-c381-4d6e-a531-7bc2e2e3d836" />
      <TestMethod codeBase="C:/Users/Davis/Documents/Visual Studio 2010/Projects/PicoYPlaca/PicoPlacaTest/bin/Debug/PicoPlacaTest.DLL" adapterTypeName="Microsoft.VisualStudio.TestTools.TestTypes.Unit.UnitTestAdapter, Microsoft.VisualStudio.QualityTools.Tips.UnitTest.Adapter, Version=10.0.0.0, Culture=neutral, PublicKeyToken=b03f5f7f11d50a3a" className="PicoPlacaTest.TimeTest, PicoPlacaTest, Version=1.0.0.0, Culture=neutral, PublicKeyToken=null" name="hasCorrectFormatWhenIsCorrectTest" />
    </UnitTest>
    <UnitTest name="ValidationConstructorTest" storage="c:\users\davis\documents\visual studio 2010\projects\picoyplaca\picoplacatest\bin\debug\picoplacatest.dll" id="9a633d35-bb77-620b-735a-4b2bc2fa526a">
      <Execution id="b1297a60-6257-4e1a-b661-ad8d022c55cc" />
      <TestMethod codeBase="C:/Users/Davis/Documents/Visual Studio 2010/Projects/PicoYPlaca/PicoPlacaTest/bin/Debug/PicoPlacaTest.DLL" adapterTypeName="Microsoft.VisualStudio.TestTools.TestTypes.Unit.UnitTestAdapter, Microsoft.VisualStudio.QualityTools.Tips.UnitTest.Adapter, Version=10.0.0.0, Culture=neutral, PublicKeyToken=b03f5f7f11d50a3a" className="PicoPlacaTest.ValidationTest, PicoPlacaTest, Version=1.0.0.0, Culture=neutral, PublicKeyToken=null" name="ValidationConstructorTest" />
    </UnitTest>
    <UnitTest name="verifyPlateTestWithWrongFormat" storage="c:\users\davis\documents\visual studio 2010\projects\picoyplaca\picoplacatest\bin\debug\picoplacatest.dll" id="0f98023c-16cc-edd9-effa-48857a91e141">
      <Execution id="78db5674-8ab4-40a5-bac2-95484058b9ac" />
      <TestMethod codeBase="C:/Users/Davis/Documents/Visual Studio 2010/Projects/PicoYPlaca/PicoPlacaTest/bin/Debug/PicoPlacaTest.DLL" adapterTypeName="Microsoft.VisualStudio.TestTools.TestTypes.Unit.UnitTestAdapter, Microsoft.VisualStudio.QualityTools.Tips.UnitTest.Adapter, Version=10.0.0.0, Culture=neutral, PublicKeyToken=b03f5f7f11d50a3a" className="PicoPlacaTest.VehicleTest, PicoPlacaTest, Version=1.0.0.0, Culture=neutral, PublicKeyToken=null" name="verifyPlateTestWithWrongFormat" />
    </UnitTest>
    <UnitTest name="getPicoPlacaDayOfPlateWhenDayisFriday2Test" storage="c:\users\davis\documents\visual studio 2010\projects\picoyplaca\picoplacatest\bin\debug\picoplacatest.dll" id="3d03e10e-d7c2-47cc-5052-8d45169888f5">
      <Execution id="cefddcf6-a274-40a2-ad21-b292c951e0aa" />
      <TestMethod codeBase="C:/Users/Davis/Documents/Visual Studio 2010/Projects/PicoYPlaca/PicoPlacaTest/bin/Debug/PicoPlacaTest.DLL" adapterTypeName="Microsoft.VisualStudio.TestTools.TestTypes.Unit.UnitTestAdapter, Microsoft.VisualStudio.QualityTools.Tips.UnitTest.Adapter, Version=10.0.0.0, Culture=neutral, PublicKeyToken=b03f5f7f11d50a3a" className="PicoPlacaTest.VehicleTest, PicoPlacaTest, Version=1.0.0.0, Culture=neutral, PublicKeyToken=null" name="getPicoPlacaDayOfPlateWhenDayisFriday2Test" />
    </UnitTest>
    <UnitTest name="getPicoPlacaDayOfPlateWhenDayisMondayTest" storage="c:\users\davis\documents\visual studio 2010\projects\picoyplaca\picoplacatest\bin\debug\picoplacatest.dll" id="2d1ff8ad-904e-0073-c064-21eb1807380c">
      <Execution id="b2c09d6c-007f-4fa8-996d-a8650914808d" />
      <TestMethod codeBase="C:/Users/Davis/Documents/Visual Studio 2010/Projects/PicoYPlaca/PicoPlacaTest/bin/Debug/PicoPlacaTest.DLL" adapterTypeName="Microsoft.VisualStudio.TestTools.TestTypes.Unit.UnitTestAdapter, Microsoft.VisualStudio.QualityTools.Tips.UnitTest.Adapter, Version=10.0.0.0, Culture=neutral, PublicKeyToken=b03f5f7f11d50a3a" className="PicoPlacaTest.VehicleTest, PicoPlacaTest, Version=1.0.0.0, Culture=neutral, PublicKeyToken=null" name="getPicoPlacaDayOfPlateWhenDayisMondayTest" />
    </UnitTest>
    <UnitTest name="getPicoPlacaDayOfPlateWhenDayisTuesdayTest" storage="c:\users\davis\documents\visual studio 2010\projects\picoyplaca\picoplacatest\bin\debug\picoplacatest.dll" id="b1195f37-acad-2bd4-6150-51b267e10b8e">
      <Execution id="1993ffea-33a2-4fa2-ab9f-ef9a95e55477" />
      <TestMethod codeBase="C:/Users/Davis/Documents/Visual Studio 2010/Projects/PicoYPlaca/PicoPlacaTest/bin/Debug/PicoPlacaTest.DLL" adapterTypeName="Microsoft.VisualStudio.TestTools.TestTypes.Unit.UnitTestAdapter, Microsoft.VisualStudio.QualityTools.Tips.UnitTest.Adapter, Version=10.0.0.0, Culture=neutral, PublicKeyToken=b03f5f7f11d50a3a" className="PicoPlacaTest.VehicleTest, PicoPlacaTest, Version=1.0.0.0, Culture=neutral, PublicKeyToken=null" name="getPicoPlacaDayOfPlateWhenDayisTuesdayTest" />
    </UnitTest>
  </TestDefinitions>
  <TestLists>
    <TestList name="Resultados que no están en la lista" id="8c84fa94-04c1-424b-9868-57a2d4851a1d" />
    <TestList name="Todos los resultados cargados" id="19431567-8539-422a-85d7-44ee4e166bda" />
  </TestLists>
  <TestEntries>
    <TestEntry testId="066ec1dd-c403-5641-211e-14f03715197e" executionId="c443ce78-ea9b-4113-9e43-f12e6aefe2f4" testListId="8c84fa94-04c1-424b-9868-57a2d4851a1d" />
    <TestEntry testId="0f98023c-16cc-edd9-effa-48857a91e141" executionId="78db5674-8ab4-40a5-bac2-95484058b9ac" testListId="8c84fa94-04c1-424b-9868-57a2d4851a1d" />
    <TestEntry testId="2d1ff8ad-904e-0073-c064-21eb1807380c" executionId="b2c09d6c-007f-4fa8-996d-a8650914808d" testListId="8c84fa94-04c1-424b-9868-57a2d4851a1d" />
    <TestEntry testId="3d03e10e-d7c2-47cc-5052-8d45169888f5" executionId="cefddcf6-a274-40a2-ad21-b292c951e0aa" testListId="8c84fa94-04c1-424b-9868-57a2d4851a1d" />
    <TestEntry testId="5a91918a-c51f-2b31-07d7-443ffbf4b2e6" executionId="b17d2acd-232e-498c-8b61-1e9f77678f40" testListId="8c84fa94-04c1-424b-9868-57a2d4851a1d" />
    <TestEntry testId="667db6a8-9899-5d57-117e-758449c0fd1e" executionId="9d88d69e-b48c-4d2d-ad90-3cbc3279eb2b" testListId="8c84fa94-04c1-424b-9868-57a2d4851a1d" />
    <TestEntry testId="6b2daf42-7f54-6801-4994-17334ce69f02" executionId="15bafa3e-8b93-4808-af66-d39cc9e870d9" testListId="8c84fa94-04c1-424b-9868-57a2d4851a1d" />
    <TestEntry testId="6c8df1ec-06c0-af4a-79e3-dc6ecb61ad1f" executionId="4bf381b2-3709-4e03-87b3-273884ecead2" testListId="8c84fa94-04c1-424b-9868-57a2d4851a1d" />
    <TestEntry testId="7477e6a1-93af-227d-19e5-f30e34b27230" executionId="444286a9-2fcb-48ce-b019-3923848a219a" testListId="8c84fa94-04c1-424b-9868-57a2d4851a1d" />
    <TestEntry testId="7c45eddb-b146-c3c1-aae9-d49646e3bdab" executionId="f4a8b73c-2f06-40c8-b843-c64ce435e55b" testListId="8c84fa94-04c1-424b-9868-57a2d4851a1d" />
    <TestEntry testId="8c4e059b-0b11-de7a-2b10-823edaa03685" executionId="455a33d7-d7c2-45b4-8170-74c844540202" testListId="8c84fa94-04c1-424b-9868-57a2d4851a1d" />
    <TestEntry testId="9a633d35-bb77-620b-735a-4b2bc2fa526a" executionId="b1297a60-6257-4e1a-b661-ad8d022c55cc" testListId="8c84fa94-04c1-424b-9868-57a2d4851a1d" />
    <TestEntry testId="9bc7919b-9f5b-8183-2912-3f4b59690929" executionId="a5e23f95-ab60-43b1-8d22-4a898739da60" testListId="8c84fa94-04c1-424b-9868-57a2d4851a1d" />
    <TestEntry testId="9d0e6040-f3ee-5e27-e05e-3474f92399c9" executionId="15bd7bc5-c8a2-4b53-bb85-0cc1d1f5a6c6" testListId="8c84fa94-04c1-424b-9868-57a2d4851a1d" />
    <TestEntry testId="a211ba70-35ec-e259-365b-14fe87d9a523" executionId="6d6b8b7d-5ebe-4617-b915-b0fe79b155ad" testListId="8c84fa94-04c1-424b-9868-57a2d4851a1d" />
    <TestEntry testId="a636e3ce-8cdf-eec8-1199-ad7cd4869e03" executionId="918354fd-b12e-4bd6-9cc9-d1bbdd34579a" testListId="8c84fa94-04c1-424b-9868-57a2d4851a1d" />
    <TestEntry testId="b1195f37-acad-2bd4-6150-51b267e10b8e" executionId="1993ffea-33a2-4fa2-ab9f-ef9a95e55477" testListId="8c84fa94-04c1-424b-9868-57a2d4851a1d" />
    <TestEntry testId="b14be646-4889-bafb-827e-dab299e5f65f" executionId="3bb651ce-bf27-4237-a29d-da7527f89aae" testListId="8c84fa94-04c1-424b-9868-57a2d4851a1d" />
    <TestEntry testId="ba8bc033-c76e-637c-d4cf-49df988eb7fd" executionId="cc6e3906-5ba3-448b-b3ff-368972619050" testListId="8c84fa94-04c1-424b-9868-57a2d4851a1d" />
    <TestEntry testId="c172d27d-1725-8d45-ad4b-8b860c8ab8d1" executionId="cf1bd261-5741-4481-8b47-210dc8324f6f" testListId="8c84fa94-04c1-424b-9868-57a2d4851a1d" />
    <TestEntry testId="c689a220-8c8b-01b5-be0a-6f4025ccb33b" executionId="b314b55c-5608-47f4-acea-40bff23217b6" testListId="8c84fa94-04c1-424b-9868-57a2d4851a1d" />
    <TestEntry testId="c891b938-1156-5e72-5902-b4e2ca087abf" executionId="50f531ec-0ff5-440f-81e1-d541e38b44a6" testListId="8c84fa94-04c1-424b-9868-57a2d4851a1d" />
    <TestEntry testId="d0fd6fc2-5467-6a6e-dfa7-6b59a8e3cfa9" executionId="b1076d6f-381a-42f5-a396-3da31027cfc9" testListId="8c84fa94-04c1-424b-9868-57a2d4851a1d" />
    <TestEntry testId="d18c4972-fa94-6825-d72f-3596e80cebe2" executionId="958a0445-1ae1-412b-ab27-d1fd0b24941d" testListId="8c84fa94-04c1-424b-9868-57a2d4851a1d" />
    <TestEntry testId="f2e4a6dc-a64e-bf95-7a43-1311308f6220" executionId="1577dd02-6da2-429a-b0ee-ed166e4e89f9" testListId="8c84fa94-04c1-424b-9868-57a2d4851a1d" />
    <TestEntry testId="f481ecc7-e114-aea7-0081-11eb4f98100f" executionId="90fd2919-2ac8-4062-864b-07d47681cb6c" testListId="8c84fa94-04c1-424b-9868-57a2d4851a1d" />
    <TestEntry testId="ff122efc-5fef-0112-e34a-7da52c9b85d9" executionId="e55da9da-c381-4d6e-a531-7bc2e2e3d836" testListId="8c84fa94-04c1-424b-9868-57a2d4851a1d" />
  </TestEntries>
  <Results>
    <UnitTestResult executionId="c443ce78-ea9b-4113-9e43-f12e6aefe2f4" testId="066ec1dd-c403-5641-211e-14f03715197e" testName="getPicoPlacaDayOfPlateWhenDayisFriday1Test" computerName="DAVIS-PC" duration="00:00:00.0351937" startTime="2018-02-28T02:34:28.3549281-05:00" endTime="2018-02-28T02:34:29.3459848-05:00" testType="13cdc9d9-ddb5-4fa4-a97d-d965ccfc6d4b" outcome="Passed" testListId="8c84fa94-04c1-424b-9868-57a2d4851a1d" relativeResultsDirectory="c443ce78-ea9b-4113-9e43-f12e6aefe2f4">
    </UnitTestResult>
    <UnitTestResult executionId="78db5674-8ab4-40a5-bac2-95484058b9ac" testId="0f98023c-16cc-edd9-effa-48857a91e141" testName="verifyPlateTestWithWrongFormat" computerName="DAVIS-PC" duration="00:00:00.0348212" startTime="2018-02-28T02:34:29.3629857-05:00" endTime="2018-02-28T02:34:29.4229892-05:00" testType="13cdc9d9-ddb5-4fa4-a97d-d965ccfc6d4b" outcome="Passed" testListId="8c84fa94-04c1-424b-9868-57a2d4851a1d" relativeResultsDirectory="78db5674-8ab4-40a5-bac2-95484058b9ac">
    </UnitTestResult>
    <UnitTestResult executionId="b2c09d6c-007f-4fa8-996d-a8650914808d" testId="2d1ff8ad-904e-0073-c064-21eb1807380c" testName="getPicoPlacaDayOfPlateWhenDayisMondayTest" computerName="DAVIS-PC" duration="00:00:00.0003337" startTime="2018-02-28T02:34:29.4279894-05:00" endTime="2018-02-28T02:34:29.4639915-05:00" testType="13cdc9d9-ddb5-4fa4-a97d-d965ccfc6d4b" outcome="Passed" testListId="8c84fa94-04c1-424b-9868-57a2d4851a1d" relativeResultsDirectory="b2c09d6c-007f-4fa8-996d-a8650914808d">
    </UnitTestResult>
    <UnitTestResult executionId="cefddcf6-a274-40a2-ad21-b292c951e0aa" testId="3d03e10e-d7c2-47cc-5052-8d45169888f5" testName="getPicoPlacaDayOfPlateWhenDayisFriday2Test" computerName="DAVIS-PC" duration="00:00:00.0003169" startTime="2018-02-28T02:34:29.4669917-05:00" endTime="2018-02-28T02:34:29.5039938-05:00" testType="13cdc9d9-ddb5-4fa4-a97d-d965ccfc6d4b" outcome="Passed" testListId="8c84fa94-04c1-424b-9868-57a2d4851a1d" relativeResultsDirectory="cefddcf6-a274-40a2-ad21-b292c951e0aa">
    </UnitTestResult>
    <UnitTestResult executionId="b17d2acd-232e-498c-8b61-1e9f77678f40" testId="5a91918a-c51f-2b31-07d7-443ffbf4b2e6" testName="getPicoPlacaDayOfPlateWhenDayisWednesday2Test" computerName="DAVIS-PC" duration="00:00:00.0003173" startTime="2018-02-28T02:34:29.5059939-05:00" endTime="2018-02-28T02:34:29.5449961-05:00" testType="13cdc9d9-ddb5-4fa4-a97d-d965ccfc6d4b" outcome="Passed" testListId="8c84fa94-04c1-424b-9868-57a2d4851a1d" relativeResultsDirectory="b17d2acd-232e-498c-8b61-1e9f77678f40">
    </UnitTestResult>
    <UnitTestResult executionId="9d88d69e-b48c-4d2d-ad90-3cbc3279eb2b" testId="667db6a8-9899-5d57-117e-758449c0fd1e" testName="VehicleConstructorTest" computerName="DAVIS-PC" duration="00:00:00.0013216" startTime="2018-02-28T02:34:29.5609971-05:00" endTime="2018-02-28T02:34:29.5779980-05:00" testType="13cdc9d9-ddb5-4fa4-a97d-d965ccfc6d4b" outcome="Passed" testListId="8c84fa94-04c1-424b-9868-57a2d4851a1d" relativeResultsDirectory="9d88d69e-b48c-4d2d-ad90-3cbc3279eb2b">
    </UnitTestResult>
    <UnitTestResult executionId="15bafa3e-8b93-4808-af66-d39cc9e870d9" testId="6b2daf42-7f54-6801-4994-17334ce69f02" testName="getPicoPlacaDayOfPlateWhenDayisThursday1Test" computerName="DAVIS-PC" duration="00:00:00.0018191" startTime="2018-02-28T02:34:29.5819983-05:00" endTime="2018-02-28T02:34:29.5989992-05:00" testType="13cdc9d9-ddb5-4fa4-a97d-d965ccfc6d4b" outcome="Passed" testListId="8c84fa94-04c1-424b-9868-57a2d4851a1d" relativeResultsDirectory="15bafa3e-8b93-4808-af66-d39cc9e870d9">
    </UnitTestResult>
    <UnitTestResult executionId="4bf381b2-3709-4e03-87b3-273884ecead2" testId="6c8df1ec-06c0-af4a-79e3-dc6ecb61ad1f" testName="checkTimeInIntervalsWhenTimeIsNotInAnyIntervalTest" computerName="DAVIS-PC" duration="00:00:00.0401871" startTime="2018-02-28T02:34:29.6019994-05:00" endTime="2018-02-28T02:34:29.6560025-05:00" testType="13cdc9d9-ddb5-4fa4-a97d-d965ccfc6d4b" outcome="Passed" testListId="8c84fa94-04c1-424b-9868-57a2d4851a1d" relativeResultsDirectory="4bf381b2-3709-4e03-87b3-273884ecead2">
    </UnitTestResult>
    <UnitTestResult executionId="444286a9-2fcb-48ce-b019-3923848a219a" testId="7477e6a1-93af-227d-19e5-f30e34b27230" testName="checkTimeInIntervalsWhenTimeIsInInterval2Test" computerName="DAVIS-PC" duration="00:00:00.0015649" startTime="2018-02-28T02:34:29.6670031-05:00" endTime="2018-02-28T02:34:29.6860042-05:00" testType="13cdc9d9-ddb5-4fa4-a97d-d965ccfc6d4b" outcome="Passed" testListId="8c84fa94-04c1-424b-9868-57a2d4851a1d" relativeResultsDirectory="444286a9-2fcb-48ce-b019-3923848a219a">
    </UnitTestResult>
    <UnitTestResult executionId="f4a8b73c-2f06-40c8-b843-c64ce435e55b" testId="7c45eddb-b146-c3c1-aae9-d49646e3bdab" testName="DateConstructorTest" computerName="DAVIS-PC" duration="00:00:00.0006768" startTime="2018-02-28T02:34:29.6880043-05:00" endTime="2018-02-28T02:34:29.7010051-05:00" testType="13cdc9d9-ddb5-4fa4-a97d-d965ccfc6d4b" outcome="Passed" testListId="8c84fa94-04c1-424b-9868-57a2d4851a1d" relativeResultsDirectory="f4a8b73c-2f06-40c8-b843-c64ce435e55b">
    </UnitTestResult>
    <UnitTestResult executionId="455a33d7-d7c2-45b4-8170-74c844540202" testId="8c4e059b-0b11-de7a-2b10-823edaa03685" testName="canBeOnRoadWhenIsOnDayAndInWronHourTest" computerName="DAVIS-PC" duration="00:00:00.0545605" startTime="2018-02-28T02:34:29.7310068-05:00" endTime="2018-02-28T02:34:29.8140115-05:00" testType="13cdc9d9-ddb5-4fa4-a97d-d965ccfc6d4b" outcome="Passed" testListId="8c84fa94-04c1-424b-9868-57a2d4851a1d" relativeResultsDirectory="455a33d7-d7c2-45b4-8170-74c844540202">
    </UnitTestResult>
    <UnitTestResult executionId="b1297a60-6257-4e1a-b661-ad8d022c55cc" testId="9a633d35-bb77-620b-735a-4b2bc2fa526a" testName="ValidationConstructorTest" computerName="DAVIS-PC" duration="00:00:00.0024970" startTime="2018-02-28T02:34:29.8290124-05:00" endTime="2018-02-28T02:34:29.8480135-05:00" testType="13cdc9d9-ddb5-4fa4-a97d-d965ccfc6d4b" outcome="Passed" testListId="8c84fa94-04c1-424b-9868-57a2d4851a1d" relativeResultsDirectory="b1297a60-6257-4e1a-b661-ad8d022c55cc">
    </UnitTestResult>
    <UnitTestResult executionId="a5e23f95-ab60-43b1-8d22-4a898739da60" testId="9bc7919b-9f5b-8183-2912-3f4b59690929" testName="getPlateTest" computerName="DAVIS-PC" duration="00:00:00.0016613" startTime="2018-02-28T02:34:29.8500136-05:00" endTime="2018-02-28T02:34:29.8650144-05:00" testType="13cdc9d9-ddb5-4fa4-a97d-d965ccfc6d4b" outcome="Passed" testListId="8c84fa94-04c1-424b-9868-57a2d4851a1d" relativeResultsDirectory="a5e23f95-ab60-43b1-8d22-4a898739da60">
    </UnitTestResult>
    <UnitTestResult executionId="15bd7bc5-c8a2-4b53-bb85-0cc1d1f5a6c6" testId="9d0e6040-f3ee-5e27-e05e-3474f92399c9" testName="canBeOnRoadTestWhenIsNotTheDay" computerName="DAVIS-PC" duration="00:00:00.0004705" startTime="2018-02-28T02:34:29.8670146-05:00" endTime="2018-02-28T02:34:29.8780152-05:00" testType="13cdc9d9-ddb5-4fa4-a97d-d965ccfc6d4b" outcome="Passed" testListId="8c84fa94-04c1-424b-9868-57a2d4851a1d" relativeResultsDirectory="15bd7bc5-c8a2-4b53-bb85-0cc1d1f5a6c6">
    </UnitTestResult>
    <UnitTestResult executionId="6d6b8b7d-5ebe-4617-b915-b0fe79b155ad" testId="a211ba70-35ec-e259-365b-14fe87d9a523" testName="hasCorrectFormatWhenIsNotCorrectTest" computerName="DAVIS-PC" duration="00:00:00.0053319" startTime="2018-02-28T02:34:29.8920160-05:00" endTime="2018-02-28T02:34:29.9020166-05:00" testType="13cdc9d9-ddb5-4fa4-a97d-d965ccfc6d4b" outcome="Passed" testListId="8c84fa94-04c1-424b-9868-57a2d4851a1d" relativeResultsDirectory="6d6b8b7d-5ebe-4617-b915-b0fe79b155ad">
    </UnitTestResult>
    <UnitTestResult executionId="918354fd-b12e-4bd6-9cc9-d1bbdd34579a" testId="a636e3ce-8cdf-eec8-1199-ad7cd4869e03" testName="getPicoPlacaDayOfPlateWhenDayisMonday2Test" computerName="DAVIS-PC" duration="00:00:00.0070107" startTime="2018-02-28T02:34:29.9110171-05:00" endTime="2018-02-28T02:34:29.9230178-05:00" testType="13cdc9d9-ddb5-4fa4-a97d-d965ccfc6d4b" outcome="Passed" testListId="8c84fa94-04c1-424b-9868-57a2d4851a1d" relativeResultsDirectory="918354fd-b12e-4bd6-9cc9-d1bbdd34579a">
    </UnitTestResult>
    <UnitTestResult executionId="1993ffea-33a2-4fa2-ab9f-ef9a95e55477" testId="b1195f37-acad-2bd4-6150-51b267e10b8e" testName="getPicoPlacaDayOfPlateWhenDayisTuesdayTest" computerName="DAVIS-PC" duration="00:00:00.0169053" startTime="2018-02-28T02:34:29.9260179-05:00" endTime="2018-02-28T02:34:29.9820211-05:00" testType="13cdc9d9-ddb5-4fa4-a97d-d965ccfc6d4b" outcome="Passed" testListId="8c84fa94-04c1-424b-9868-57a2d4851a1d" relativeResultsDirectory="1993ffea-33a2-4fa2-ab9f-ef9a95e55477">
    </UnitTestResult>
    <UnitTestResult executionId="3bb651ce-bf27-4237-a29d-da7527f89aae" testId="b14be646-4889-bafb-827e-dab299e5f65f" testName="checkTimeInIntervalsWhenTimeIsInInterval1Test" computerName="DAVIS-PC" duration="00:00:00.0014885" startTime="2018-02-28T02:34:29.9850213-05:00" endTime="2018-02-28T02:34:30.0000222-05:00" testType="13cdc9d9-ddb5-4fa4-a97d-d965ccfc6d4b" outcome="Passed" testListId="8c84fa94-04c1-424b-9868-57a2d4851a1d" relativeResultsDirectory="3bb651ce-bf27-4237-a29d-da7527f89aae">
    </UnitTestResult>
    <UnitTestResult executionId="cc6e3906-5ba3-448b-b3ff-368972619050" testId="ba8bc033-c76e-637c-d4cf-49df988eb7fd" testName="PlateTest" computerName="DAVIS-PC" duration="00:00:00.0052698" startTime="2018-02-28T02:34:30.0030223-05:00" endTime="2018-02-28T02:34:30.0230235-05:00" testType="13cdc9d9-ddb5-4fa4-a97d-d965ccfc6d4b" outcome="Passed" testListId="8c84fa94-04c1-424b-9868-57a2d4851a1d" relativeResultsDirectory="cc6e3906-5ba3-448b-b3ff-368972619050">
    </UnitTestResult>
    <UnitTestResult executionId="cf1bd261-5741-4481-8b47-210dc8324f6f" testId="c172d27d-1725-8d45-ad4b-8b860c8ab8d1" testName="getPicoPlacaDayOfPlateWhenDayisThursday2Test" computerName="DAVIS-PC" duration="00:00:00.0003386" startTime="2018-02-28T02:34:30.0390244-05:00" endTime="2018-02-28T02:34:30.0450247-05:00" testType="13cdc9d9-ddb5-4fa4-a97d-d965ccfc6d4b" outcome="Passed" testListId="8c84fa94-04c1-424b-9868-57a2d4851a1d" relativeResultsDirectory="cf1bd261-5741-4481-8b47-210dc8324f6f">
    </UnitTestResult>
    <UnitTestResult executionId="b314b55c-5608-47f4-acea-40bff23217b6" testId="c689a220-8c8b-01b5-be0a-6f4025ccb33b" testName="TimeConstructorTest" computerName="DAVIS-PC" duration="00:00:00.0055456" startTime="2018-02-28T02:34:30.0780266-05:00" endTime="2018-02-28T02:34:30.0900273-05:00" testType="13cdc9d9-ddb5-4fa4-a97d-d965ccfc6d4b" outcome="Passed" testListId="8c84fa94-04c1-424b-9868-57a2d4851a1d" relativeResultsDirectory="b314b55c-5608-47f4-acea-40bff23217b6">
    </UnitTestResult>
    <UnitTestResult executionId="50f531ec-0ff5-440f-81e1-d541e38b44a6" testId="c891b938-1156-5e72-5902-b4e2ca087abf" testName="verifyPlateTestWithRightFormat" computerName="DAVIS-PC" duration="00:00:00.0133020" startTime="2018-02-28T02:34:30.0940275-05:00" endTime="2018-02-28T02:34:30.1130286-05:00" testType="13cdc9d9-ddb5-4fa4-a97d-d965ccfc6d4b" outcome="Passed" testListId="8c84fa94-04c1-424b-9868-57a2d4851a1d" relativeResultsDirectory="50f531ec-0ff5-440f-81e1-d541e38b44a6">
    </UnitTestResult>
    <UnitTestResult executionId="b1076d6f-381a-42f5-a396-3da31027cfc9" testId="d0fd6fc2-5467-6a6e-dfa7-6b59a8e3cfa9" testName="getPicoPlacaDayOfPlateWhenPlateisIncorrectTest" computerName="DAVIS-PC" duration="00:00:00.0256196" startTime="2018-02-28T02:34:30.1190290-05:00" endTime="2018-02-28T02:34:30.1500307-05:00" testType="13cdc9d9-ddb5-4fa4-a97d-d965ccfc6d4b" outcome="Passed" testListId="8c84fa94-04c1-424b-9868-57a2d4851a1d" relativeResultsDirectory="b1076d6f-381a-42f5-a396-3da31027cfc9">
    </UnitTestResult>
    <UnitTestResult executionId="958a0445-1ae1-412b-ab27-d1fd0b24941d" testId="d18c4972-fa94-6825-d72f-3596e80cebe2" testName="getPicoPlacaDayOfPlateWhenDayisTuesday2Test" computerName="DAVIS-PC" duration="00:00:00.0013921" startTime="2018-02-28T02:34:30.1560311-05:00" endTime="2018-02-28T02:34:30.1730321-05:00" testType="13cdc9d9-ddb5-4fa4-a97d-d965ccfc6d4b" outcome="Passed" testListId="8c84fa94-04c1-424b-9868-57a2d4851a1d" relativeResultsDirectory="958a0445-1ae1-412b-ab27-d1fd0b24941d">
    </UnitTestResult>
    <UnitTestResult executionId="1577dd02-6da2-429a-b0ee-ed166e4e89f9" testId="f2e4a6dc-a64e-bf95-7a43-1311308f6220" testName="getPicoPlacaDayOfPlateWhenDayisWednesday1Test" computerName="DAVIS-PC" duration="00:00:00.0026387" startTime="2018-02-28T02:34:30.1750322-05:00" endTime="2018-02-28T02:34:30.1940333-05:00" testType="13cdc9d9-ddb5-4fa4-a97d-d965ccfc6d4b" outcome="Passed" testListId="8c84fa94-04c1-424b-9868-57a2d4851a1d" relativeResultsDirectory="1577dd02-6da2-429a-b0ee-ed166e4e89f9">
    </UnitTestResult>
    <UnitTestResult executionId="90fd2919-2ac8-4062-864b-07d47681cb6c" testId="f481ecc7-e114-aea7-0081-11eb4f98100f" testName="getDayOfTheWeekFromDateTest" computerName="DAVIS-PC" duration="00:00:00.0105931" startTime="2018-02-28T02:34:30.1960334-05:00" endTime="2018-02-28T02:34:30.2200347-05:00" testType="13cdc9d9-ddb5-4fa4-a97d-d965ccfc6d4b" outcome="Passed" testListId="8c84fa94-04c1-424b-9868-57a2d4851a1d" relativeResultsDirectory="90fd2919-2ac8-4062-864b-07d47681cb6c">
    </UnitTestResult>
    <UnitTestResult executionId="e55da9da-c381-4d6e-a531-7bc2e2e3d836" testId="ff122efc-5fef-0112-e34a-7da52c9b85d9" testName="hasCorrectFormatWhenIsCorrectTest" computerName="DAVIS-PC" duration="00:00:00.0065530" startTime="2018-02-28T02:34:30.2330355-05:00" endTime="2018-02-28T02:34:30.2560368-05:00" testType="13cdc9d9-ddb5-4fa4-a97d-d965ccfc6d4b" outcome="Passed" testListId="8c84fa94-04c1-424b-9868-57a2d4851a1d" relativeResultsDirectory="e55da9da-c381-4d6e-a531-7bc2e2e3d836">
    </UnitTestResult>
  </Results>
</TestRun>