<?xml version="1.0" encoding="UTF-8"?>
<TestRun id="2b34ecd9-3532-4cde-8b28-5b9010175ef7" name="Davis@DAVIS-PC 2018-02-28 02:28:16" runUser="Davis-PC\Davis" xmlns="http://microsoft.com/schemas/VisualStudio/TeamTest/2010">
  <TestSettings name="Local" id="1720a554-5444-43b8-ac4c-8de435d5b1c9">
    <Description>Esta es la configuración de pruebas predeterminada para una ejecución de pruebas local.</Description>
    <Deployment enabled="false" runDeploymentRoot="Davis_DAVIS-PC 2018-02-28 02_28_16">
      <DeploymentItem filename="C:\Program Files\ComponentArt\UI Framework 2012 for .NET\assembly\wpf\core\ComponentArt.Win.UI.Navigation.dll" />
      <DeploymentItem filename="C:\Users\Davis\documents\visual studio 2010\Projects\PicoYPlaca\PicoYPlaca\bin\Debug\PicoYPlaca.exe" />
      <DeploymentItem filename="C:\Program Files\ComponentArt\UI Framework 2012 for .NET\assembly\wpf\core\ComponentArt.Win.UI.Common.dll" />
    </Deployment>
    <Execution>
      <TestTypeSpecific />
      <AgentRule name="Execution Agents">
      </AgentRule>
    </Execution>
  </TestSettings>
  <Times creation="2018-02-28T02:28:16.2516450-05:00" queuing="2018-02-28T02:28:20.5948934-05:00" start="2018-02-28T02:28:20.9239122-05:00" finish="2018-02-28T02:30:17.1905623-05:00" />
  <ResultSummary outcome="Error">
    <Counters total="26" executed="7" passed="6" error="0" failed="0" timeout="0" aborted="1" inconclusive="0" passedButRunAborted="0" notRunnable="0" notExecuted="19" disconnected="0" warning="0" completed="0" inProgress="0" pending="0" />
    <RunInfos>
      <RunInfo computerName="DAVIS-PC" outcome="Error" timestamp="2018-02-28T02:30:17.1735613-05:00">
        <Text>El proceso del host de pruebas terminó inesperadamente.</Text>
      </RunInfo>
    </RunInfos>
  </ResultSummary>
  <TestDefinitions>
    <UnitTest name="TimeConstructorTest" storage="c:\users\davis\documents\visual studio 2010\projects\picoyplaca\picoplacatest\bin\debug\picoplacatest.dll" id="c689a220-8c8b-01b5-be0a-6f4025ccb33b">
      <Execution id="c89777d2-3b74-4ac2-b64d-009a8ff2d927" />
      <TestMethod codeBase="C:/Users/Davis/Documents/Visual Studio 2010/Projects/PicoYPlaca/PicoPlacaTest/bin/Debug/PicoPlacaTest.DLL" adapterTypeName="Microsoft.VisualStudio.TestTools.TestTypes.Unit.UnitTestAdapter, Microsoft.VisualStudio.QualityTools.Tips.UnitTest.Adapter, Version=10.0.0.0, Culture=neutral, PublicKeyToken=b03f5f7f11d50a3a" className="PicoPlacaTest.TimeTest, PicoPlacaTest, Version=1.0.0.0, Culture=neutral, PublicKeyToken=null" name="TimeConstructorTest" />
    </UnitTest>
    <UnitTest name="getPicoPlacaDayOfPlateWhenDayisWednesday1Test" storage="c:\users\davis\documents\visual studio 2010\projects\picoyplaca\picoplacatest\bin\debug\picoplacatest.dll" id="f2e4a6dc-a64e-bf95-7a43-1311308f6220">
      <Execution id="f9e322d7-605b-40d9-a5b5-390a69a63842" />
      <TestMethod codeBase="C:/Users/Davis/Documents/Visual Studio 2010/Projects/PicoYPlaca/PicoPlacaTest/bin/Debug/PicoPlacaTest.DLL" adapterTypeName="Microsoft.VisualStudio.TestTools.TestTypes.Unit.UnitTestAdapter, Microsoft.VisualStudio.QualityTools.Tips.UnitTest.Adapter, Version=10.0.0.0, Culture=neutral, PublicKeyToken=b03f5f7f11d50a3a" className="PicoPlacaTest.VehicleTest, PicoPlacaTest, Version=1.0.0.0, Culture=neutral, PublicKeyToken=null" name="getPicoPlacaDayOfPlateWhenDayisWednesday1Test" />
    </UnitTest>
    <UnitTest name="getPlateTest" storage="c:\users\davis\documents\visual studio 2010\projects\picoyplaca\picoplacatest\bin\debug\picoplacatest.dll" id="9bc7919b-9f5b-8183-2912-3f4b59690929">
      <Execution id="45eeb463-3577-43d2-9de6-b797bdfdc368" />
      <TestMethod codeBase="C:/Users/Davis/Documents/Visual Studio 2010/Projects/PicoYPlaca/PicoPlacaTest/bin/Debug/PicoPlacaTest.DLL" adapterTypeName="Microsoft.VisualStudio.TestTools.TestTypes.Unit.UnitTestAdapter, Microsoft.VisualStudio.QualityTools.Tips.UnitTest.Adapter, Version=10.0.0.0, Culture=neutral, PublicKeyToken=b03f5f7f11d50a3a" className="PicoPlacaTest.VehicleTest, PicoPlacaTest, Version=1.0.0.0, Culture=neutral, PublicKeyToken=null" name="getPlateTest" />
    </UnitTest>
    <UnitTest name="getPicoPlacaDayOfPlateWhenDayisThursday2Test" storage="c:\users\davis\documents\visual studio 2010\projects\picoyplaca\picoplacatest\bin\debug\picoplacatest.dll" id="c172d27d-1725-8d45-ad4b-8b860c8ab8d1">
      <Execution id="e13743c2-682c-4cd4-8a9d-5dc25a67a9de" />
      <TestMethod codeBase="C:/Users/Davis/Documents/Visual Studio 2010/Projects/PicoYPlaca/PicoPlacaTest/bin/Debug/PicoPlacaTest.DLL" adapterTypeName="Microsoft.VisualStudio.TestTools.TestTypes.Unit.UnitTestAdapter, Microsoft.VisualStudio.QualityTools.Tips.UnitTest.Adapter, Version=10.0.0.0, Culture=neutral, PublicKeyToken=b03f5f7f11d50a3a" className="PicoPlacaTest.VehicleTest, PicoPlacaTest, Version=1.0.0.0, Culture=neutral, PublicKeyToken=null" name="getPicoPlacaDayOfPlateWhenDayisThursday2Test" />
    </UnitTest>
    <UnitTest name="getPicoPlacaDayOfPlateWhenDayisThursday1Test" storage="c:\users\davis\documents\visual studio 2010\projects\picoyplaca\picoplacatest\bin\debug\picoplacatest.dll" id="6b2daf42-7f54-6801-4994-17334ce69f02">
      <Execution id="b32f4db0-bf3f-4914-bbc2-7b93d1e71833" />
      <TestMethod codeBase="C:/Users/Davis/Documents/Visual Studio 2010/Projects/PicoYPlaca/PicoPlacaTest/bin/Debug/PicoPlacaTest.DLL" adapterTypeName="Microsoft.VisualStudio.TestTools.TestTypes.Unit.UnitTestAdapter, Microsoft.VisualStudio.QualityTools.Tips.UnitTest.Adapter, Version=10.0.0.0, Culture=neutral, PublicKeyToken=b03f5f7f11d50a3a" className="PicoPlacaTest.VehicleTest, PicoPlacaTest, Version=1.0.0.0, Culture=neutral, PublicKeyToken=null" name="getPicoPlacaDayOfPlateWhenDayisThursday1Test" />
    </UnitTest>
    <UnitTest name="getPicoPlacaDayOfPlateWhenDayisMondayTest" storage="c:\users\davis\documents\visual studio 2010\projects\picoyplaca\picoplacatest\bin\debug\picoplacatest.dll" id="2d1ff8ad-904e-0073-c064-21eb1807380c">
      <Execution id="2b784e0e-5bb8-4469-8ddb-28a9a4a7e896" />
      <TestMethod codeBase="C:/Users/Davis/Documents/Visual Studio 2010/Projects/PicoYPlaca/PicoPlacaTest/bin/Debug/PicoPlacaTest.DLL" adapterTypeName="Microsoft.VisualStudio.TestTools.TestTypes.Unit.UnitTestAdapter, Microsoft.VisualStudio.QualityTools.Tips.UnitTest.Adapter, Version=10.0.0.0, Culture=neutral, PublicKeyToken=b03f5f7f11d50a3a" className="PicoPlacaTest.VehicleTest, PicoPlacaTest, Version=1.0.0.0, Culture=neutral, PublicKeyToken=null" name="getPicoPlacaDayOfPlateWhenDayisMondayTest" />
    </UnitTest>
    <UnitTest name="getPicoPlacaDayOfPlateWhenDayisFriday2Test" storage="c:\users\davis\documents\visual studio 2010\projects\picoyplaca\picoplacatest\bin\debug\picoplacatest.dll" id="3d03e10e-d7c2-47cc-5052-8d45169888f5">
      <Execution id="a6cc09c6-a2d7-4743-a536-fdbfff19ef11" />
      <TestMethod codeBase="C:/Users/Davis/Documents/Visual Studio 2010/Projects/PicoYPlaca/PicoPlacaTest/bin/Debug/PicoPlacaTest.DLL" adapterTypeName="Microsoft.VisualStudio.TestTools.TestTypes.Unit.UnitTestAdapter, Microsoft.VisualStudio.QualityTools.Tips.UnitTest.Adapter, Version=10.0.0.0, Culture=neutral, PublicKeyToken=b03f5f7f11d50a3a" className="PicoPlacaTest.VehicleTest, PicoPlacaTest, Version=1.0.0.0, Culture=neutral, PublicKeyToken=null" name="getPicoPlacaDayOfPlateWhenDayisFriday2Test" />
    </UnitTest>
    <UnitTest name="hasCorrectFormatWhenIsCorrectTest" storage="c:\users\davis\documents\visual studio 2010\projects\picoyplaca\picoplacatest\bin\debug\picoplacatest.dll" id="ff122efc-5fef-0112-e34a-7da52c9b85d9">
      <Execution id="392c1a47-875a-4fd3-9245-2aca7a84cfff" />
      <TestMethod codeBase="C:/Users/Davis/Documents/Visual Studio 2010/Projects/PicoYPlaca/PicoPlacaTest/bin/Debug/PicoPlacaTest.DLL" adapterTypeName="Microsoft.VisualStudio.TestTools.TestTypes.Unit.UnitTestAdapter, Microsoft.VisualStudio.QualityTools.Tips.UnitTest.Adapter, Version=10.0.0.0, Culture=neutral, PublicKeyToken=b03f5f7f11d50a3a" className="PicoPlacaTest.TimeTest, PicoPlacaTest, Version=1.0.0.0, Culture=neutral, PublicKeyToken=null" name="hasCorrectFormatWhenIsCorrectTest" />
    </UnitTest>
    <UnitTest name="canBeOnRoadTest" storage="c:\users\davis\documents\visual studio 2010\projects\picoyplaca\picoplacatest\bin\debug\picoplacatest.dll" id="6a0bd2e7-3522-a594-1d70-0fba2203656d">
      <Execution id="645c5e75-44e9-4658-a1d8-6f25d514b3ad" />
      <TestMethod codeBase="C:/Users/Davis/Documents/Visual Studio 2010/Projects/PicoYPlaca/PicoPlacaTest/bin/Debug/PicoPlacaTest.DLL" adapterTypeName="Microsoft.VisualStudio.TestTools.TestTypes.Unit.UnitTestAdapter, Microsoft.VisualStudio.QualityTools.Tips.UnitTest.Adapter, Version=10.0.0.0, Culture=neutral, PublicKeyToken=b03f5f7f11d50a3a" className="PicoPlacaTest.ValidationTest, PicoPlacaTest, Version=1.0.0.0, Culture=neutral, PublicKeyToken=null" name="canBeOnRoadTest" />
    </UnitTest>
    <UnitTest name="checkTimeInIntervalsWhenTimeIsNotInAnyIntervalTest" storage="c:\users\davis\documents\visual studio 2010\projects\picoyplaca\picoplacatest\bin\debug\picoplacatest.dll" id="6c8df1ec-06c0-af4a-79e3-dc6ecb61ad1f">
      <Execution id="46bc21a0-0f23-4f29-b198-f762b8808655" />
      <TestMethod codeBase="C:/Users/Davis/Documents/Visual Studio 2010/Projects/PicoYPlaca/PicoPlacaTest/bin/Debug/PicoPlacaTest.DLL" adapterTypeName="Microsoft.VisualStudio.TestTools.TestTypes.Unit.UnitTestAdapter, Microsoft.VisualStudio.QualityTools.Tips.UnitTest.Adapter, Version=10.0.0.0, Culture=neutral, PublicKeyToken=b03f5f7f11d50a3a" className="PicoPlacaTest.TimeTest, PicoPlacaTest, Version=1.0.0.0, Culture=neutral, PublicKeyToken=null" name="checkTimeInIntervalsWhenTimeIsNotInAnyIntervalTest" />
    </UnitTest>
    <UnitTest name="getPicoPlacaDayOfPlateWhenDayisMonday2Test" storage="c:\users\davis\documents\visual studio 2010\projects\picoyplaca\picoplacatest\bin\debug\picoplacatest.dll" id="a636e3ce-8cdf-eec8-1199-ad7cd4869e03">
      <Execution id="c43e882a-4090-4cae-86fb-3cc4d0297905" />
      <TestMethod codeBase="C:/Users/Davis/Documents/Visual Studio 2010/Projects/PicoYPlaca/PicoPlacaTest/bin/Debug/PicoPlacaTest.DLL" adapterTypeName="Microsoft.VisualStudio.TestTools.TestTypes.Unit.UnitTestAdapter, Microsoft.VisualStudio.QualityTools.Tips.UnitTest.Adapter, Version=10.0.0.0, Culture=neutral, PublicKeyToken=b03f5f7f11d50a3a" className="PicoPlacaTest.VehicleTest, PicoPlacaTest, Version=1.0.0.0, Culture=neutral, PublicKeyToken=null" name="getPicoPlacaDayOfPlateWhenDayisMonday2Test" />
    </UnitTest>
    <UnitTest name="getPicoPlacaDayOfPlateWhenDayisFriday1Test" storage="c:\users\davis\documents\visual studio 2010\projects\picoyplaca\picoplacatest\bin\debug\picoplacatest.dll" id="066ec1dd-c403-5641-211e-14f03715197e">
      <Execution id="6ec018f8-06e5-424b-ae0d-f16bbe0bcba5" />
      <TestMethod codeBase="C:/Users/Davis/Documents/Visual Studio 2010/Projects/PicoYPlaca/PicoPlacaTest/bin/Debug/PicoPlacaTest.DLL" adapterTypeName="Microsoft.VisualStudio.TestTools.TestTypes.Unit.UnitTestAdapter, Microsoft.VisualStudio.QualityTools.Tips.UnitTest.Adapter, Version=10.0.0.0, Culture=neutral, PublicKeyToken=b03f5f7f11d50a3a" className="PicoPlacaTest.VehicleTest, PicoPlacaTest, Version=1.0.0.0, Culture=neutral, PublicKeyToken=null" name="getPicoPlacaDayOfPlateWhenDayisFriday1Test" />
    </UnitTest>
    <UnitTest name="getPicoPlacaDayOfPlateWhenDayisWednesday2Test" storage="c:\users\davis\documents\visual studio 2010\projects\picoyplaca\picoplacatest\bin\debug\picoplacatest.dll" id="5a91918a-c51f-2b31-07d7-443ffbf4b2e6">
      <Execution id="e5b3444f-4c3c-444c-9376-1f6617024fdd" />
      <TestMethod codeBase="C:/Users/Davis/Documents/Visual Studio 2010/Projects/PicoYPlaca/PicoPlacaTest/bin/Debug/PicoPlacaTest.DLL" adapterTypeName="Microsoft.VisualStudio.TestTools.TestTypes.Unit.UnitTestAdapter, Microsoft.VisualStudio.QualityTools.Tips.UnitTest.Adapter, Version=10.0.0.0, Culture=neutral, PublicKeyToken=b03f5f7f11d50a3a" className="PicoPlacaTest.VehicleTest, PicoPlacaTest, Version=1.0.0.0, Culture=neutral, PublicKeyToken=null" name="getPicoPlacaDayOfPlateWhenDayisWednesday2Test" />
    </UnitTest>
    <UnitTest name="DateConstructorTest" storage="c:\users\davis\documents\visual studio 2010\projects\picoyplaca\picoplacatest\bin\debug\picoplacatest.dll" id="7c45eddb-b146-c3c1-aae9-d49646e3bdab">
      <Execution id="a9d818e7-8c84-43d1-a53b-1968601bb4d3" />
      <TestMethod codeBase="C:/Users/Davis/Documents/Visual Studio 2010/Projects/PicoYPlaca/PicoPlacaTest/bin/Debug/PicoPlacaTest.DLL" adapterTypeName="Microsoft.VisualStudio.TestTools.TestTypes.Unit.UnitTestAdapter, Microsoft.VisualStudio.QualityTools.Tips.UnitTest.Adapter, Version=10.0.0.0, Culture=neutral, PublicKeyToken=b03f5f7f11d50a3a" className="PicoPlacaTest.DateTest, PicoPlacaTest, Version=1.0.0.0, Culture=neutral, PublicKeyToken=null" name="DateConstructorTest" />
    </UnitTest>
    <UnitTest name="hasCorrectFormatWhenIsNotCorrectTest" storage="c:\users\davis\documents\visual studio 2010\projects\picoyplaca\picoplacatest\bin\debug\picoplacatest.dll" id="a211ba70-35ec-e259-365b-14fe87d9a523">
      <Execution id="af37a1ef-e7b6-4a30-9df4-90ac810e84fe" />
      <TestMethod codeBase="C:/Users/Davis/Documents/Visual Studio 2010/Projects/PicoYPlaca/PicoPlacaTest/bin/Debug/PicoPlacaTest.DLL" adapterTypeName="Microsoft.VisualStudio.TestTools.TestTypes.Unit.UnitTestAdapter, Microsoft.VisualStudio.QualityTools.Tips.UnitTest.Adapter, Version=10.0.0.0, Culture=neutral, PublicKeyToken=b03f5f7f11d50a3a" className="PicoPlacaTest.TimeTest, PicoPlacaTest, Version=1.0.0.0, Culture=neutral, PublicKeyToken=null" name="hasCorrectFormatWhenIsNotCorrectTest" />
    </UnitTest>
    <UnitTest name="VehicleConstructorTest" storage="c:\users\davis\documents\visual studio 2010\projects\picoyplaca\picoplacatest\bin\debug\picoplacatest.dll" id="667db6a8-9899-5d57-117e-758449c0fd1e">
      <Execution id="260e68bf-593b-43be-b0f6-2ff306356115" />
      <TestMethod codeBase="C:/Users/Davis/Documents/Visual Studio 2010/Projects/PicoYPlaca/PicoPlacaTest/bin/Debug/PicoPlacaTest.DLL" adapterTypeName="Microsoft.VisualStudio.TestTools.TestTypes.Unit.UnitTestAdapter, Microsoft.VisualStudio.QualityTools.Tips.UnitTest.Adapter, Version=10.0.0.0, Culture=neutral, PublicKeyToken=b03f5f7f11d50a3a" className="PicoPlacaTest.VehicleTest, PicoPlacaTest, Version=1.0.0.0, Culture=neutral, PublicKeyToken=null" name="VehicleConstructorTest" />
    </UnitTest>
    <UnitTest name="checkTimeInIntervalsWhenTimeIsInInterval2Test" storage="c:\users\davis\documents\visual studio 2010\projects\picoyplaca\picoplacatest\bin\debug\picoplacatest.dll" id="7477e6a1-93af-227d-19e5-f30e34b27230">
      <Execution id="ddb15d50-9097-45b4-ba66-fdc78daccb0c" />
      <TestMethod codeBase="C:/Users/Davis/Documents/Visual Studio 2010/Projects/PicoYPlaca/PicoPlacaTest/bin/Debug/PicoPlacaTest.DLL" adapterTypeName="Microsoft.VisualStudio.TestTools.TestTypes.Unit.UnitTestAdapter, Microsoft.VisualStudio.QualityTools.Tips.UnitTest.Adapter, Version=10.0.0.0, Culture=neutral, PublicKeyToken=b03f5f7f11d50a3a" className="PicoPlacaTest.TimeTest, PicoPlacaTest, Version=1.0.0.0, Culture=neutral, PublicKeyToken=null" name="checkTimeInIntervalsWhenTimeIsInInterval2Test" />
    </UnitTest>
    <UnitTest name="verifyPlateTestWithWrongFormat" storage="c:\users\davis\documents\visual studio 2010\projects\picoyplaca\picoplacatest\bin\debug\picoplacatest.dll" id="0f98023c-16cc-edd9-effa-48857a91e141">
      <Execution id="e26b4c61-84ea-4e93-8bd1-bb05ee93dc93" />
      <TestMethod codeBase="C:/Users/Davis/Documents/Visual Studio 2010/Projects/PicoYPlaca/PicoPlacaTest/bin/Debug/PicoPlacaTest.DLL" adapterTypeName="Microsoft.VisualStudio.TestTools.TestTypes.Unit.UnitTestAdapter, Microsoft.VisualStudio.QualityTools.Tips.UnitTest.Adapter, Version=10.0.0.0, Culture=neutral, PublicKeyToken=b03f5f7f11d50a3a" className="PicoPlacaTest.VehicleTest, PicoPlacaTest, Version=1.0.0.0, Culture=neutral, PublicKeyToken=null" name="verifyPlateTestWithWrongFormat" />
    </UnitTest>
    <UnitTest name="getPicoPlacaDayOfPlateWhenDayisTuesdayTest" storage="c:\users\davis\documents\visual studio 2010\projects\picoyplaca\picoplacatest\bin\debug\picoplacatest.dll" id="b1195f37-acad-2bd4-6150-51b267e10b8e">
      <Execution id="45b622a4-d1c8-4ee4-b7b0-66047e91448c" />
      <TestMethod codeBase="C:/Users/Davis/Documents/Visual Studio 2010/Projects/PicoYPlaca/PicoPlacaTest/bin/Debug/PicoPlacaTest.DLL" adapterTypeName="Microsoft.VisualStudio.TestTools.TestTypes.Unit.UnitTestAdapter, Microsoft.VisualStudio.QualityTools.Tips.UnitTest.Adapter, Version=10.0.0.0, Culture=neutral, PublicKeyToken=b03f5f7f11d50a3a" className="PicoPlacaTest.VehicleTest, PicoPlacaTest, Version=1.0.0.0, Culture=neutral, PublicKeyToken=null" name="getPicoPlacaDayOfPlateWhenDayisTuesdayTest" />
    </UnitTest>
    <UnitTest name="checkTimeInIntervalsWhenTimeIsInInterval1Test" storage="c:\users\davis\documents\visual studio 2010\projects\picoyplaca\picoplacatest\bin\debug\picoplacatest.dll" id="b14be646-4889-bafb-827e-dab299e5f65f">
      <Execution id="1e8e5a4c-0c22-4dd6-b935-8f8054b20910" />
      <TestMethod codeBase="C:/Users/Davis/Documents/Visual Studio 2010/Projects/PicoYPlaca/PicoPlacaTest/bin/Debug/PicoPlacaTest.DLL" adapterTypeName="Microsoft.VisualStudio.TestTools.TestTypes.Unit.UnitTestAdapter, Microsoft.VisualStudio.QualityTools.Tips.UnitTest.Adapter, Version=10.0.0.0, Culture=neutral, PublicKeyToken=b03f5f7f11d50a3a" className="PicoPlacaTest.TimeTest, PicoPlacaTest, Version=1.0.0.0, Culture=neutral, PublicKeyToken=null" name="checkTimeInIntervalsWhenTimeIsInInterval1Test" />
    </UnitTest>
    <UnitTest name="getDayOfTheWeekFromDateTest" storage="c:\users\davis\documents\visual studio 2010\projects\picoyplaca\picoplacatest\bin\debug\picoplacatest.dll" id="f481ecc7-e114-aea7-0081-11eb4f98100f">
      <Execution id="36d4bec6-4d7b-402f-bf77-1717be642a58" />
      <TestMethod codeBase="C:/Users/Davis/Documents/Visual Studio 2010/Projects/PicoYPlaca/PicoPlacaTest/bin/Debug/PicoPlacaTest.DLL" adapterTypeName="Microsoft.VisualStudio.TestTools.TestTypes.Unit.UnitTestAdapter, Microsoft.VisualStudio.QualityTools.Tips.UnitTest.Adapter, Version=10.0.0.0, Culture=neutral, PublicKeyToken=b03f5f7f11d50a3a" className="PicoPlacaTest.DateTest, PicoPlacaTest, Version=1.0.0.0, Culture=neutral, PublicKeyToken=null" name="getDayOfTheWeekFromDateTest" />
    </UnitTest>
    <UnitTest name="PlateTest" storage="c:\users\davis\documents\visual studio 2010\projects\picoyplaca\picoplacatest\bin\debug\picoplacatest.dll" id="ba8bc033-c76e-637c-d4cf-49df988eb7fd">
      <Execution id="952f397b-b0c9-4a3f-91fa-2f41daca7140" />
      <TestMethod codeBase="C:/Users/Davis/Documents/Visual Studio 2010/Projects/PicoYPlaca/PicoPlacaTest/bin/Debug/PicoPlacaTest.DLL" adapterTypeName="Microsoft.VisualStudio.TestTools.TestTypes.Unit.UnitTestAdapter, Microsoft.VisualStudio.QualityTools.Tips.UnitTest.Adapter, Version=10.0.0.0, Culture=neutral, PublicKeyToken=b03f5f7f11d50a3a" className="PicoPlacaTest.VehicleTest, PicoPlacaTest, Version=1.0.0.0, Culture=neutral, PublicKeyToken=null" name="PlateTest" />
    </UnitTest>
    <UnitTest name="getPicoPlacaDayOfPlateWhenDayisTuesday2Test" storage="c:\users\davis\documents\visual studio 2010\projects\picoyplaca\picoplacatest\bin\debug\picoplacatest.dll" id="d18c4972-fa94-6825-d72f-3596e80cebe2">
      <Execution id="bfe93893-157a-4ce8-939d-1b13746bd4b5" />
      <TestMethod codeBase="C:/Users/Davis/Documents/Visual Studio 2010/Projects/PicoYPlaca/PicoPlacaTest/bin/Debug/PicoPlacaTest.DLL" adapterTypeName="Microsoft.VisualStudio.TestTools.TestTypes.Unit.UnitTestAdapter, Microsoft.VisualStudio.QualityTools.Tips.UnitTest.Adapter, Version=10.0.0.0, Culture=neutral, PublicKeyToken=b03f5f7f11d50a3a" className="PicoPlacaTest.VehicleTest, PicoPlacaTest, Version=1.0.0.0, Culture=neutral, PublicKeyToken=null" name="getPicoPlacaDayOfPlateWhenDayisTuesday2Test" />
    </UnitTest>
    <UnitTest name="verifyPlateTestWithRightFormat" storage="c:\users\davis\documents\visual studio 2010\projects\picoyplaca\picoplacatest\bin\debug\picoplacatest.dll" id="c891b938-1156-5e72-5902-b4e2ca087abf">
      <Execution id="a038e673-65fe-447d-a8d4-c46de0e64266" />
      <TestMethod codeBase="C:/Users/Davis/Documents/Visual Studio 2010/Projects/PicoYPlaca/PicoPlacaTest/bin/Debug/PicoPlacaTest.DLL" adapterTypeName="Microsoft.VisualStudio.TestTools.TestTypes.Unit.UnitTestAdapter, Microsoft.VisualStudio.QualityTools.Tips.UnitTest.Adapter, Version=10.0.0.0, Culture=neutral, PublicKeyToken=b03f5f7f11d50a3a" className="PicoPlacaTest.VehicleTest, PicoPlacaTest, Version=1.0.0.0, Culture=neutral, PublicKeyToken=null" name="verifyPlateTestWithRightFormat" />
    </UnitTest>
    <UnitTest name="ValidationConstructorTest" storage="c:\users\davis\documents\visual studio 2010\projects\picoyplaca\picoplacatest\bin\debug\picoplacatest.dll" id="9a633d35-bb77-620b-735a-4b2bc2fa526a">
      <Execution id="fd065e87-4e80-4593-b876-1b506b5cfece" />
      <TestMethod codeBase="C:/Users/Davis/Documents/Visual Studio 2010/Projects/PicoYPlaca/PicoPlacaTest/bin/Debug/PicoPlacaTest.DLL" adapterTypeName="Microsoft.VisualStudio.TestTools.TestTypes.Unit.UnitTestAdapter, Microsoft.VisualStudio.QualityTools.Tips.UnitTest.Adapter, Version=10.0.0.0, Culture=neutral, PublicKeyToken=b03f5f7f11d50a3a" className="PicoPlacaTest.ValidationTest, PicoPlacaTest, Version=1.0.0.0, Culture=neutral, PublicKeyToken=null" name="ValidationConstructorTest" />
    </UnitTest>
    <UnitTest name="getPicoPlacaDayOfPlateWhenPlateisIncorrectTest" storage="c:\users\davis\documents\visual studio 2010\projects\picoyplaca\picoplacatest\bin\debug\picoplacatest.dll" id="d0fd6fc2-5467-6a6e-dfa7-6b59a8e3cfa9">
      <Execution id="230b0195-7057-4cb9-b666-15c19f97129f" />
      <TestMethod codeBase="C:/Users/Davis/Documents/Visual Studio 2010/Projects/PicoYPlaca/PicoPlacaTest/bin/Debug/PicoPlacaTest.DLL" adapterTypeName="Microsoft.VisualStudio.TestTools.TestTypes.Unit.UnitTestAdapter, Microsoft.VisualStudio.QualityTools.Tips.UnitTest.Adapter, Version=10.0.0.0, Culture=neutral, PublicKeyToken=b03f5f7f11d50a3a" className="PicoPlacaTest.VehicleTest, PicoPlacaTest, Version=1.0.0.0, Culture=neutral, PublicKeyToken=null" name="getPicoPlacaDayOfPlateWhenPlateisIncorrectTest" />
    </UnitTest>
  </TestDefinitions>
  <TestLists>
    <TestList name="Resultados que no están en la lista" id="8c84fa94-04c1-424b-9868-57a2d4851a1d" />
    <TestList name="Todos los resultados cargados" id="19431567-8539-422a-85d7-44ee4e166bda" />
  </TestLists>
  <TestEntries>
    <TestEntry testId="066ec1dd-c403-5641-211e-14f03715197e" executionId="6ec018f8-06e5-424b-ae0d-f16bbe0bcba5" testListId="8c84fa94-04c1-424b-9868-57a2d4851a1d" />
    <TestEntry testId="0f98023c-16cc-edd9-effa-48857a91e141" executionId="e26b4c61-84ea-4e93-8bd1-bb05ee93dc93" testListId="8c84fa94-04c1-424b-9868-57a2d4851a1d" />
    <TestEntry testId="2d1ff8ad-904e-0073-c064-21eb1807380c" executionId="2b784e0e-5bb8-4469-8ddb-28a9a4a7e896" testListId="8c84fa94-04c1-424b-9868-57a2d4851a1d" />
    <TestEntry testId="3d03e10e-d7c2-47cc-5052-8d45169888f5" executionId="a6cc09c6-a2d7-4743-a536-fdbfff19ef11" testListId="8c84fa94-04c1-424b-9868-57a2d4851a1d" />
    <TestEntry testId="5a91918a-c51f-2b31-07d7-443ffbf4b2e6" executionId="e5b3444f-4c3c-444c-9376-1f6617024fdd" testListId="8c84fa94-04c1-424b-9868-57a2d4851a1d" />
    <TestEntry testId="667db6a8-9899-5d57-117e-758449c0fd1e" executionId="260e68bf-593b-43be-b0f6-2ff306356115" testListId="8c84fa94-04c1-424b-9868-57a2d4851a1d" />
    <TestEntry testId="6a0bd2e7-3522-a594-1d70-0fba2203656d" executionId="645c5e75-44e9-4658-a1d8-6f25d514b3ad" testListId="8c84fa94-04c1-424b-9868-57a2d4851a1d" />
    <TestEntry testId="6b2daf42-7f54-6801-4994-17334ce69f02" executionId="b32f4db0-bf3f-4914-bbc2-7b93d1e71833" testListId="8c84fa94-04c1-424b-9868-57a2d4851a1d" />
    <TestEntry testId="6c8df1ec-06c0-af4a-79e3-dc6ecb61ad1f" executionId="46bc21a0-0f23-4f29-b198-f762b8808655" testListId="8c84fa94-04c1-424b-9868-57a2d4851a1d" />
    <TestEntry testId="7477e6a1-93af-227d-19e5-f30e34b27230" executionId="ddb15d50-9097-45b4-ba66-fdc78daccb0c" testListId="8c84fa94-04c1-424b-9868-57a2d4851a1d" />
    <TestEntry testId="7c45eddb-b146-c3c1-aae9-d49646e3bdab" executionId="a9d818e7-8c84-43d1-a53b-1968601bb4d3" testListId="8c84fa94-04c1-424b-9868-57a2d4851a1d" />
    <TestEntry testId="9a633d35-bb77-620b-735a-4b2bc2fa526a" executionId="fd065e87-4e80-4593-b876-1b506b5cfece" testListId="8c84fa94-04c1-424b-9868-57a2d4851a1d" />
    <TestEntry testId="9bc7919b-9f5b-8183-2912-3f4b59690929" executionId="45eeb463-3577-43d2-9de6-b797bdfdc368" testListId="8c84fa94-04c1-424b-9868-57a2d4851a1d" />
    <TestEntry testId="a211ba70-35ec-e259-365b-14fe87d9a523" executionId="af37a1ef-e7b6-4a30-9df4-90ac810e84fe" testListId="8c84fa94-04c1-424b-9868-57a2d4851a1d" />
    <TestEntry testId="a636e3ce-8cdf-eec8-1199-ad7cd4869e03" executionId="c43e882a-4090-4cae-86fb-3cc4d0297905" testListId="8c84fa94-04c1-424b-9868-57a2d4851a1d" />
    <TestEntry testId="b1195f37-acad-2bd4-6150-51b267e10b8e" executionId="45b622a4-d1c8-4ee4-b7b0-66047e91448c" testListId="8c84fa94-04c1-424b-9868-57a2d4851a1d" />
    <TestEntry testId="b14be646-4889-bafb-827e-dab299e5f65f" executionId="1e8e5a4c-0c22-4dd6-b935-8f8054b20910" testListId="8c84fa94-04c1-424b-9868-57a2d4851a1d" />
    <TestEntry testId="ba8bc033-c76e-637c-d4cf-49df988eb7fd" executionId="952f397b-b0c9-4a3f-91fa-2f41daca7140" testListId="8c84fa94-04c1-424b-9868-57a2d4851a1d" />
    <TestEntry testId="c172d27d-1725-8d45-ad4b-8b860c8ab8d1" executionId="e13743c2-682c-4cd4-8a9d-5dc25a67a9de" testListId="8c84fa94-04c1-424b-9868-57a2d4851a1d" />
    <TestEntry testId="c689a220-8c8b-01b5-be0a-6f4025ccb33b" executionId="c89777d2-3b74-4ac2-b64d-009a8ff2d927" testListId="8c84fa94-04c1-424b-9868-57a2d4851a1d" />
    <TestEntry testId="c891b938-1156-5e72-5902-b4e2ca087abf" executionId="a038e673-65fe-447d-a8d4-c46de0e64266" testListId="8c84fa94-04c1-424b-9868-57a2d4851a1d" />
    <TestEntry testId="d0fd6fc2-5467-6a6e-dfa7-6b59a8e3cfa9" executionId="230b0195-7057-4cb9-b666-15c19f97129f" testListId="8c84fa94-04c1-424b-9868-57a2d4851a1d" />
    <TestEntry testId="d18c4972-fa94-6825-d72f-3596e80cebe2" executionId="bfe93893-157a-4ce8-939d-1b13746bd4b5" testListId="8c84fa94-04c1-424b-9868-57a2d4851a1d" />
    <TestEntry testId="f2e4a6dc-a64e-bf95-7a43-1311308f6220" executionId="f9e322d7-605b-40d9-a5b5-390a69a63842" testListId="8c84fa94-04c1-424b-9868-57a2d4851a1d" />
    <TestEntry testId="f481ecc7-e114-aea7-0081-11eb4f98100f" executionId="36d4bec6-4d7b-402f-bf77-1717be642a58" testListId="8c84fa94-04c1-424b-9868-57a2d4851a1d" />
    <TestEntry testId="ff122efc-5fef-0112-e34a-7da52c9b85d9" executionId="392c1a47-875a-4fd3-9245-2aca7a84cfff" testListId="8c84fa94-04c1-424b-9868-57a2d4851a1d" />
  </TestEntries>
  <Results>
    <UnitTestResult executionId="6ec018f8-06e5-424b-ae0d-f16bbe0bcba5" testId="066ec1dd-c403-5641-211e-14f03715197e" testName="getPicoPlacaDayOfPlateWhenDayisFriday1Test" computerName="DAVIS-PC" duration="00:00:00.2543054" startTime="2018-02-28T02:28:21.2779325-05:00" endTime="2018-02-28T02:28:24.0560914-05:00" testType="13cdc9d9-ddb5-4fa4-a97d-d965ccfc6d4b" outcome="Passed" testListId="8c84fa94-04c1-424b-9868-57a2d4851a1d" relativeResultsDirectory="6ec018f8-06e5-424b-ae0d-f16bbe0bcba5">
    </UnitTestResult>
    <UnitTestResult executionId="e26b4c61-84ea-4e93-8bd1-bb05ee93dc93" testId="0f98023c-16cc-edd9-effa-48857a91e141" testName="verifyPlateTestWithWrongFormat" computerName="DAVIS-PC" duration="00:00:00.0019482" startTime="2018-02-28T02:28:24.1350959-05:00" endTime="2018-02-28T02:28:24.1480966-05:00" testType="13cdc9d9-ddb5-4fa4-a97d-d965ccfc6d4b" outcome="Passed" testListId="8c84fa94-04c1-424b-9868-57a2d4851a1d" relativeResultsDirectory="e26b4c61-84ea-4e93-8bd1-bb05ee93dc93">
    </UnitTestResult>
    <UnitTestResult executionId="2b784e0e-5bb8-4469-8ddb-28a9a4a7e896" testId="2d1ff8ad-904e-0073-c064-21eb1807380c" testName="getPicoPlacaDayOfPlateWhenDayisMondayTest" computerName="DAVIS-PC" duration="00:00:00.0003689" startTime="2018-02-28T02:28:24.1910991-05:00" endTime="2018-02-28T02:28:24.2131003-05:00" testType="13cdc9d9-ddb5-4fa4-a97d-d965ccfc6d4b" outcome="Passed" testListId="8c84fa94-04c1-424b-9868-57a2d4851a1d" relativeResultsDirectory="2b784e0e-5bb8-4469-8ddb-28a9a4a7e896">
    </UnitTestResult>
    <UnitTestResult executionId="a6cc09c6-a2d7-4743-a536-fdbfff19ef11" testId="3d03e10e-d7c2-47cc-5052-8d45169888f5" testName="getPicoPlacaDayOfPlateWhenDayisFriday2Test" computerName="DAVIS-PC" duration="00:00:00.0003836" startTime="2018-02-28T02:28:24.2461022-05:00" endTime="2018-02-28T02:28:24.2651033-05:00" testType="13cdc9d9-ddb5-4fa4-a97d-d965ccfc6d4b" outcome="Passed" testListId="8c84fa94-04c1-424b-9868-57a2d4851a1d" relativeResultsDirectory="a6cc09c6-a2d7-4743-a536-fdbfff19ef11">
    </UnitTestResult>
    <UnitTestResult executionId="e5b3444f-4c3c-444c-9376-1f6617024fdd" testId="5a91918a-c51f-2b31-07d7-443ffbf4b2e6" testName="getPicoPlacaDayOfPlateWhenDayisWednesday2Test" computerName="DAVIS-PC" duration="00:00:00.0003717" startTime="2018-02-28T02:28:24.3491081-05:00" endTime="2018-02-28T02:28:24.3901105-05:00" testType="13cdc9d9-ddb5-4fa4-a97d-d965ccfc6d4b" outcome="Passed" testListId="8c84fa94-04c1-424b-9868-57a2d4851a1d" relativeResultsDirectory="e5b3444f-4c3c-444c-9376-1f6617024fdd">
    </UnitTestResult>
    <UnitTestResult executionId="260e68bf-593b-43be-b0f6-2ff306356115" testId="667db6a8-9899-5d57-117e-758449c0fd1e" testName="VehicleConstructorTest" computerName="DAVIS-PC" duration="00:00:00.0003288" startTime="2018-02-28T02:28:24.4561142-05:00" endTime="2018-02-28T02:28:24.4771154-05:00" testType="13cdc9d9-ddb5-4fa4-a97d-d965ccfc6d4b" outcome="Passed" testListId="8c84fa94-04c1-424b-9868-57a2d4851a1d" relativeResultsDirectory="260e68bf-593b-43be-b0f6-2ff306356115">
    </UnitTestResult>
    <UnitTestResult executionId="645c5e75-44e9-4658-a1d8-6f25d514b3ad" testId="6a0bd2e7-3522-a594-1d70-0fba2203656d" testName="canBeOnRoadTest" computerName="DAVIS-PC" duration="00:01:52.6904455" startTime="2018-02-28T02:28:24.4981167-05:00" endTime="2018-02-28T02:30:17.1885622-05:00" testType="13cdc9d9-ddb5-4fa4-a97d-d965ccfc6d4b" outcome="Aborted" testListId="8c84fa94-04c1-424b-9868-57a2d4851a1d" relativeResultsDirectory="645c5e75-44e9-4658-a1d8-6f25d514b3ad">
    </UnitTestResult>
    <UnitTestResult executionId="b32f4db0-bf3f-4914-bbc2-7b93d1e71833" testId="6b2daf42-7f54-6801-4994-17334ce69f02" testName="getPicoPlacaDayOfPlateWhenDayisThursday1Test" computerName="DAVIS-PC" testType="13cdc9d9-ddb5-4fa4-a97d-d965ccfc6d4b" outcome="NotExecuted" testListId="8c84fa94-04c1-424b-9868-57a2d4851a1d" relativeResultsDirectory="b32f4db0-bf3f-4914-bbc2-7b93d1e71833">
    </UnitTestResult>
    <UnitTestResult executionId="46bc21a0-0f23-4f29-b198-f762b8808655" testId="6c8df1ec-06c0-af4a-79e3-dc6ecb61ad1f" testName="checkTimeInIntervalsWhenTimeIsNotInAnyIntervalTest" computerName="DAVIS-PC" testType="13cdc9d9-ddb5-4fa4-a97d-d965ccfc6d4b" outcome="NotExecuted" testListId="8c84fa94-04c1-424b-9868-57a2d4851a1d" relativeResultsDirectory="46bc21a0-0f23-4f29-b198-f762b8808655">
    </UnitTestResult>
    <UnitTestResult executionId="ddb15d50-9097-45b4-ba66-fdc78daccb0c" testId="7477e6a1-93af-227d-19e5-f30e34b27230" testName="checkTimeInIntervalsWhenTimeIsInInterval2Test" computerName="DAVIS-PC" testType="13cdc9d9-ddb5-4fa4-a97d-d965ccfc6d4b" outcome="NotExecuted" testListId="8c84fa94-04c1-424b-9868-57a2d4851a1d" relativeResultsDirectory="ddb15d50-9097-45b4-ba66-fdc78daccb0c">
    </UnitTestResult>
    <UnitTestResult executionId="a9d818e7-8c84-43d1-a53b-1968601bb4d3" testId="7c45eddb-b146-c3c1-aae9-d49646e3bdab" testName="DateConstructorTest" computerName="DAVIS-PC" testType="13cdc9d9-ddb5-4fa4-a97d-d965ccfc6d4b" outcome="NotExecuted" testListId="8c84fa94-04c1-424b-9868-57a2d4851a1d" relativeResultsDirectory="a9d818e7-8c84-43d1-a53b-1968601bb4d3">
    </UnitTestResult>
    <UnitTestResult executionId="fd065e87-4e80-4593-b876-1b506b5cfece" testId="9a633d35-bb77-620b-735a-4b2bc2fa526a" testName="ValidationConstructorTest" computerName="DAVIS-PC" testType="13cdc9d9-ddb5-4fa4-a97d-d965ccfc6d4b" outcome="NotExecuted" testListId="8c84fa94-04c1-424b-9868-57a2d4851a1d" relativeResultsDirectory="fd065e87-4e80-4593-b876-1b506b5cfece">
    </UnitTestResult>
    <UnitTestResult executionId="45eeb463-3577-43d2-9de6-b797bdfdc368" testId="9bc7919b-9f5b-8183-2912-3f4b59690929" testName="getPlateTest" computerName="DAVIS-PC" testType="13cdc9d9-ddb5-4fa4-a97d-d965ccfc6d4b" outcome="NotExecuted" testListId="8c84fa94-04c1-424b-9868-57a2d4851a1d" relativeResultsDirectory="45eeb463-3577-43d2-9de6-b797bdfdc368">
    </UnitTestResult>
    <UnitTestResult executionId="af37a1ef-e7b6-4a30-9df4-90ac810e84fe" testId="a211ba70-35ec-e259-365b-14fe87d9a523" testName="hasCorrectFormatWhenIsNotCorrectTest" computerName="DAVIS-PC" testType="13cdc9d9-ddb5-4fa4-a97d-d965ccfc6d4b" outcome="NotExecuted" testListId="8c84fa94-04c1-424b-9868-57a2d4851a1d" relativeResultsDirectory="af37a1ef-e7b6-4a30-9df4-90ac810e84fe">
    </UnitTestResult>
    <UnitTestResult executionId="c43e882a-4090-4cae-86fb-3cc4d0297905" testId="a636e3ce-8cdf-eec8-1199-ad7cd4869e03" testName="getPicoPlacaDayOfPlateWhenDayisMonday2Test" computerName="DAVIS-PC" testType="13cdc9d9-ddb5-4fa4-a97d-d965ccfc6d4b" outcome="NotExecuted" testListId="8c84fa94-04c1-424b-9868-57a2d4851a1d" relativeResultsDirectory="c43e882a-4090-4cae-86fb-3cc4d0297905">
    </UnitTestResult>
    <UnitTestResult executionId="45b622a4-d1c8-4ee4-b7b0-66047e91448c" testId="b1195f37-acad-2bd4-6150-51b267e10b8e" testName="getPicoPlacaDayOfPlateWhenDayisTuesdayTest" computerName="DAVIS-PC" testType="13cdc9d9-ddb5-4fa4-a97d-d965ccfc6d4b" outcome="NotExecuted" testListId="8c84fa94-04c1-424b-9868-57a2d4851a1d" relativeResultsDirectory="45b622a4-d1c8-4ee4-b7b0-66047e91448c">
    </UnitTestResult>
    <UnitTestResult executionId="1e8e5a4c-0c22-4dd6-b935-8f8054b20910" testId="b14be646-4889-bafb-827e-dab299e5f65f" testName="checkTimeInIntervalsWhenTimeIsInInterval1Test" computerName="DAVIS-PC" testType="13cdc9d9-ddb5-4fa4-a97d-d965ccfc6d4b" outcome="NotExecuted" testListId="8c84fa94-04c1-424b-9868-57a2d4851a1d" relativeResultsDirectory="1e8e5a4c-0c22-4dd6-b935-8f8054b20910">
    </UnitTestResult>
    <UnitTestResult executionId="952f397b-b0c9-4a3f-91fa-2f41daca7140" testId="ba8bc033-c76e-637c-d4cf-49df988eb7fd" testName="PlateTest" computerName="DAVIS-PC" testType="13cdc9d9-ddb5-4fa4-a97d-d965ccfc6d4b" outcome="NotExecuted" testListId="8c84fa94-04c1-424b-9868-57a2d4851a1d" relativeResultsDirectory="952f397b-b0c9-4a3f-91fa-2f41daca7140">
    </UnitTestResult>
    <UnitTestResult executionId="e13743c2-682c-4cd4-8a9d-5dc25a67a9de" testId="c172d27d-1725-8d45-ad4b-8b860c8ab8d1" testName="getPicoPlacaDayOfPlateWhenDayisThursday2Test" computerName="DAVIS-PC" testType="13cdc9d9-ddb5-4fa4-a97d-d965ccfc6d4b" outcome="NotExecuted" testListId="8c84fa94-04c1-424b-9868-57a2d4851a1d" relativeResultsDirectory="e13743c2-682c-4cd4-8a9d-5dc25a67a9de">
    </UnitTestResult>
    <UnitTestResult executionId="c89777d2-3b74-4ac2-b64d-009a8ff2d927" testId="c689a220-8c8b-01b5-be0a-6f4025ccb33b" testName="TimeConstructorTest" computerName="DAVIS-PC" testType="13cdc9d9-ddb5-4fa4-a97d-d965ccfc6d4b" outcome="NotExecuted" testListId="8c84fa94-04c1-424b-9868-57a2d4851a1d" relativeResultsDirectory="c89777d2-3b74-4ac2-b64d-009a8ff2d927">
    </UnitTestResult>
    <UnitTestResult executionId="a038e673-65fe-447d-a8d4-c46de0e64266" testId="c891b938-1156-5e72-5902-b4e2ca087abf" testName="verifyPlateTestWithRightFormat" computerName="DAVIS-PC" testType="13cdc9d9-ddb5-4fa4-a97d-d965ccfc6d4b" outcome="NotExecuted" testListId="8c84fa94-04c1-424b-9868-57a2d4851a1d" relativeResultsDirectory="a038e673-65fe-447d-a8d4-c46de0e64266">
    </UnitTestResult>
    <UnitTestResult executionId="230b0195-7057-4cb9-b666-15c19f97129f" testId="d0fd6fc2-5467-6a6e-dfa7-6b59a8e3cfa9" testName="getPicoPlacaDayOfPlateWhenPlateisIncorrectTest" computerName="DAVIS-PC" testType="13cdc9d9-ddb5-4fa4-a97d-d965ccfc6d4b" outcome="NotExecuted" testListId="8c84fa94-04c1-424b-9868-57a2d4851a1d" relativeResultsDirectory="230b0195-7057-4cb9-b666-15c19f97129f">
    </UnitTestResult>
    <UnitTestResult executionId="bfe93893-157a-4ce8-939d-1b13746bd4b5" testId="d18c4972-fa94-6825-d72f-3596e80cebe2" testName="getPicoPlacaDayOfPlateWhenDayisTuesday2Test" computerName="DAVIS-PC" testType="13cdc9d9-ddb5-4fa4-a97d-d965ccfc6d4b" outcome="NotExecuted" testListId="8c84fa94-04c1-424b-9868-57a2d4851a1d" relativeResultsDirectory="bfe93893-157a-4ce8-939d-1b13746bd4b5">
    </UnitTestResult>
    <UnitTestResult executionId="f9e322d7-605b-40d9-a5b5-390a69a63842" testId="f2e4a6dc-a64e-bf95-7a43-1311308f6220" testName="getPicoPlacaDayOfPlateWhenDayisWednesday1Test" computerName="DAVIS-PC" testType="13cdc9d9-ddb5-4fa4-a97d-d965ccfc6d4b" outcome="NotExecuted" testListId="8c84fa94-04c1-424b-9868-57a2d4851a1d" relativeResultsDirectory="f9e322d7-605b-40d9-a5b5-390a69a63842">
    </UnitTestResult>
    <UnitTestResult executionId="36d4bec6-4d7b-402f-bf77-1717be642a58" testId="f481ecc7-e114-aea7-0081-11eb4f98100f" testName="getDayOfTheWeekFromDateTest" computerName="DAVIS-PC" testType="13cdc9d9-ddb5-4fa4-a97d-d965ccfc6d4b" outcome="NotExecuted" testListId="8c84fa94-04c1-424b-9868-57a2d4851a1d" relativeResultsDirectory="36d4bec6-4d7b-402f-bf77-1717be642a58">
    </UnitTestResult>
    <UnitTestResult executionId="392c1a47-875a-4fd3-9245-2aca7a84cfff" testId="ff122efc-5fef-0112-e34a-7da52c9b85d9" testName="hasCorrectFormatWhenIsCorrectTest" computerName="DAVIS-PC" testType="13cdc9d9-ddb5-4fa4-a97d-d965ccfc6d4b" outcome="NotExecuted" testListId="8c84fa94-04c1-424b-9868-57a2d4851a1d" relativeResultsDirectory="392c1a47-875a-4fd3-9245-2aca7a84cfff">
    </UnitTestResult>
  </Results>
</TestRun>