<?xml version="1.0" encoding="UTF-8"?>
<TestRun id="f59af129-bf46-40f9-95be-61231ec809ac" name="Davis@DAVIS-PC 2018-02-28 02:12:21" runUser="Davis-PC\Davis" xmlns="http://microsoft.com/schemas/VisualStudio/TeamTest/2010">
  <TestSettings name="Local" id="1720a554-5444-43b8-ac4c-8de435d5b1c9">
    <Description>Esta es la configuración de pruebas predeterminada para una ejecución de pruebas local.</Description>
    <Deployment enabled="false" runDeploymentRoot="Davis_DAVIS-PC 2018-02-28 02_12_21">
      <DeploymentItem filename="C:\Program Files\ComponentArt\UI Framework 2012 for .NET\assembly\wpf\core\ComponentArt.Win.UI.Navigation.dll" />
      <DeploymentItem filename="C:\Users\Davis\documents\visual studio 2010\Projects\PicoYPlaca\PicoYPlaca\bin\Debug\PicoYPlaca.exe" />
      <DeploymentItem filename="C:\Program Files\ComponentArt\UI Framework 2012 for .NET\assembly\wpf\core\ComponentArt.Win.UI.Common.dll" />
    </Deployment>
    <Execution>
      <TestTypeSpecific />
      <AgentRule name="Execution Agents">
      </AgentRule>
    </Execution>
  </TestSettings>
  <Times creation="2018-02-28T02:12:21.6410444-05:00" queuing="2018-02-28T02:12:22.4590912-05:00" start="2018-02-28T02:12:22.7231063-05:00" finish="2018-02-28T02:12:24.7212206-05:00" />
  <ResultSummary outcome="Failed">
    <Counters total="26" executed="26" passed="25" error="0" failed="1" timeout="0" aborted="0" inconclusive="0" passedButRunAborted="0" notRunnable="0" notExecuted="0" disconnected="0" warning="0" completed="0" inProgress="0" pending="0" />
  </ResultSummary>
  <TestDefinitions>
    <UnitTest name="TimeConstructorTest" storage="c:\users\davis\documents\visual studio 2010\projects\picoyplaca\picoplacatest\bin\debug\picoplacatest.dll" id="c689a220-8c8b-01b5-be0a-6f4025ccb33b">
      <Execution id="f8877a9b-03b1-4aef-9073-e717a3447ec9" />
      <TestMethod codeBase="C:/Users/Davis/Documents/Visual Studio 2010/Projects/PicoYPlaca/PicoPlacaTest/bin/Debug/PicoPlacaTest.DLL" adapterTypeName="Microsoft.VisualStudio.TestTools.TestTypes.Unit.UnitTestAdapter, Microsoft.VisualStudio.QualityTools.Tips.UnitTest.Adapter, Version=10.0.0.0, Culture=neutral, PublicKeyToken=b03f5f7f11d50a3a" className="PicoPlacaTest.TimeTest, PicoPlacaTest, Version=1.0.0.0, Culture=neutral, PublicKeyToken=null" name="TimeConstructorTest" />
    </UnitTest>
    <UnitTest name="getPicoPlacaDayOfPlateWhenDayisWednesday1Test" storage="c:\users\davis\documents\visual studio 2010\projects\picoyplaca\picoplacatest\bin\debug\picoplacatest.dll" id="f2e4a6dc-a64e-bf95-7a43-1311308f6220">
      <Execution id="53cbe502-bdf9-46a3-9b70-a3f096806ba6" />
      <TestMethod codeBase="C:/Users/Davis/Documents/Visual Studio 2010/Projects/PicoYPlaca/PicoPlacaTest/bin/Debug/PicoPlacaTest.DLL" adapterTypeName="Microsoft.VisualStudio.TestTools.TestTypes.Unit.UnitTestAdapter, Microsoft.VisualStudio.QualityTools.Tips.UnitTest.Adapter, Version=10.0.0.0, Culture=neutral, PublicKeyToken=b03f5f7f11d50a3a" className="PicoPlacaTest.VehicleTest, PicoPlacaTest, Version=1.0.0.0, Culture=neutral, PublicKeyToken=null" name="getPicoPlacaDayOfPlateWhenDayisWednesday1Test" />
    </UnitTest>
    <UnitTest name="getPlateTest" storage="c:\users\davis\documents\visual studio 2010\projects\picoyplaca\picoplacatest\bin\debug\picoplacatest.dll" id="9bc7919b-9f5b-8183-2912-3f4b59690929">
      <Execution id="b81761d1-080e-429c-a64c-7b2c805b878b" />
      <TestMethod codeBase="C:/Users/Davis/Documents/Visual Studio 2010/Projects/PicoYPlaca/PicoPlacaTest/bin/Debug/PicoPlacaTest.DLL" adapterTypeName="Microsoft.VisualStudio.TestTools.TestTypes.Unit.UnitTestAdapter, Microsoft.VisualStudio.QualityTools.Tips.UnitTest.Adapter, Version=10.0.0.0, Culture=neutral, PublicKeyToken=b03f5f7f11d50a3a" className="PicoPlacaTest.VehicleTest, PicoPlacaTest, Version=1.0.0.0, Culture=neutral, PublicKeyToken=null" name="getPlateTest" />
    </UnitTest>
    <UnitTest name="getPicoPlacaDayOfPlateWhenDayisThursday2Test" storage="c:\users\davis\documents\visual studio 2010\projects\picoyplaca\picoplacatest\bin\debug\picoplacatest.dll" id="c172d27d-1725-8d45-ad4b-8b860c8ab8d1">
      <Execution id="81b63b88-0a53-4f56-86e2-fe53218cc67a" />
      <TestMethod codeBase="C:/Users/Davis/Documents/Visual Studio 2010/Projects/PicoYPlaca/PicoPlacaTest/bin/Debug/PicoPlacaTest.DLL" adapterTypeName="Microsoft.VisualStudio.TestTools.TestTypes.Unit.UnitTestAdapter, Microsoft.VisualStudio.QualityTools.Tips.UnitTest.Adapter, Version=10.0.0.0, Culture=neutral, PublicKeyToken=b03f5f7f11d50a3a" className="PicoPlacaTest.VehicleTest, PicoPlacaTest, Version=1.0.0.0, Culture=neutral, PublicKeyToken=null" name="getPicoPlacaDayOfPlateWhenDayisThursday2Test" />
    </UnitTest>
    <UnitTest name="getPicoPlacaDayOfPlateWhenDayisThursday1Test" storage="c:\users\davis\documents\visual studio 2010\projects\picoyplaca\picoplacatest\bin\debug\picoplacatest.dll" id="6b2daf42-7f54-6801-4994-17334ce69f02">
      <Execution id="f9330b8d-2321-44d6-bc34-32474183a24e" />
      <TestMethod codeBase="C:/Users/Davis/Documents/Visual Studio 2010/Projects/PicoYPlaca/PicoPlacaTest/bin/Debug/PicoPlacaTest.DLL" adapterTypeName="Microsoft.VisualStudio.TestTools.TestTypes.Unit.UnitTestAdapter, Microsoft.VisualStudio.QualityTools.Tips.UnitTest.Adapter, Version=10.0.0.0, Culture=neutral, PublicKeyToken=b03f5f7f11d50a3a" className="PicoPlacaTest.VehicleTest, PicoPlacaTest, Version=1.0.0.0, Culture=neutral, PublicKeyToken=null" name="getPicoPlacaDayOfPlateWhenDayisThursday1Test" />
    </UnitTest>
    <UnitTest name="getPicoPlacaDayOfPlateWhenDayisMondayTest" storage="c:\users\davis\documents\visual studio 2010\projects\picoyplaca\picoplacatest\bin\debug\picoplacatest.dll" id="2d1ff8ad-904e-0073-c064-21eb1807380c">
      <Execution id="ddb1381d-3109-43b3-8fcb-8c741aa0d275" />
      <TestMethod codeBase="C:/Users/Davis/Documents/Visual Studio 2010/Projects/PicoYPlaca/PicoPlacaTest/bin/Debug/PicoPlacaTest.DLL" adapterTypeName="Microsoft.VisualStudio.TestTools.TestTypes.Unit.UnitTestAdapter, Microsoft.VisualStudio.QualityTools.Tips.UnitTest.Adapter, Version=10.0.0.0, Culture=neutral, PublicKeyToken=b03f5f7f11d50a3a" className="PicoPlacaTest.VehicleTest, PicoPlacaTest, Version=1.0.0.0, Culture=neutral, PublicKeyToken=null" name="getPicoPlacaDayOfPlateWhenDayisMondayTest" />
    </UnitTest>
    <UnitTest name="getPicoPlacaDayOfPlateWhenDayisFriday2Test" storage="c:\users\davis\documents\visual studio 2010\projects\picoyplaca\picoplacatest\bin\debug\picoplacatest.dll" id="3d03e10e-d7c2-47cc-5052-8d45169888f5">
      <Execution id="8189637a-e199-499d-84a0-c00873bf9371" />
      <TestMethod codeBase="C:/Users/Davis/Documents/Visual Studio 2010/Projects/PicoYPlaca/PicoPlacaTest/bin/Debug/PicoPlacaTest.DLL" adapterTypeName="Microsoft.VisualStudio.TestTools.TestTypes.Unit.UnitTestAdapter, Microsoft.VisualStudio.QualityTools.Tips.UnitTest.Adapter, Version=10.0.0.0, Culture=neutral, PublicKeyToken=b03f5f7f11d50a3a" className="PicoPlacaTest.VehicleTest, PicoPlacaTest, Version=1.0.0.0, Culture=neutral, PublicKeyToken=null" name="getPicoPlacaDayOfPlateWhenDayisFriday2Test" />
    </UnitTest>
    <UnitTest name="hasCorrectFormatWhenIsCorrectTest" storage="c:\users\davis\documents\visual studio 2010\projects\picoyplaca\picoplacatest\bin\debug\picoplacatest.dll" id="ff122efc-5fef-0112-e34a-7da52c9b85d9">
      <Execution id="4388f985-0c9c-4005-85a1-8cba2a0178c4" />
      <TestMethod codeBase="C:/Users/Davis/Documents/Visual Studio 2010/Projects/PicoYPlaca/PicoPlacaTest/bin/Debug/PicoPlacaTest.DLL" adapterTypeName="Microsoft.VisualStudio.TestTools.TestTypes.Unit.UnitTestAdapter, Microsoft.VisualStudio.QualityTools.Tips.UnitTest.Adapter, Version=10.0.0.0, Culture=neutral, PublicKeyToken=b03f5f7f11d50a3a" className="PicoPlacaTest.TimeTest, PicoPlacaTest, Version=1.0.0.0, Culture=neutral, PublicKeyToken=null" name="hasCorrectFormatWhenIsCorrectTest" />
    </UnitTest>
    <UnitTest name="canBeOnRoadTest" storage="c:\users\davis\documents\visual studio 2010\projects\picoyplaca\picoplacatest\bin\debug\picoplacatest.dll" id="6a0bd2e7-3522-a594-1d70-0fba2203656d">
      <Execution id="06f32689-c7a2-4a36-a697-bf8dec054f65" />
      <TestMethod codeBase="C:/Users/Davis/Documents/Visual Studio 2010/Projects/PicoYPlaca/PicoPlacaTest/bin/Debug/PicoPlacaTest.DLL" adapterTypeName="Microsoft.VisualStudio.TestTools.TestTypes.Unit.UnitTestAdapter, Microsoft.VisualStudio.QualityTools.Tips.UnitTest.Adapter, Version=10.0.0.0, Culture=neutral, PublicKeyToken=b03f5f7f11d50a3a" className="PicoPlacaTest.ValidationTest, PicoPlacaTest, Version=1.0.0.0, Culture=neutral, PublicKeyToken=null" name="canBeOnRoadTest" />
    </UnitTest>
    <UnitTest name="checkTimeInIntervalsWhenTimeIsNotInAnyIntervalTest" storage="c:\users\davis\documents\visual studio 2010\projects\picoyplaca\picoplacatest\bin\debug\picoplacatest.dll" id="6c8df1ec-06c0-af4a-79e3-dc6ecb61ad1f">
      <Execution id="2e2e847a-0f95-4d07-ae86-32be7a588d28" />
      <TestMethod codeBase="C:/Users/Davis/Documents/Visual Studio 2010/Projects/PicoYPlaca/PicoPlacaTest/bin/Debug/PicoPlacaTest.DLL" adapterTypeName="Microsoft.VisualStudio.TestTools.TestTypes.Unit.UnitTestAdapter, Microsoft.VisualStudio.QualityTools.Tips.UnitTest.Adapter, Version=10.0.0.0, Culture=neutral, PublicKeyToken=b03f5f7f11d50a3a" className="PicoPlacaTest.TimeTest, PicoPlacaTest, Version=1.0.0.0, Culture=neutral, PublicKeyToken=null" name="checkTimeInIntervalsWhenTimeIsNotInAnyIntervalTest" />
    </UnitTest>
    <UnitTest name="getPicoPlacaDayOfPlateWhenDayisMonday2Test" storage="c:\users\davis\documents\visual studio 2010\projects\picoyplaca\picoplacatest\bin\debug\picoplacatest.dll" id="a636e3ce-8cdf-eec8-1199-ad7cd4869e03">
      <Execution id="248fd5b7-a4af-4504-91e8-7bb0243e61e6" />
      <TestMethod codeBase="C:/Users/Davis/Documents/Visual Studio 2010/Projects/PicoYPlaca/PicoPlacaTest/bin/Debug/PicoPlacaTest.DLL" adapterTypeName="Microsoft.VisualStudio.TestTools.TestTypes.Unit.UnitTestAdapter, Microsoft.VisualStudio.QualityTools.Tips.UnitTest.Adapter, Version=10.0.0.0, Culture=neutral, PublicKeyToken=b03f5f7f11d50a3a" className="PicoPlacaTest.VehicleTest, PicoPlacaTest, Version=1.0.0.0, Culture=neutral, PublicKeyToken=null" name="getPicoPlacaDayOfPlateWhenDayisMonday2Test" />
    </UnitTest>
    <UnitTest name="getPicoPlacaDayOfPlateWhenDayisFriday1Test" storage="c:\users\davis\documents\visual studio 2010\projects\picoyplaca\picoplacatest\bin\debug\picoplacatest.dll" id="066ec1dd-c403-5641-211e-14f03715197e">
      <Execution id="29292c6c-ebb5-4725-909d-11a92fe782fb" />
      <TestMethod codeBase="C:/Users/Davis/Documents/Visual Studio 2010/Projects/PicoYPlaca/PicoPlacaTest/bin/Debug/PicoPlacaTest.DLL" adapterTypeName="Microsoft.VisualStudio.TestTools.TestTypes.Unit.UnitTestAdapter, Microsoft.VisualStudio.QualityTools.Tips.UnitTest.Adapter, Version=10.0.0.0, Culture=neutral, PublicKeyToken=b03f5f7f11d50a3a" className="PicoPlacaTest.VehicleTest, PicoPlacaTest, Version=1.0.0.0, Culture=neutral, PublicKeyToken=null" name="getPicoPlacaDayOfPlateWhenDayisFriday1Test" />
    </UnitTest>
    <UnitTest name="getPicoPlacaDayOfPlateWhenDayisWednesday2Test" storage="c:\users\davis\documents\visual studio 2010\projects\picoyplaca\picoplacatest\bin\debug\picoplacatest.dll" id="5a91918a-c51f-2b31-07d7-443ffbf4b2e6">
      <Execution id="b2aaf7e4-cce0-45d8-8b37-29faa53e52ba" />
      <TestMethod codeBase="C:/Users/Davis/Documents/Visual Studio 2010/Projects/PicoYPlaca/PicoPlacaTest/bin/Debug/PicoPlacaTest.DLL" adapterTypeName="Microsoft.VisualStudio.TestTools.TestTypes.Unit.UnitTestAdapter, Microsoft.VisualStudio.QualityTools.Tips.UnitTest.Adapter, Version=10.0.0.0, Culture=neutral, PublicKeyToken=b03f5f7f11d50a3a" className="PicoPlacaTest.VehicleTest, PicoPlacaTest, Version=1.0.0.0, Culture=neutral, PublicKeyToken=null" name="getPicoPlacaDayOfPlateWhenDayisWednesday2Test" />
    </UnitTest>
    <UnitTest name="DateConstructorTest" storage="c:\users\davis\documents\visual studio 2010\projects\picoyplaca\picoplacatest\bin\debug\picoplacatest.dll" id="7c45eddb-b146-c3c1-aae9-d49646e3bdab">
      <Execution id="3d298e93-c6f8-42e8-8403-e7fcd648acb2" />
      <TestMethod codeBase="C:/Users/Davis/Documents/Visual Studio 2010/Projects/PicoYPlaca/PicoPlacaTest/bin/Debug/PicoPlacaTest.DLL" adapterTypeName="Microsoft.VisualStudio.TestTools.TestTypes.Unit.UnitTestAdapter, Microsoft.VisualStudio.QualityTools.Tips.UnitTest.Adapter, Version=10.0.0.0, Culture=neutral, PublicKeyToken=b03f5f7f11d50a3a" className="PicoPlacaTest.DateTest, PicoPlacaTest, Version=1.0.0.0, Culture=neutral, PublicKeyToken=null" name="DateConstructorTest" />
    </UnitTest>
    <UnitTest name="hasCorrectFormatWhenIsNotCorrectTest" storage="c:\users\davis\documents\visual studio 2010\projects\picoyplaca\picoplacatest\bin\debug\picoplacatest.dll" id="a211ba70-35ec-e259-365b-14fe87d9a523">
      <Execution id="a57b9610-93d0-455a-90ea-1d515406f016" />
      <TestMethod codeBase="C:/Users/Davis/Documents/Visual Studio 2010/Projects/PicoYPlaca/PicoPlacaTest/bin/Debug/PicoPlacaTest.DLL" adapterTypeName="Microsoft.VisualStudio.TestTools.TestTypes.Unit.UnitTestAdapter, Microsoft.VisualStudio.QualityTools.Tips.UnitTest.Adapter, Version=10.0.0.0, Culture=neutral, PublicKeyToken=b03f5f7f11d50a3a" className="PicoPlacaTest.TimeTest, PicoPlacaTest, Version=1.0.0.0, Culture=neutral, PublicKeyToken=null" name="hasCorrectFormatWhenIsNotCorrectTest" />
    </UnitTest>
    <UnitTest name="VehicleConstructorTest" storage="c:\users\davis\documents\visual studio 2010\projects\picoyplaca\picoplacatest\bin\debug\picoplacatest.dll" id="667db6a8-9899-5d57-117e-758449c0fd1e">
      <Execution id="f7fd3c34-808a-4b4f-86df-a20e95c9eb51" />
      <TestMethod codeBase="C:/Users/Davis/Documents/Visual Studio 2010/Projects/PicoYPlaca/PicoPlacaTest/bin/Debug/PicoPlacaTest.DLL" adapterTypeName="Microsoft.VisualStudio.TestTools.TestTypes.Unit.UnitTestAdapter, Microsoft.VisualStudio.QualityTools.Tips.UnitTest.Adapter, Version=10.0.0.0, Culture=neutral, PublicKeyToken=b03f5f7f11d50a3a" className="PicoPlacaTest.VehicleTest, PicoPlacaTest, Version=1.0.0.0, Culture=neutral, PublicKeyToken=null" name="VehicleConstructorTest" />
    </UnitTest>
    <UnitTest name="checkTimeInIntervalsWhenTimeIsInInterval2Test" storage="c:\users\davis\documents\visual studio 2010\projects\picoyplaca\picoplacatest\bin\debug\picoplacatest.dll" id="7477e6a1-93af-227d-19e5-f30e34b27230">
      <Execution id="43e8d8df-f2a4-400b-bb88-619e37247b8a" />
      <TestMethod codeBase="C:/Users/Davis/Documents/Visual Studio 2010/Projects/PicoYPlaca/PicoPlacaTest/bin/Debug/PicoPlacaTest.DLL" adapterTypeName="Microsoft.VisualStudio.TestTools.TestTypes.Unit.UnitTestAdapter, Microsoft.VisualStudio.QualityTools.Tips.UnitTest.Adapter, Version=10.0.0.0, Culture=neutral, PublicKeyToken=b03f5f7f11d50a3a" className="PicoPlacaTest.TimeTest, PicoPlacaTest, Version=1.0.0.0, Culture=neutral, PublicKeyToken=null" name="checkTimeInIntervalsWhenTimeIsInInterval2Test" />
    </UnitTest>
    <UnitTest name="verifyPlateTestWithWrongFormat" storage="c:\users\davis\documents\visual studio 2010\projects\picoyplaca\picoplacatest\bin\debug\picoplacatest.dll" id="0f98023c-16cc-edd9-effa-48857a91e141">
      <Execution id="71bb8ad9-19ad-41a6-95f1-a5798077032d" />
      <TestMethod codeBase="C:/Users/Davis/Documents/Visual Studio 2010/Projects/PicoYPlaca/PicoPlacaTest/bin/Debug/PicoPlacaTest.DLL" adapterTypeName="Microsoft.VisualStudio.TestTools.TestTypes.Unit.UnitTestAdapter, Microsoft.VisualStudio.QualityTools.Tips.UnitTest.Adapter, Version=10.0.0.0, Culture=neutral, PublicKeyToken=b03f5f7f11d50a3a" className="PicoPlacaTest.VehicleTest, PicoPlacaTest, Version=1.0.0.0, Culture=neutral, PublicKeyToken=null" name="verifyPlateTestWithWrongFormat" />
    </UnitTest>
    <UnitTest name="getPicoPlacaDayOfPlateWhenDayisTuesdayTest" storage="c:\users\davis\documents\visual studio 2010\projects\picoyplaca\picoplacatest\bin\debug\picoplacatest.dll" id="b1195f37-acad-2bd4-6150-51b267e10b8e">
      <Execution id="b21c6bc5-8a30-4f46-8452-e24cbb422268" />
      <TestMethod codeBase="C:/Users/Davis/Documents/Visual Studio 2010/Projects/PicoYPlaca/PicoPlacaTest/bin/Debug/PicoPlacaTest.DLL" adapterTypeName="Microsoft.VisualStudio.TestTools.TestTypes.Unit.UnitTestAdapter, Microsoft.VisualStudio.QualityTools.Tips.UnitTest.Adapter, Version=10.0.0.0, Culture=neutral, PublicKeyToken=b03f5f7f11d50a3a" className="PicoPlacaTest.VehicleTest, PicoPlacaTest, Version=1.0.0.0, Culture=neutral, PublicKeyToken=null" name="getPicoPlacaDayOfPlateWhenDayisTuesdayTest" />
    </UnitTest>
    <UnitTest name="checkTimeInIntervalsWhenTimeIsInInterval1Test" storage="c:\users\davis\documents\visual studio 2010\projects\picoyplaca\picoplacatest\bin\debug\picoplacatest.dll" id="b14be646-4889-bafb-827e-dab299e5f65f">
      <Execution id="e99cc516-700d-4791-a4b2-f3e76a48d508" />
      <TestMethod codeBase="C:/Users/Davis/Documents/Visual Studio 2010/Projects/PicoYPlaca/PicoPlacaTest/bin/Debug/PicoPlacaTest.DLL" adapterTypeName="Microsoft.VisualStudio.TestTools.TestTypes.Unit.UnitTestAdapter, Microsoft.VisualStudio.QualityTools.Tips.UnitTest.Adapter, Version=10.0.0.0, Culture=neutral, PublicKeyToken=b03f5f7f11d50a3a" className="PicoPlacaTest.TimeTest, PicoPlacaTest, Version=1.0.0.0, Culture=neutral, PublicKeyToken=null" name="checkTimeInIntervalsWhenTimeIsInInterval1Test" />
    </UnitTest>
    <UnitTest name="getDayOfTheWeekFromDateTest" storage="c:\users\davis\documents\visual studio 2010\projects\picoyplaca\picoplacatest\bin\debug\picoplacatest.dll" id="f481ecc7-e114-aea7-0081-11eb4f98100f">
      <Execution id="42f7b141-1ecf-4a2c-b4b0-b43330b3f68c" />
      <TestMethod codeBase="C:/Users/Davis/Documents/Visual Studio 2010/Projects/PicoYPlaca/PicoPlacaTest/bin/Debug/PicoPlacaTest.DLL" adapterTypeName="Microsoft.VisualStudio.TestTools.TestTypes.Unit.UnitTestAdapter, Microsoft.VisualStudio.QualityTools.Tips.UnitTest.Adapter, Version=10.0.0.0, Culture=neutral, PublicKeyToken=b03f5f7f11d50a3a" className="PicoPlacaTest.DateTest, PicoPlacaTest, Version=1.0.0.0, Culture=neutral, PublicKeyToken=null" name="getDayOfTheWeekFromDateTest" />
    </UnitTest>
    <UnitTest name="PlateTest" storage="c:\users\davis\documents\visual studio 2010\projects\picoyplaca\picoplacatest\bin\debug\picoplacatest.dll" id="ba8bc033-c76e-637c-d4cf-49df988eb7fd">
      <Execution id="ea8f831e-bf7b-4b56-8a71-9abe479352c5" />
      <TestMethod codeBase="C:/Users/Davis/Documents/Visual Studio 2010/Projects/PicoYPlaca/PicoPlacaTest/bin/Debug/PicoPlacaTest.DLL" adapterTypeName="Microsoft.VisualStudio.TestTools.TestTypes.Unit.UnitTestAdapter, Microsoft.VisualStudio.QualityTools.Tips.UnitTest.Adapter, Version=10.0.0.0, Culture=neutral, PublicKeyToken=b03f5f7f11d50a3a" className="PicoPlacaTest.VehicleTest, PicoPlacaTest, Version=1.0.0.0, Culture=neutral, PublicKeyToken=null" name="PlateTest" />
    </UnitTest>
    <UnitTest name="getPicoPlacaDayOfPlateWhenDayisTuesday2Test" storage="c:\users\davis\documents\visual studio 2010\projects\picoyplaca\picoplacatest\bin\debug\picoplacatest.dll" id="d18c4972-fa94-6825-d72f-3596e80cebe2">
      <Execution id="5699d6e4-745a-4a8b-8162-fc0d0d23944e" />
      <TestMethod codeBase="C:/Users/Davis/Documents/Visual Studio 2010/Projects/PicoYPlaca/PicoPlacaTest/bin/Debug/PicoPlacaTest.DLL" adapterTypeName="Microsoft.VisualStudio.TestTools.TestTypes.Unit.UnitTestAdapter, Microsoft.VisualStudio.QualityTools.Tips.UnitTest.Adapter, Version=10.0.0.0, Culture=neutral, PublicKeyToken=b03f5f7f11d50a3a" className="PicoPlacaTest.VehicleTest, PicoPlacaTest, Version=1.0.0.0, Culture=neutral, PublicKeyToken=null" name="getPicoPlacaDayOfPlateWhenDayisTuesday2Test" />
    </UnitTest>
    <UnitTest name="verifyPlateTestWithRightFormat" storage="c:\users\davis\documents\visual studio 2010\projects\picoyplaca\picoplacatest\bin\debug\picoplacatest.dll" id="c891b938-1156-5e72-5902-b4e2ca087abf">
      <Execution id="5974e4ec-0d43-4c57-9685-dd7a7903fd27" />
      <TestMethod codeBase="C:/Users/Davis/Documents/Visual Studio 2010/Projects/PicoYPlaca/PicoPlacaTest/bin/Debug/PicoPlacaTest.DLL" adapterTypeName="Microsoft.VisualStudio.TestTools.TestTypes.Unit.UnitTestAdapter, Microsoft.VisualStudio.QualityTools.Tips.UnitTest.Adapter, Version=10.0.0.0, Culture=neutral, PublicKeyToken=b03f5f7f11d50a3a" className="PicoPlacaTest.VehicleTest, PicoPlacaTest, Version=1.0.0.0, Culture=neutral, PublicKeyToken=null" name="verifyPlateTestWithRightFormat" />
    </UnitTest>
    <UnitTest name="ValidationConstructorTest" storage="c:\users\davis\documents\visual studio 2010\projects\picoyplaca\picoplacatest\bin\debug\picoplacatest.dll" id="9a633d35-bb77-620b-735a-4b2bc2fa526a">
      <Execution id="c3ee1484-665e-4473-bd47-376cebef9b59" />
      <TestMethod codeBase="C:/Users/Davis/Documents/Visual Studio 2010/Projects/PicoYPlaca/PicoPlacaTest/bin/Debug/PicoPlacaTest.DLL" adapterTypeName="Microsoft.VisualStudio.TestTools.TestTypes.Unit.UnitTestAdapter, Microsoft.VisualStudio.QualityTools.Tips.UnitTest.Adapter, Version=10.0.0.0, Culture=neutral, PublicKeyToken=b03f5f7f11d50a3a" className="PicoPlacaTest.ValidationTest, PicoPlacaTest, Version=1.0.0.0, Culture=neutral, PublicKeyToken=null" name="ValidationConstructorTest" />
    </UnitTest>
    <UnitTest name="getPicoPlacaDayOfPlateWhenPlateisIncorrectTest" storage="c:\users\davis\documents\visual studio 2010\projects\picoyplaca\picoplacatest\bin\debug\picoplacatest.dll" id="d0fd6fc2-5467-6a6e-dfa7-6b59a8e3cfa9">
      <Execution id="c09f4cac-5f00-4cdf-8136-b7555831e9be" />
      <TestMethod codeBase="C:/Users/Davis/Documents/Visual Studio 2010/Projects/PicoYPlaca/PicoPlacaTest/bin/Debug/PicoPlacaTest.DLL" adapterTypeName="Microsoft.VisualStudio.TestTools.TestTypes.Unit.UnitTestAdapter, Microsoft.VisualStudio.QualityTools.Tips.UnitTest.Adapter, Version=10.0.0.0, Culture=neutral, PublicKeyToken=b03f5f7f11d50a3a" className="PicoPlacaTest.VehicleTest, PicoPlacaTest, Version=1.0.0.0, Culture=neutral, PublicKeyToken=null" name="getPicoPlacaDayOfPlateWhenPlateisIncorrectTest" />
    </UnitTest>
  </TestDefinitions>
  <TestLists>
    <TestList name="Resultados que no están en la lista" id="8c84fa94-04c1-424b-9868-57a2d4851a1d" />
    <TestList name="Todos los resultados cargados" id="19431567-8539-422a-85d7-44ee4e166bda" />
  </TestLists>
  <TestEntries>
    <TestEntry testId="066ec1dd-c403-5641-211e-14f03715197e" executionId="29292c6c-ebb5-4725-909d-11a92fe782fb" testListId="8c84fa94-04c1-424b-9868-57a2d4851a1d" />
    <TestEntry testId="0f98023c-16cc-edd9-effa-48857a91e141" executionId="71bb8ad9-19ad-41a6-95f1-a5798077032d" testListId="8c84fa94-04c1-424b-9868-57a2d4851a1d" />
    <TestEntry testId="2d1ff8ad-904e-0073-c064-21eb1807380c" executionId="ddb1381d-3109-43b3-8fcb-8c741aa0d275" testListId="8c84fa94-04c1-424b-9868-57a2d4851a1d" />
    <TestEntry testId="3d03e10e-d7c2-47cc-5052-8d45169888f5" executionId="8189637a-e199-499d-84a0-c00873bf9371" testListId="8c84fa94-04c1-424b-9868-57a2d4851a1d" />
    <TestEntry testId="5a91918a-c51f-2b31-07d7-443ffbf4b2e6" executionId="b2aaf7e4-cce0-45d8-8b37-29faa53e52ba" testListId="8c84fa94-04c1-424b-9868-57a2d4851a1d" />
    <TestEntry testId="667db6a8-9899-5d57-117e-758449c0fd1e" executionId="f7fd3c34-808a-4b4f-86df-a20e95c9eb51" testListId="8c84fa94-04c1-424b-9868-57a2d4851a1d" />
    <TestEntry testId="6a0bd2e7-3522-a594-1d70-0fba2203656d" executionId="06f32689-c7a2-4a36-a697-bf8dec054f65" testListId="8c84fa94-04c1-424b-9868-57a2d4851a1d" />
    <TestEntry testId="6b2daf42-7f54-6801-4994-17334ce69f02" executionId="f9330b8d-2321-44d6-bc34-32474183a24e" testListId="8c84fa94-04c1-424b-9868-57a2d4851a1d" />
    <TestEntry testId="6c8df1ec-06c0-af4a-79e3-dc6ecb61ad1f" executionId="2e2e847a-0f95-4d07-ae86-32be7a588d28" testListId="8c84fa94-04c1-424b-9868-57a2d4851a1d" />
    <TestEntry testId="7477e6a1-93af-227d-19e5-f30e34b27230" executionId="43e8d8df-f2a4-400b-bb88-619e37247b8a" testListId="8c84fa94-04c1-424b-9868-57a2d4851a1d" />
    <TestEntry testId="7c45eddb-b146-c3c1-aae9-d49646e3bdab" executionId="3d298e93-c6f8-42e8-8403-e7fcd648acb2" testListId="8c84fa94-04c1-424b-9868-57a2d4851a1d" />
    <TestEntry testId="9a633d35-bb77-620b-735a-4b2bc2fa526a" executionId="c3ee1484-665e-4473-bd47-376cebef9b59" testListId="8c84fa94-04c1-424b-9868-57a2d4851a1d" />
    <TestEntry testId="9bc7919b-9f5b-8183-2912-3f4b59690929" executionId="b81761d1-080e-429c-a64c-7b2c805b878b" testListId="8c84fa94-04c1-424b-9868-57a2d4851a1d" />
    <TestEntry testId="a211ba70-35ec-e259-365b-14fe87d9a523" executionId="a57b9610-93d0-455a-90ea-1d515406f016" testListId="8c84fa94-04c1-424b-9868-57a2d4851a1d" />
    <TestEntry testId="a636e3ce-8cdf-eec8-1199-ad7cd4869e03" executionId="248fd5b7-a4af-4504-91e8-7bb0243e61e6" testListId="8c84fa94-04c1-424b-9868-57a2d4851a1d" />
    <TestEntry testId="b1195f37-acad-2bd4-6150-51b267e10b8e" executionId="b21c6bc5-8a30-4f46-8452-e24cbb422268" testListId="8c84fa94-04c1-424b-9868-57a2d4851a1d" />
    <TestEntry testId="b14be646-4889-bafb-827e-dab299e5f65f" executionId="e99cc516-700d-4791-a4b2-f3e76a48d508" testListId="8c84fa94-04c1-424b-9868-57a2d4851a1d" />
    <TestEntry testId="ba8bc033-c76e-637c-d4cf-49df988eb7fd" executionId="ea8f831e-bf7b-4b56-8a71-9abe479352c5" testListId="8c84fa94-04c1-424b-9868-57a2d4851a1d" />
    <TestEntry testId="c172d27d-1725-8d45-ad4b-8b860c8ab8d1" executionId="81b63b88-0a53-4f56-86e2-fe53218cc67a" testListId="8c84fa94-04c1-424b-9868-57a2d4851a1d" />
    <TestEntry testId="c689a220-8c8b-01b5-be0a-6f4025ccb33b" executionId="f8877a9b-03b1-4aef-9073-e717a3447ec9" testListId="8c84fa94-04c1-424b-9868-57a2d4851a1d" />
    <TestEntry testId="c891b938-1156-5e72-5902-b4e2ca087abf" executionId="5974e4ec-0d43-4c57-9685-dd7a7903fd27" testListId="8c84fa94-04c1-424b-9868-57a2d4851a1d" />
    <TestEntry testId="d0fd6fc2-5467-6a6e-dfa7-6b59a8e3cfa9" executionId="c09f4cac-5f00-4cdf-8136-b7555831e9be" testListId="8c84fa94-04c1-424b-9868-57a2d4851a1d" />
    <TestEntry testId="d18c4972-fa94-6825-d72f-3596e80cebe2" executionId="5699d6e4-745a-4a8b-8162-fc0d0d23944e" testListId="8c84fa94-04c1-424b-9868-57a2d4851a1d" />
    <TestEntry testId="f2e4a6dc-a64e-bf95-7a43-1311308f6220" executionId="53cbe502-bdf9-46a3-9b70-a3f096806ba6" testListId="8c84fa94-04c1-424b-9868-57a2d4851a1d" />
    <TestEntry testId="f481ecc7-e114-aea7-0081-11eb4f98100f" executionId="42f7b141-1ecf-4a2c-b4b0-b43330b3f68c" testListId="8c84fa94-04c1-424b-9868-57a2d4851a1d" />
    <TestEntry testId="ff122efc-5fef-0112-e34a-7da52c9b85d9" executionId="4388f985-0c9c-4005-85a1-8cba2a0178c4" testListId="8c84fa94-04c1-424b-9868-57a2d4851a1d" />
  </TestEntries>
  <Results>
    <UnitTestResult executionId="29292c6c-ebb5-4725-909d-11a92fe782fb" testId="066ec1dd-c403-5641-211e-14f03715197e" testName="getPicoPlacaDayOfPlateWhenDayisFriday1Test" computerName="DAVIS-PC" duration="00:00:00.0316658" startTime="2018-02-28T02:12:22.9531194-05:00" endTime="2018-02-28T02:12:23.8241692-05:00" testType="13cdc9d9-ddb5-4fa4-a97d-d965ccfc6d4b" outcome="Passed" testListId="8c84fa94-04c1-424b-9868-57a2d4851a1d" relativeResultsDirectory="29292c6c-ebb5-4725-909d-11a92fe782fb">
    </UnitTestResult>
    <UnitTestResult executionId="71bb8ad9-19ad-41a6-95f1-a5798077032d" testId="0f98023c-16cc-edd9-effa-48857a91e141" testName="verifyPlateTestWithWrongFormat" computerName="DAVIS-PC" duration="00:00:00.0295437" startTime="2018-02-28T02:12:23.8411702-05:00" endTime="2018-02-28T02:12:23.8761722-05:00" testType="13cdc9d9-ddb5-4fa4-a97d-d965ccfc6d4b" outcome="Passed" testListId="8c84fa94-04c1-424b-9868-57a2d4851a1d" relativeResultsDirectory="71bb8ad9-19ad-41a6-95f1-a5798077032d">
    </UnitTestResult>
    <UnitTestResult executionId="ddb1381d-3109-43b3-8fcb-8c741aa0d275" testId="2d1ff8ad-904e-0073-c064-21eb1807380c" testName="getPicoPlacaDayOfPlateWhenDayisMondayTest" computerName="DAVIS-PC" duration="00:00:00.0314658" startTime="2018-02-28T02:12:23.9081740-05:00" endTime="2018-02-28T02:12:23.9451762-05:00" testType="13cdc9d9-ddb5-4fa4-a97d-d965ccfc6d4b" outcome="Passed" testListId="8c84fa94-04c1-424b-9868-57a2d4851a1d" relativeResultsDirectory="ddb1381d-3109-43b3-8fcb-8c741aa0d275">
    </UnitTestResult>
    <UnitTestResult executionId="8189637a-e199-499d-84a0-c00873bf9371" testId="3d03e10e-d7c2-47cc-5052-8d45169888f5" testName="getPicoPlacaDayOfPlateWhenDayisFriday2Test" computerName="DAVIS-PC" duration="00:00:00.0115492" startTime="2018-02-28T02:12:23.9791781-05:00" endTime="2018-02-28T02:12:23.9941790-05:00" testType="13cdc9d9-ddb5-4fa4-a97d-d965ccfc6d4b" outcome="Passed" testListId="8c84fa94-04c1-424b-9868-57a2d4851a1d" relativeResultsDirectory="8189637a-e199-499d-84a0-c00873bf9371">
    </UnitTestResult>
    <UnitTestResult executionId="b2aaf7e4-cce0-45d8-8b37-29faa53e52ba" testId="5a91918a-c51f-2b31-07d7-443ffbf4b2e6" testName="getPicoPlacaDayOfPlateWhenDayisWednesday2Test" computerName="DAVIS-PC" duration="00:00:00.0023539" startTime="2018-02-28T02:12:23.9961791-05:00" endTime="2018-02-28T02:12:24.0201805-05:00" testType="13cdc9d9-ddb5-4fa4-a97d-d965ccfc6d4b" outcome="Passed" testListId="8c84fa94-04c1-424b-9868-57a2d4851a1d" relativeResultsDirectory="b2aaf7e4-cce0-45d8-8b37-29faa53e52ba">
    </UnitTestResult>
    <UnitTestResult executionId="f7fd3c34-808a-4b4f-86df-a20e95c9eb51" testId="667db6a8-9899-5d57-117e-758449c0fd1e" testName="VehicleConstructorTest" computerName="DAVIS-PC" duration="00:00:00.0048914" startTime="2018-02-28T02:12:24.0331812-05:00" endTime="2018-02-28T02:12:24.0541824-05:00" testType="13cdc9d9-ddb5-4fa4-a97d-d965ccfc6d4b" outcome="Passed" testListId="8c84fa94-04c1-424b-9868-57a2d4851a1d" relativeResultsDirectory="f7fd3c34-808a-4b4f-86df-a20e95c9eb51">
    </UnitTestResult>
    <UnitTestResult executionId="06f32689-c7a2-4a36-a697-bf8dec054f65" testId="6a0bd2e7-3522-a594-1d70-0fba2203656d" testName="canBeOnRoadTest" computerName="DAVIS-PC" duration="00:00:00.0605791" startTime="2018-02-28T02:12:24.0601827-05:00" endTime="2018-02-28T02:12:24.1331869-05:00" testType="13cdc9d9-ddb5-4fa4-a97d-d965ccfc6d4b" outcome="Failed" testListId="8c84fa94-04c1-424b-9868-57a2d4851a1d" relativeResultsDirectory="06f32689-c7a2-4a36-a697-bf8dec054f65">
      <Output>
        <ErrorInfo>
          <Message>Error de Assert.AreEqual. Se esperaba &lt;True&gt;, pero es &lt;False&gt;. </Message>
          <StackTrace>   en PicoPlacaTest.ValidationTest.canBeOnRoadTest() en C:\Users\Davis\Documents\Visual Studio 2010\Projects\PicoYPlaca\PicoPlacaTest\ValidationTest.cs:línea 94
</StackTrace>
        </ErrorInfo>
      </Output>
    </UnitTestResult>
    <UnitTestResult executionId="f9330b8d-2321-44d6-bc34-32474183a24e" testId="6b2daf42-7f54-6801-4994-17334ce69f02" testName="getPicoPlacaDayOfPlateWhenDayisThursday1Test" computerName="DAVIS-PC" duration="00:00:00.0063366" startTime="2018-02-28T02:12:24.1451876-05:00" endTime="2018-02-28T02:12:24.1701890-05:00" testType="13cdc9d9-ddb5-4fa4-a97d-d965ccfc6d4b" outcome="Passed" testListId="8c84fa94-04c1-424b-9868-57a2d4851a1d" relativeResultsDirectory="f9330b8d-2321-44d6-bc34-32474183a24e">
    </UnitTestResult>
    <UnitTestResult executionId="2e2e847a-0f95-4d07-ae86-32be7a588d28" testId="6c8df1ec-06c0-af4a-79e3-dc6ecb61ad1f" testName="checkTimeInIntervalsWhenTimeIsNotInAnyIntervalTest" computerName="DAVIS-PC" duration="00:00:00.0020858" startTime="2018-02-28T02:12:24.1731892-05:00" endTime="2018-02-28T02:12:24.1801896-05:00" testType="13cdc9d9-ddb5-4fa4-a97d-d965ccfc6d4b" outcome="Passed" testListId="8c84fa94-04c1-424b-9868-57a2d4851a1d" relativeResultsDirectory="2e2e847a-0f95-4d07-ae86-32be7a588d28">
    </UnitTestResult>
    <UnitTestResult executionId="43e8d8df-f2a4-400b-bb88-619e37247b8a" testId="7477e6a1-93af-227d-19e5-f30e34b27230" testName="checkTimeInIntervalsWhenTimeIsInInterval2Test" computerName="DAVIS-PC" duration="00:00:00.0026499" startTime="2018-02-28T02:12:24.1921903-05:00" endTime="2018-02-28T02:12:24.2001908-05:00" testType="13cdc9d9-ddb5-4fa4-a97d-d965ccfc6d4b" outcome="Passed" testListId="8c84fa94-04c1-424b-9868-57a2d4851a1d" relativeResultsDirectory="43e8d8df-f2a4-400b-bb88-619e37247b8a">
    </UnitTestResult>
    <UnitTestResult executionId="3d298e93-c6f8-42e8-8403-e7fcd648acb2" testId="7c45eddb-b146-c3c1-aae9-d49646e3bdab" testName="DateConstructorTest" computerName="DAVIS-PC" duration="00:00:00.0004978" startTime="2018-02-28T02:12:24.2131915-05:00" endTime="2018-02-28T02:12:24.2181918-05:00" testType="13cdc9d9-ddb5-4fa4-a97d-d965ccfc6d4b" outcome="Passed" testListId="8c84fa94-04c1-424b-9868-57a2d4851a1d" relativeResultsDirectory="3d298e93-c6f8-42e8-8403-e7fcd648acb2">
    </UnitTestResult>
    <UnitTestResult executionId="c3ee1484-665e-4473-bd47-376cebef9b59" testId="9a633d35-bb77-620b-735a-4b2bc2fa526a" testName="ValidationConstructorTest" computerName="DAVIS-PC" duration="00:00:00.0068554" startTime="2018-02-28T02:12:24.2301925-05:00" endTime="2018-02-28T02:12:24.2421932-05:00" testType="13cdc9d9-ddb5-4fa4-a97d-d965ccfc6d4b" outcome="Passed" testListId="8c84fa94-04c1-424b-9868-57a2d4851a1d" relativeResultsDirectory="c3ee1484-665e-4473-bd47-376cebef9b59">
    </UnitTestResult>
    <UnitTestResult executionId="b81761d1-080e-429c-a64c-7b2c805b878b" testId="9bc7919b-9f5b-8183-2912-3f4b59690929" testName="getPlateTest" computerName="DAVIS-PC" duration="00:00:00.0005588" startTime="2018-02-28T02:12:24.2461934-05:00" endTime="2018-02-28T02:12:24.2561940-05:00" testType="13cdc9d9-ddb5-4fa4-a97d-d965ccfc6d4b" outcome="Passed" testListId="8c84fa94-04c1-424b-9868-57a2d4851a1d" relativeResultsDirectory="b81761d1-080e-429c-a64c-7b2c805b878b">
    </UnitTestResult>
    <UnitTestResult executionId="a57b9610-93d0-455a-90ea-1d515406f016" testId="a211ba70-35ec-e259-365b-14fe87d9a523" testName="hasCorrectFormatWhenIsNotCorrectTest" computerName="DAVIS-PC" duration="00:00:00.0072935" startTime="2018-02-28T02:12:24.2581941-05:00" endTime="2018-02-28T02:12:24.2781952-05:00" testType="13cdc9d9-ddb5-4fa4-a97d-d965ccfc6d4b" outcome="Passed" testListId="8c84fa94-04c1-424b-9868-57a2d4851a1d" relativeResultsDirectory="a57b9610-93d0-455a-90ea-1d515406f016">
    </UnitTestResult>
    <UnitTestResult executionId="248fd5b7-a4af-4504-91e8-7bb0243e61e6" testId="a636e3ce-8cdf-eec8-1199-ad7cd4869e03" testName="getPicoPlacaDayOfPlateWhenDayisMonday2Test" computerName="DAVIS-PC" duration="00:00:00.0067304" startTime="2018-02-28T02:12:24.2901959-05:00" endTime="2018-02-28T02:12:24.3021966-05:00" testType="13cdc9d9-ddb5-4fa4-a97d-d965ccfc6d4b" outcome="Passed" testListId="8c84fa94-04c1-424b-9868-57a2d4851a1d" relativeResultsDirectory="248fd5b7-a4af-4504-91e8-7bb0243e61e6">
    </UnitTestResult>
    <UnitTestResult executionId="b21c6bc5-8a30-4f46-8452-e24cbb422268" testId="b1195f37-acad-2bd4-6150-51b267e10b8e" testName="getPicoPlacaDayOfPlateWhenDayisTuesdayTest" computerName="DAVIS-PC" duration="00:00:00.0059100" startTime="2018-02-28T02:12:24.3151973-05:00" endTime="2018-02-28T02:12:24.3241978-05:00" testType="13cdc9d9-ddb5-4fa4-a97d-d965ccfc6d4b" outcome="Passed" testListId="8c84fa94-04c1-424b-9868-57a2d4851a1d" relativeResultsDirectory="b21c6bc5-8a30-4f46-8452-e24cbb422268">
    </UnitTestResult>
    <UnitTestResult executionId="e99cc516-700d-4791-a4b2-f3e76a48d508" testId="b14be646-4889-bafb-827e-dab299e5f65f" testName="checkTimeInIntervalsWhenTimeIsInInterval1Test" computerName="DAVIS-PC" duration="00:00:00.0059554" startTime="2018-02-28T02:12:24.3311982-05:00" endTime="2018-02-28T02:12:24.3411988-05:00" testType="13cdc9d9-ddb5-4fa4-a97d-d965ccfc6d4b" outcome="Passed" testListId="8c84fa94-04c1-424b-9868-57a2d4851a1d" relativeResultsDirectory="e99cc516-700d-4791-a4b2-f3e76a48d508">
    </UnitTestResult>
    <UnitTestResult executionId="ea8f831e-bf7b-4b56-8a71-9abe479352c5" testId="ba8bc033-c76e-637c-d4cf-49df988eb7fd" testName="PlateTest" computerName="DAVIS-PC" duration="00:00:00.0050279" startTime="2018-02-28T02:12:24.3541996-05:00" endTime="2018-02-28T02:12:24.3642001-05:00" testType="13cdc9d9-ddb5-4fa4-a97d-d965ccfc6d4b" outcome="Passed" testListId="8c84fa94-04c1-424b-9868-57a2d4851a1d" relativeResultsDirectory="ea8f831e-bf7b-4b56-8a71-9abe479352c5">
    </UnitTestResult>
    <UnitTestResult executionId="81b63b88-0a53-4f56-86e2-fe53218cc67a" testId="c172d27d-1725-8d45-ad4b-8b860c8ab8d1" testName="getPicoPlacaDayOfPlateWhenDayisThursday2Test" computerName="DAVIS-PC" duration="00:00:00.0003361" startTime="2018-02-28T02:12:24.3692004-05:00" endTime="2018-02-28T02:12:24.3732006-05:00" testType="13cdc9d9-ddb5-4fa4-a97d-d965ccfc6d4b" outcome="Passed" testListId="8c84fa94-04c1-424b-9868-57a2d4851a1d" relativeResultsDirectory="81b63b88-0a53-4f56-86e2-fe53218cc67a">
    </UnitTestResult>
    <UnitTestResult executionId="f8877a9b-03b1-4aef-9073-e717a3447ec9" testId="c689a220-8c8b-01b5-be0a-6f4025ccb33b" testName="TimeConstructorTest" computerName="DAVIS-PC" duration="00:00:00.0283421" startTime="2018-02-28T02:12:24.3842013-05:00" endTime="2018-02-28T02:12:24.4162031-05:00" testType="13cdc9d9-ddb5-4fa4-a97d-d965ccfc6d4b" outcome="Passed" testListId="8c84fa94-04c1-424b-9868-57a2d4851a1d" relativeResultsDirectory="f8877a9b-03b1-4aef-9073-e717a3447ec9">
    </UnitTestResult>
    <UnitTestResult executionId="5974e4ec-0d43-4c57-9685-dd7a7903fd27" testId="c891b938-1156-5e72-5902-b4e2ca087abf" testName="verifyPlateTestWithRightFormat" computerName="DAVIS-PC" duration="00:00:00.0061300" startTime="2018-02-28T02:12:24.4322040-05:00" endTime="2018-02-28T02:12:24.4612057-05:00" testType="13cdc9d9-ddb5-4fa4-a97d-d965ccfc6d4b" outcome="Passed" testListId="8c84fa94-04c1-424b-9868-57a2d4851a1d" relativeResultsDirectory="5974e4ec-0d43-4c57-9685-dd7a7903fd27">
    </UnitTestResult>
    <UnitTestResult executionId="c09f4cac-5f00-4cdf-8136-b7555831e9be" testId="d0fd6fc2-5467-6a6e-dfa7-6b59a8e3cfa9" testName="getPicoPlacaDayOfPlateWhenPlateisIncorrectTest" computerName="DAVIS-PC" duration="00:00:00.0014096" startTime="2018-02-28T02:12:24.4722063-05:00" endTime="2018-02-28T02:12:24.4872072-05:00" testType="13cdc9d9-ddb5-4fa4-a97d-d965ccfc6d4b" outcome="Passed" testListId="8c84fa94-04c1-424b-9868-57a2d4851a1d" relativeResultsDirectory="c09f4cac-5f00-4cdf-8136-b7555831e9be">
    </UnitTestResult>
    <UnitTestResult executionId="5699d6e4-745a-4a8b-8162-fc0d0d23944e" testId="d18c4972-fa94-6825-d72f-3596e80cebe2" testName="getPicoPlacaDayOfPlateWhenDayisTuesday2Test" computerName="DAVIS-PC" duration="00:00:00.0077026" startTime="2018-02-28T02:12:24.4892073-05:00" endTime="2018-02-28T02:12:24.5182089-05:00" testType="13cdc9d9-ddb5-4fa4-a97d-d965ccfc6d4b" outcome="Passed" testListId="8c84fa94-04c1-424b-9868-57a2d4851a1d" relativeResultsDirectory="5699d6e4-745a-4a8b-8162-fc0d0d23944e">
    </UnitTestResult>
    <UnitTestResult executionId="53cbe502-bdf9-46a3-9b70-a3f096806ba6" testId="f2e4a6dc-a64e-bf95-7a43-1311308f6220" testName="getPicoPlacaDayOfPlateWhenDayisWednesday1Test" computerName="DAVIS-PC" duration="00:00:00.0050635" startTime="2018-02-28T02:12:24.5212091-05:00" endTime="2018-02-28T02:12:24.5402102-05:00" testType="13cdc9d9-ddb5-4fa4-a97d-d965ccfc6d4b" outcome="Passed" testListId="8c84fa94-04c1-424b-9868-57a2d4851a1d" relativeResultsDirectory="53cbe502-bdf9-46a3-9b70-a3f096806ba6">
    </UnitTestResult>
    <UnitTestResult executionId="42f7b141-1ecf-4a2c-b4b0-b43330b3f68c" testId="f481ecc7-e114-aea7-0081-11eb4f98100f" testName="getDayOfTheWeekFromDateTest" computerName="DAVIS-PC" duration="00:00:00.0058824" startTime="2018-02-28T02:12:24.5482107-05:00" endTime="2018-02-28T02:12:24.5592113-05:00" testType="13cdc9d9-ddb5-4fa4-a97d-d965ccfc6d4b" outcome="Passed" testListId="8c84fa94-04c1-424b-9868-57a2d4851a1d" relativeResultsDirectory="42f7b141-1ecf-4a2c-b4b0-b43330b3f68c">
    </UnitTestResult>
    <UnitTestResult executionId="4388f985-0c9c-4005-85a1-8cba2a0178c4" testId="ff122efc-5fef-0112-e34a-7da52c9b85d9" testName="hasCorrectFormatWhenIsCorrectTest" computerName="DAVIS-PC" duration="00:00:00.0049811" startTime="2018-02-28T02:12:24.5642116-05:00" endTime="2018-02-28T02:12:24.5742121-05:00" testType="13cdc9d9-ddb5-4fa4-a97d-d965ccfc6d4b" outcome="Passed" testListId="8c84fa94-04c1-424b-9868-57a2d4851a1d" relativeResultsDirectory="4388f985-0c9c-4005-85a1-8cba2a0178c4">
    </UnitTestResult>
  </Results>
</TestRun>